[0.071s] DEBUG:colcon:Command line arguments: ['/usr/bin/colcon', 'build', '--symlink-install']
[0.071s] DEBUG:colcon:Parsed command line arguments: Namespace(log_base=None, log_level=None, verb_name='build', build_base='build', install_base='install', merge_install=False, symlink_install=True, test_result_base=None, continue_on_error=False, executor='parallel', parallel_workers=16, event_handlers=None, ignore_user_meta=False, metas=['./colcon.meta'], base_paths=['.'], packages_ignore=None, packages_ignore_regex=None, paths=None, packages_up_to=None, packages_up_to_regex=None, packages_above=None, packages_above_and_dependencies=None, packages_above_depth=None, packages_select_by_dep=None, packages_skip_by_dep=None, packages_skip_up_to=None, packages_select_build_failed=False, packages_skip_build_finished=False, packages_select_test_failures=False, packages_skip_test_passed=False, packages_select=None, packages_skip=None, packages_select_regex=None, packages_skip_regex=None, packages_start=None, packages_end=None, allow_overriding=[], cmake_args=None, cmake_target=None, cmake_target_skip_unavailable=False, cmake_clean_cache=False, cmake_clean_first=False, cmake_force_configure=False, ament_cmake_args=None, catkin_cmake_args=None, catkin_skip_building_tests=False, mixin_files=None, mixin=None, verb_parser=<colcon_mixin.mixin.mixin_argument.MixinArgumentDecorator object at 0x724650571570>, verb_extension=<colcon_core.verb.build.BuildVerb object at 0x724650571090>, main=<bound method BuildVerb.main of <colcon_core.verb.build.BuildVerb object at 0x724650571090>>, mixin_verb=('build',))
[0.197s] Level 1:colcon.colcon_core.package_discovery:discover_packages(colcon_meta) check parameters
[0.198s] Level 1:colcon.colcon_core.package_discovery:discover_packages(recursive) check parameters
[0.198s] Level 1:colcon.colcon_core.package_discovery:discover_packages(ignore) check parameters
[0.198s] Level 1:colcon.colcon_core.package_discovery:discover_packages(path) check parameters
[0.198s] Level 1:colcon.colcon_core.package_discovery:discover_packages(colcon_meta) discover
[0.198s] Level 1:colcon.colcon_core.package_discovery:discover_packages(recursive) discover
[0.198s] INFO:colcon.colcon_core.package_discovery:Crawling recursively for packages in '/home/sungbhin/hpc'
[0.198s] Level 1:colcon.colcon_core.package_identification:_identify(.) by extensions ['ignore', 'ignore_ament_install']
[0.198s] Level 1:colcon.colcon_core.package_identification:_identify(.) by extension 'ignore'
[0.198s] Level 1:colcon.colcon_core.package_identification:_identify(.) by extension 'ignore_ament_install'
[0.198s] Level 1:colcon.colcon_core.package_identification:_identify(.) by extensions ['colcon_pkg']
[0.198s] Level 1:colcon.colcon_core.package_identification:_identify(.) by extension 'colcon_pkg'
[0.198s] Level 1:colcon.colcon_core.package_identification:_identify(.) by extensions ['colcon_meta']
[0.198s] Level 1:colcon.colcon_core.package_identification:_identify(.) by extension 'colcon_meta'
[0.198s] Level 1:colcon.colcon_core.package_identification:_identify(.) by extensions ['ros']
[0.198s] Level 1:colcon.colcon_core.package_identification:_identify(.) by extension 'ros'
[0.212s] Level 1:colcon.colcon_core.package_identification:_identify(.) by extensions ['cmake', 'python']
[0.212s] Level 1:colcon.colcon_core.package_identification:_identify(.) by extension 'cmake'
[0.212s] Level 1:colcon.colcon_core.package_identification:_identify(.) by extension 'python'
[0.213s] Level 1:colcon.colcon_core.package_identification:_identify(.) by extensions ['python_setup_py']
[0.213s] Level 1:colcon.colcon_core.package_identification:_identify(.) by extension 'python_setup_py'
[0.213s] Level 1:colcon.colcon_core.package_identification:_identify(build) by extensions ['ignore', 'ignore_ament_install']
[0.213s] Level 1:colcon.colcon_core.package_identification:_identify(build) by extension 'ignore'
[0.213s] Level 1:colcon.colcon_core.package_identification:_identify(build) ignored
[0.213s] Level 1:colcon.colcon_core.package_identification:_identify(install) by extensions ['ignore', 'ignore_ament_install']
[0.213s] Level 1:colcon.colcon_core.package_identification:_identify(install) by extension 'ignore'
[0.213s] Level 1:colcon.colcon_core.package_identification:_identify(install) ignored
[0.213s] Level 1:colcon.colcon_core.package_identification:_identify(log) by extensions ['ignore', 'ignore_ament_install']
[0.213s] Level 1:colcon.colcon_core.package_identification:_identify(log) by extension 'ignore'
[0.213s] Level 1:colcon.colcon_core.package_identification:_identify(log) ignored
[0.213s] Level 1:colcon.colcon_core.package_identification:_identify(src) by extensions ['ignore', 'ignore_ament_install']
[0.213s] Level 1:colcon.colcon_core.package_identification:_identify(src) by extension 'ignore'
[0.213s] Level 1:colcon.colcon_core.package_identification:_identify(src) by extension 'ignore_ament_install'
[0.213s] Level 1:colcon.colcon_core.package_identification:_identify(src) by extensions ['colcon_pkg']
[0.213s] Level 1:colcon.colcon_core.package_identification:_identify(src) by extension 'colcon_pkg'
[0.213s] Level 1:colcon.colcon_core.package_identification:_identify(src) by extensions ['colcon_meta']
[0.213s] Level 1:colcon.colcon_core.package_identification:_identify(src) by extension 'colcon_meta'
[0.213s] Level 1:colcon.colcon_core.package_identification:_identify(src) by extensions ['ros']
[0.213s] Level 1:colcon.colcon_core.package_identification:_identify(src) by extension 'ros'
[0.213s] Level 1:colcon.colcon_core.package_identification:_identify(src) by extensions ['cmake', 'python']
[0.213s] Level 1:colcon.colcon_core.package_identification:_identify(src) by extension 'cmake'
[0.213s] Level 1:colcon.colcon_core.package_identification:_identify(src) by extension 'python'
[0.213s] Level 1:colcon.colcon_core.package_identification:_identify(src) by extensions ['python_setup_py']
[0.213s] Level 1:colcon.colcon_core.package_identification:_identify(src) by extension 'python_setup_py'
[0.214s] Level 1:colcon.colcon_core.package_identification:_identify(src/camera_perception_pkg) by extensions ['ignore', 'ignore_ament_install']
[0.214s] Level 1:colcon.colcon_core.package_identification:_identify(src/camera_perception_pkg) by extension 'ignore'
[0.214s] Level 1:colcon.colcon_core.package_identification:_identify(src/camera_perception_pkg) by extension 'ignore_ament_install'
[0.214s] Level 1:colcon.colcon_core.package_identification:_identify(src/camera_perception_pkg) by extensions ['colcon_pkg']
[0.214s] Level 1:colcon.colcon_core.package_identification:_identify(src/camera_perception_pkg) by extension 'colcon_pkg'
[0.214s] Level 1:colcon.colcon_core.package_identification:_identify(src/camera_perception_pkg) by extensions ['colcon_meta']
[0.214s] Level 1:colcon.colcon_core.package_identification:_identify(src/camera_perception_pkg) by extension 'colcon_meta'
[0.214s] Level 1:colcon.colcon_core.package_identification:_identify(src/camera_perception_pkg) by extensions ['ros']
[0.214s] Level 1:colcon.colcon_core.package_identification:_identify(src/camera_perception_pkg) by extension 'ros'
[0.215s] DEBUG:colcon.colcon_core.package_identification:Package 'src/camera_perception_pkg' with type 'ros.ament_python' and name 'camera_perception_pkg'
[0.216s] Level 1:colcon.colcon_core.package_identification:_identify(src/control) by extensions ['ignore', 'ignore_ament_install']
[0.216s] Level 1:colcon.colcon_core.package_identification:_identify(src/control) by extension 'ignore'
[0.216s] Level 1:colcon.colcon_core.package_identification:_identify(src/control) by extension 'ignore_ament_install'
[0.216s] Level 1:colcon.colcon_core.package_identification:_identify(src/control) by extensions ['colcon_pkg']
[0.216s] Level 1:colcon.colcon_core.package_identification:_identify(src/control) by extension 'colcon_pkg'
[0.216s] Level 1:colcon.colcon_core.package_identification:_identify(src/control) by extensions ['colcon_meta']
[0.216s] Level 1:colcon.colcon_core.package_identification:_identify(src/control) by extension 'colcon_meta'
[0.216s] Level 1:colcon.colcon_core.package_identification:_identify(src/control) by extensions ['ros']
[0.216s] Level 1:colcon.colcon_core.package_identification:_identify(src/control) by extension 'ros'
[0.216s] Level 1:colcon.colcon_core.package_identification:_identify(src/control) by extensions ['cmake', 'python']
[0.216s] Level 1:colcon.colcon_core.package_identification:_identify(src/control) by extension 'cmake'
[0.216s] Level 1:colcon.colcon_core.package_identification:_identify(src/control) by extension 'python'
[0.216s] Level 1:colcon.colcon_core.package_identification:_identify(src/control) by extensions ['python_setup_py']
[0.216s] Level 1:colcon.colcon_core.package_identification:_identify(src/control) by extension 'python_setup_py'
[0.216s] Level 1:colcon.colcon_core.package_identification:_identify(src/control/check_variable_resistor) by extensions ['ignore', 'ignore_ament_install']
[0.216s] Level 1:colcon.colcon_core.package_identification:_identify(src/control/check_variable_resistor) by extension 'ignore'
[0.216s] Level 1:colcon.colcon_core.package_identification:_identify(src/control/check_variable_resistor) by extension 'ignore_ament_install'
[0.216s] Level 1:colcon.colcon_core.package_identification:_identify(src/control/check_variable_resistor) by extensions ['colcon_pkg']
[0.216s] Level 1:colcon.colcon_core.package_identification:_identify(src/control/check_variable_resistor) by extension 'colcon_pkg'
[0.216s] Level 1:colcon.colcon_core.package_identification:_identify(src/control/check_variable_resistor) by extensions ['colcon_meta']
[0.216s] Level 1:colcon.colcon_core.package_identification:_identify(src/control/check_variable_resistor) by extension 'colcon_meta'
[0.216s] Level 1:colcon.colcon_core.package_identification:_identify(src/control/check_variable_resistor) by extensions ['ros']
[0.216s] Level 1:colcon.colcon_core.package_identification:_identify(src/control/check_variable_resistor) by extension 'ros'
[0.216s] Level 1:colcon.colcon_core.package_identification:_identify(src/control/check_variable_resistor) by extensions ['cmake', 'python']
[0.216s] Level 1:colcon.colcon_core.package_identification:_identify(src/control/check_variable_resistor) by extension 'cmake'
[0.216s] Level 1:colcon.colcon_core.package_identification:_identify(src/control/check_variable_resistor) by extension 'python'
[0.216s] Level 1:colcon.colcon_core.package_identification:_identify(src/control/check_variable_resistor) by extensions ['python_setup_py']
[0.216s] Level 1:colcon.colcon_core.package_identification:_identify(src/control/check_variable_resistor) by extension 'python_setup_py'
[0.217s] Level 1:colcon.colcon_core.package_identification:_identify(src/control/driving) by extensions ['ignore', 'ignore_ament_install']
[0.217s] Level 1:colcon.colcon_core.package_identification:_identify(src/control/driving) by extension 'ignore'
[0.217s] Level 1:colcon.colcon_core.package_identification:_identify(src/control/driving) by extension 'ignore_ament_install'
[0.217s] Level 1:colcon.colcon_core.package_identification:_identify(src/control/driving) by extensions ['colcon_pkg']
[0.217s] Level 1:colcon.colcon_core.package_identification:_identify(src/control/driving) by extension 'colcon_pkg'
[0.217s] Level 1:colcon.colcon_core.package_identification:_identify(src/control/driving) by extensions ['colcon_meta']
[0.217s] Level 1:colcon.colcon_core.package_identification:_identify(src/control/driving) by extension 'colcon_meta'
[0.217s] Level 1:colcon.colcon_core.package_identification:_identify(src/control/driving) by extensions ['ros']
[0.217s] Level 1:colcon.colcon_core.package_identification:_identify(src/control/driving) by extension 'ros'
[0.217s] Level 1:colcon.colcon_core.package_identification:_identify(src/control/driving) by extensions ['cmake', 'python']
[0.217s] Level 1:colcon.colcon_core.package_identification:_identify(src/control/driving) by extension 'cmake'
[0.217s] Level 1:colcon.colcon_core.package_identification:_identify(src/control/driving) by extension 'python'
[0.217s] Level 1:colcon.colcon_core.package_identification:_identify(src/control/driving) by extensions ['python_setup_py']
[0.217s] Level 1:colcon.colcon_core.package_identification:_identify(src/control/driving) by extension 'python_setup_py'
[0.217s] Level 1:colcon.colcon_core.package_identification:_identify(src/control/motor_test) by extensions ['ignore', 'ignore_ament_install']
[0.217s] Level 1:colcon.colcon_core.package_identification:_identify(src/control/motor_test) by extension 'ignore'
[0.217s] Level 1:colcon.colcon_core.package_identification:_identify(src/control/motor_test) by extension 'ignore_ament_install'
[0.217s] Level 1:colcon.colcon_core.package_identification:_identify(src/control/motor_test) by extensions ['colcon_pkg']
[0.217s] Level 1:colcon.colcon_core.package_identification:_identify(src/control/motor_test) by extension 'colcon_pkg'
[0.217s] Level 1:colcon.colcon_core.package_identification:_identify(src/control/motor_test) by extensions ['colcon_meta']
[0.217s] Level 1:colcon.colcon_core.package_identification:_identify(src/control/motor_test) by extension 'colcon_meta'
[0.217s] Level 1:colcon.colcon_core.package_identification:_identify(src/control/motor_test) by extensions ['ros']
[0.217s] Level 1:colcon.colcon_core.package_identification:_identify(src/control/motor_test) by extension 'ros'
[0.217s] Level 1:colcon.colcon_core.package_identification:_identify(src/control/motor_test) by extensions ['cmake', 'python']
[0.217s] Level 1:colcon.colcon_core.package_identification:_identify(src/control/motor_test) by extension 'cmake'
[0.217s] Level 1:colcon.colcon_core.package_identification:_identify(src/control/motor_test) by extension 'python'
[0.217s] Level 1:colcon.colcon_core.package_identification:_identify(src/control/motor_test) by extensions ['python_setup_py']
[0.217s] Level 1:colcon.colcon_core.package_identification:_identify(src/control/motor_test) by extension 'python_setup_py'
[0.217s] Level 1:colcon.colcon_core.package_identification:_identify(src/data_collection) by extensions ['ignore', 'ignore_ament_install']
[0.217s] Level 1:colcon.colcon_core.package_identification:_identify(src/data_collection) by extension 'ignore'
[0.217s] Level 1:colcon.colcon_core.package_identification:_identify(src/data_collection) by extension 'ignore_ament_install'
[0.218s] Level 1:colcon.colcon_core.package_identification:_identify(src/data_collection) by extensions ['colcon_pkg']
[0.218s] Level 1:colcon.colcon_core.package_identification:_identify(src/data_collection) by extension 'colcon_pkg'
[0.218s] Level 1:colcon.colcon_core.package_identification:_identify(src/data_collection) by extensions ['colcon_meta']
[0.218s] Level 1:colcon.colcon_core.package_identification:_identify(src/data_collection) by extension 'colcon_meta'
[0.218s] Level 1:colcon.colcon_core.package_identification:_identify(src/data_collection) by extensions ['ros']
[0.218s] Level 1:colcon.colcon_core.package_identification:_identify(src/data_collection) by extension 'ros'
[0.218s] Level 1:colcon.colcon_core.package_identification:_identify(src/data_collection) by extensions ['cmake', 'python']
[0.218s] Level 1:colcon.colcon_core.package_identification:_identify(src/data_collection) by extension 'cmake'
[0.218s] Level 1:colcon.colcon_core.package_identification:_identify(src/data_collection) by extension 'python'
[0.218s] Level 1:colcon.colcon_core.package_identification:_identify(src/data_collection) by extensions ['python_setup_py']
[0.218s] Level 1:colcon.colcon_core.package_identification:_identify(src/data_collection) by extension 'python_setup_py'
[0.218s] Level 1:colcon.colcon_core.package_identification:_identify(src/debug_pkg) by extensions ['ignore', 'ignore_ament_install']
[0.218s] Level 1:colcon.colcon_core.package_identification:_identify(src/debug_pkg) by extension 'ignore'
[0.218s] Level 1:colcon.colcon_core.package_identification:_identify(src/debug_pkg) by extension 'ignore_ament_install'
[0.218s] Level 1:colcon.colcon_core.package_identification:_identify(src/debug_pkg) by extensions ['colcon_pkg']
[0.218s] Level 1:colcon.colcon_core.package_identification:_identify(src/debug_pkg) by extension 'colcon_pkg'
[0.218s] Level 1:colcon.colcon_core.package_identification:_identify(src/debug_pkg) by extensions ['colcon_meta']
[0.218s] Level 1:colcon.colcon_core.package_identification:_identify(src/debug_pkg) by extension 'colcon_meta'
[0.218s] Level 1:colcon.colcon_core.package_identification:_identify(src/debug_pkg) by extensions ['ros']
[0.218s] Level 1:colcon.colcon_core.package_identification:_identify(src/debug_pkg) by extension 'ros'
[0.218s] DEBUG:colcon.colcon_core.package_identification:Package 'src/debug_pkg' with type 'ros.ament_python' and name 'debug_pkg'
[0.218s] Level 1:colcon.colcon_core.package_identification:_identify(src/decision_making_pkg) by extensions ['ignore', 'ignore_ament_install']
[0.218s] Level 1:colcon.colcon_core.package_identification:_identify(src/decision_making_pkg) by extension 'ignore'
[0.219s] Level 1:colcon.colcon_core.package_identification:_identify(src/decision_making_pkg) by extension 'ignore_ament_install'
[0.219s] Level 1:colcon.colcon_core.package_identification:_identify(src/decision_making_pkg) by extensions ['colcon_pkg']
[0.219s] Level 1:colcon.colcon_core.package_identification:_identify(src/decision_making_pkg) by extension 'colcon_pkg'
[0.219s] Level 1:colcon.colcon_core.package_identification:_identify(src/decision_making_pkg) by extensions ['colcon_meta']
[0.219s] Level 1:colcon.colcon_core.package_identification:_identify(src/decision_making_pkg) by extension 'colcon_meta'
[0.219s] Level 1:colcon.colcon_core.package_identification:_identify(src/decision_making_pkg) by extensions ['ros']
[0.219s] Level 1:colcon.colcon_core.package_identification:_identify(src/decision_making_pkg) by extension 'ros'
[0.219s] DEBUG:colcon.colcon_core.package_identification:Package 'src/decision_making_pkg' with type 'ros.ament_python' and name 'decision_making_pkg'
[0.219s] Level 1:colcon.colcon_core.package_identification:_identify(src/interfaces_pkg) by extensions ['ignore', 'ignore_ament_install']
[0.219s] Level 1:colcon.colcon_core.package_identification:_identify(src/interfaces_pkg) by extension 'ignore'
[0.219s] Level 1:colcon.colcon_core.package_identification:_identify(src/interfaces_pkg) by extension 'ignore_ament_install'
[0.219s] Level 1:colcon.colcon_core.package_identification:_identify(src/interfaces_pkg) by extensions ['colcon_pkg']
[0.219s] Level 1:colcon.colcon_core.package_identification:_identify(src/interfaces_pkg) by extension 'colcon_pkg'
[0.219s] Level 1:colcon.colcon_core.package_identification:_identify(src/interfaces_pkg) by extensions ['colcon_meta']
[0.219s] Level 1:colcon.colcon_core.package_identification:_identify(src/interfaces_pkg) by extension 'colcon_meta'
[0.219s] Level 1:colcon.colcon_core.package_identification:_identify(src/interfaces_pkg) by extensions ['ros']
[0.219s] Level 1:colcon.colcon_core.package_identification:_identify(src/interfaces_pkg) by extension 'ros'
[0.220s] DEBUG:colcon.colcon_core.package_identification:Package 'src/interfaces_pkg' with type 'ros.ament_cmake' and name 'interfaces_pkg'
[0.220s] Level 1:colcon.colcon_core.package_identification:_identify(src/lidar_perception_pkg) by extensions ['ignore', 'ignore_ament_install']
[0.220s] Level 1:colcon.colcon_core.package_identification:_identify(src/lidar_perception_pkg) by extension 'ignore'
[0.220s] Level 1:colcon.colcon_core.package_identification:_identify(src/lidar_perception_pkg) by extension 'ignore_ament_install'
[0.220s] Level 1:colcon.colcon_core.package_identification:_identify(src/lidar_perception_pkg) by extensions ['colcon_pkg']
[0.220s] Level 1:colcon.colcon_core.package_identification:_identify(src/lidar_perception_pkg) by extension 'colcon_pkg'
[0.220s] Level 1:colcon.colcon_core.package_identification:_identify(src/lidar_perception_pkg) by extensions ['colcon_meta']
[0.220s] Level 1:colcon.colcon_core.package_identification:_identify(src/lidar_perception_pkg) by extension 'colcon_meta'
[0.220s] Level 1:colcon.colcon_core.package_identification:_identify(src/lidar_perception_pkg) by extensions ['ros']
[0.220s] Level 1:colcon.colcon_core.package_identification:_identify(src/lidar_perception_pkg) by extension 'ros'
[0.220s] DEBUG:colcon.colcon_core.package_identification:Package 'src/lidar_perception_pkg' with type 'ros.ament_python' and name 'lidar_perception_pkg'
[0.221s] Level 1:colcon.colcon_core.package_identification:_identify(src/serial_communication_pkg) by extensions ['ignore', 'ignore_ament_install']
[0.221s] Level 1:colcon.colcon_core.package_identification:_identify(src/serial_communication_pkg) by extension 'ignore'
[0.221s] Level 1:colcon.colcon_core.package_identification:_identify(src/serial_communication_pkg) by extension 'ignore_ament_install'
[0.221s] Level 1:colcon.colcon_core.package_identification:_identify(src/serial_communication_pkg) by extensions ['colcon_pkg']
[0.221s] Level 1:colcon.colcon_core.package_identification:_identify(src/serial_communication_pkg) by extension 'colcon_pkg'
[0.221s] Level 1:colcon.colcon_core.package_identification:_identify(src/serial_communication_pkg) by extensions ['colcon_meta']
[0.221s] Level 1:colcon.colcon_core.package_identification:_identify(src/serial_communication_pkg) by extension 'colcon_meta'
[0.221s] Level 1:colcon.colcon_core.package_identification:_identify(src/serial_communication_pkg) by extensions ['ros']
[0.221s] Level 1:colcon.colcon_core.package_identification:_identify(src/serial_communication_pkg) by extension 'ros'
[0.221s] DEBUG:colcon.colcon_core.package_identification:Package 'src/serial_communication_pkg' with type 'ros.ament_python' and name 'serial_communication_pkg'
[0.221s] Level 1:colcon.colcon_core.package_discovery:discover_packages(recursive) using defaults
[0.221s] Level 1:colcon.colcon_core.package_discovery:discover_packages(ignore) discover
[0.221s] Level 1:colcon.colcon_core.package_discovery:discover_packages(ignore) using defaults
[0.221s] Level 1:colcon.colcon_core.package_discovery:discover_packages(path) discover
[0.221s] Level 1:colcon.colcon_core.package_discovery:discover_packages(path) using defaults
[0.234s] Level 1:colcon.colcon_core.package_discovery:discover_packages(prefix_path) check parameters
[0.234s] Level 1:colcon.colcon_core.package_discovery:discover_packages(prefix_path) discover
[0.236s] DEBUG:colcon.colcon_installed_package_information.package_discovery:Found 270 installed packages in /opt/ros/humble
[0.237s] Level 1:colcon.colcon_core.package_discovery:discover_packages(prefix_path) using defaults
[0.259s] Level 5:colcon.colcon_core.verb:set package 'camera_perception_pkg' build argument 'cmake_args' from command line to 'None'
[0.259s] Level 5:colcon.colcon_core.verb:set package 'camera_perception_pkg' build argument 'cmake_target' from command line to 'None'
[0.259s] Level 5:colcon.colcon_core.verb:set package 'camera_perception_pkg' build argument 'cmake_target_skip_unavailable' from command line to 'False'
[0.259s] Level 5:colcon.colcon_core.verb:set package 'camera_perception_pkg' build argument 'cmake_clean_cache' from command line to 'False'
[0.259s] Level 5:colcon.colcon_core.verb:set package 'camera_perception_pkg' build argument 'cmake_clean_first' from command line to 'False'
[0.259s] Level 5:colcon.colcon_core.verb:set package 'camera_perception_pkg' build argument 'cmake_force_configure' from command line to 'False'
[0.259s] Level 5:colcon.colcon_core.verb:set package 'camera_perception_pkg' build argument 'ament_cmake_args' from command line to 'None'
[0.259s] Level 5:colcon.colcon_core.verb:set package 'camera_perception_pkg' build argument 'catkin_cmake_args' from command line to 'None'
[0.259s] Level 5:colcon.colcon_core.verb:set package 'camera_perception_pkg' build argument 'catkin_skip_building_tests' from command line to 'False'
[0.259s] DEBUG:colcon.colcon_core.verb:Building package 'camera_perception_pkg' with the following arguments: {'ament_cmake_args': None, 'build_base': '/home/sungbhin/hpc/build/camera_perception_pkg', 'catkin_cmake_args': None, 'catkin_skip_building_tests': False, 'cmake_args': None, 'cmake_clean_cache': False, 'cmake_clean_first': False, 'cmake_force_configure': False, 'cmake_target': None, 'cmake_target_skip_unavailable': False, 'install_base': '/home/sungbhin/hpc/install/camera_perception_pkg', 'merge_install': False, 'path': '/home/sungbhin/hpc/src/camera_perception_pkg', 'symlink_install': True, 'test_result_base': None}
[0.260s] Level 5:colcon.colcon_core.verb:set package 'debug_pkg' build argument 'cmake_args' from command line to 'None'
[0.260s] Level 5:colcon.colcon_core.verb:set package 'debug_pkg' build argument 'cmake_target' from command line to 'None'
[0.260s] Level 5:colcon.colcon_core.verb:set package 'debug_pkg' build argument 'cmake_target_skip_unavailable' from command line to 'False'
[0.260s] Level 5:colcon.colcon_core.verb:set package 'debug_pkg' build argument 'cmake_clean_cache' from command line to 'False'
[0.260s] Level 5:colcon.colcon_core.verb:set package 'debug_pkg' build argument 'cmake_clean_first' from command line to 'False'
[0.260s] Level 5:colcon.colcon_core.verb:set package 'debug_pkg' build argument 'cmake_force_configure' from command line to 'False'
[0.260s] Level 5:colcon.colcon_core.verb:set package 'debug_pkg' build argument 'ament_cmake_args' from command line to 'None'
[0.260s] Level 5:colcon.colcon_core.verb:set package 'debug_pkg' build argument 'catkin_cmake_args' from command line to 'None'
[0.260s] Level 5:colcon.colcon_core.verb:set package 'debug_pkg' build argument 'catkin_skip_building_tests' from command line to 'False'
[0.260s] DEBUG:colcon.colcon_core.verb:Building package 'debug_pkg' with the following arguments: {'ament_cmake_args': None, 'build_base': '/home/sungbhin/hpc/build/debug_pkg', 'catkin_cmake_args': None, 'catkin_skip_building_tests': False, 'cmake_args': None, 'cmake_clean_cache': False, 'cmake_clean_first': False, 'cmake_force_configure': False, 'cmake_target': None, 'cmake_target_skip_unavailable': False, 'install_base': '/home/sungbhin/hpc/install/debug_pkg', 'merge_install': False, 'path': '/home/sungbhin/hpc/src/debug_pkg', 'symlink_install': True, 'test_result_base': None}
[0.260s] Level 5:colcon.colcon_core.verb:set package 'decision_making_pkg' build argument 'cmake_args' from command line to 'None'
[0.260s] Level 5:colcon.colcon_core.verb:set package 'decision_making_pkg' build argument 'cmake_target' from command line to 'None'
[0.260s] Level 5:colcon.colcon_core.verb:set package 'decision_making_pkg' build argument 'cmake_target_skip_unavailable' from command line to 'False'
[0.260s] Level 5:colcon.colcon_core.verb:set package 'decision_making_pkg' build argument 'cmake_clean_cache' from command line to 'False'
[0.260s] Level 5:colcon.colcon_core.verb:set package 'decision_making_pkg' build argument 'cmake_clean_first' from command line to 'False'
[0.260s] Level 5:colcon.colcon_core.verb:set package 'decision_making_pkg' build argument 'cmake_force_configure' from command line to 'False'
[0.260s] Level 5:colcon.colcon_core.verb:set package 'decision_making_pkg' build argument 'ament_cmake_args' from command line to 'None'
[0.260s] Level 5:colcon.colcon_core.verb:set package 'decision_making_pkg' build argument 'catkin_cmake_args' from command line to 'None'
[0.260s] Level 5:colcon.colcon_core.verb:set package 'decision_making_pkg' build argument 'catkin_skip_building_tests' from command line to 'False'
[0.260s] DEBUG:colcon.colcon_core.verb:Building package 'decision_making_pkg' with the following arguments: {'ament_cmake_args': None, 'build_base': '/home/sungbhin/hpc/build/decision_making_pkg', 'catkin_cmake_args': None, 'catkin_skip_building_tests': False, 'cmake_args': None, 'cmake_clean_cache': False, 'cmake_clean_first': False, 'cmake_force_configure': False, 'cmake_target': None, 'cmake_target_skip_unavailable': False, 'install_base': '/home/sungbhin/hpc/install/decision_making_pkg', 'merge_install': False, 'path': '/home/sungbhin/hpc/src/decision_making_pkg', 'symlink_install': True, 'test_result_base': None}
[0.260s] Level 5:colcon.colcon_core.verb:set package 'interfaces_pkg' build argument 'cmake_args' from command line to 'None'
[0.260s] Level 5:colcon.colcon_core.verb:set package 'interfaces_pkg' build argument 'cmake_target' from command line to 'None'
[0.260s] Level 5:colcon.colcon_core.verb:set package 'interfaces_pkg' build argument 'cmake_target_skip_unavailable' from command line to 'False'
[0.260s] Level 5:colcon.colcon_core.verb:set package 'interfaces_pkg' build argument 'cmake_clean_cache' from command line to 'False'
[0.260s] Level 5:colcon.colcon_core.verb:set package 'interfaces_pkg' build argument 'cmake_clean_first' from command line to 'False'
[0.260s] Level 5:colcon.colcon_core.verb:set package 'interfaces_pkg' build argument 'cmake_force_configure' from command line to 'False'
[0.260s] Level 5:colcon.colcon_core.verb:set package 'interfaces_pkg' build argument 'ament_cmake_args' from command line to 'None'
[0.260s] Level 5:colcon.colcon_core.verb:set package 'interfaces_pkg' build argument 'catkin_cmake_args' from command line to 'None'
[0.260s] Level 5:colcon.colcon_core.verb:set package 'interfaces_pkg' build argument 'catkin_skip_building_tests' from command line to 'False'
[0.260s] DEBUG:colcon.colcon_core.verb:Building package 'interfaces_pkg' with the following arguments: {'ament_cmake_args': None, 'build_base': '/home/sungbhin/hpc/build/interfaces_pkg', 'catkin_cmake_args': None, 'catkin_skip_building_tests': False, 'cmake_args': None, 'cmake_clean_cache': False, 'cmake_clean_first': False, 'cmake_force_configure': False, 'cmake_target': None, 'cmake_target_skip_unavailable': False, 'install_base': '/home/sungbhin/hpc/install/interfaces_pkg', 'merge_install': False, 'path': '/home/sungbhin/hpc/src/interfaces_pkg', 'symlink_install': True, 'test_result_base': None}
[0.261s] Level 5:colcon.colcon_core.verb:set package 'lidar_perception_pkg' build argument 'cmake_args' from command line to 'None'
[0.261s] Level 5:colcon.colcon_core.verb:set package 'lidar_perception_pkg' build argument 'cmake_target' from command line to 'None'
[0.261s] Level 5:colcon.colcon_core.verb:set package 'lidar_perception_pkg' build argument 'cmake_target_skip_unavailable' from command line to 'False'
[0.261s] Level 5:colcon.colcon_core.verb:set package 'lidar_perception_pkg' build argument 'cmake_clean_cache' from command line to 'False'
[0.261s] Level 5:colcon.colcon_core.verb:set package 'lidar_perception_pkg' build argument 'cmake_clean_first' from command line to 'False'
[0.261s] Level 5:colcon.colcon_core.verb:set package 'lidar_perception_pkg' build argument 'cmake_force_configure' from command line to 'False'
[0.261s] Level 5:colcon.colcon_core.verb:set package 'lidar_perception_pkg' build argument 'ament_cmake_args' from command line to 'None'
[0.261s] Level 5:colcon.colcon_core.verb:set package 'lidar_perception_pkg' build argument 'catkin_cmake_args' from command line to 'None'
[0.261s] Level 5:colcon.colcon_core.verb:set package 'lidar_perception_pkg' build argument 'catkin_skip_building_tests' from command line to 'False'
[0.261s] DEBUG:colcon.colcon_core.verb:Building package 'lidar_perception_pkg' with the following arguments: {'ament_cmake_args': None, 'build_base': '/home/sungbhin/hpc/build/lidar_perception_pkg', 'catkin_cmake_args': None, 'catkin_skip_building_tests': False, 'cmake_args': None, 'cmake_clean_cache': False, 'cmake_clean_first': False, 'cmake_force_configure': False, 'cmake_target': None, 'cmake_target_skip_unavailable': False, 'install_base': '/home/sungbhin/hpc/install/lidar_perception_pkg', 'merge_install': False, 'path': '/home/sungbhin/hpc/src/lidar_perception_pkg', 'symlink_install': True, 'test_result_base': None}
[0.261s] Level 5:colcon.colcon_core.verb:set package 'serial_communication_pkg' build argument 'cmake_args' from command line to 'None'
[0.261s] Level 5:colcon.colcon_core.verb:set package 'serial_communication_pkg' build argument 'cmake_target' from command line to 'None'
[0.261s] Level 5:colcon.colcon_core.verb:set package 'serial_communication_pkg' build argument 'cmake_target_skip_unavailable' from command line to 'False'
[0.261s] Level 5:colcon.colcon_core.verb:set package 'serial_communication_pkg' build argument 'cmake_clean_cache' from command line to 'False'
[0.261s] Level 5:colcon.colcon_core.verb:set package 'serial_communication_pkg' build argument 'cmake_clean_first' from command line to 'False'
[0.261s] Level 5:colcon.colcon_core.verb:set package 'serial_communication_pkg' build argument 'cmake_force_configure' from command line to 'False'
[0.261s] Level 5:colcon.colcon_core.verb:set package 'serial_communication_pkg' build argument 'ament_cmake_args' from command line to 'None'
[0.261s] Level 5:colcon.colcon_core.verb:set package 'serial_communication_pkg' build argument 'catkin_cmake_args' from command line to 'None'
[0.261s] Level 5:colcon.colcon_core.verb:set package 'serial_communication_pkg' build argument 'catkin_skip_building_tests' from command line to 'False'
[0.261s] DEBUG:colcon.colcon_core.verb:Building package 'serial_communication_pkg' with the following arguments: {'ament_cmake_args': None, 'build_base': '/home/sungbhin/hpc/build/serial_communication_pkg', 'catkin_cmake_args': None, 'catkin_skip_building_tests': False, 'cmake_args': None, 'cmake_clean_cache': False, 'cmake_clean_first': False, 'cmake_force_configure': False, 'cmake_target': None, 'cmake_target_skip_unavailable': False, 'install_base': '/home/sungbhin/hpc/install/serial_communication_pkg', 'merge_install': False, 'path': '/home/sungbhin/hpc/src/serial_communication_pkg', 'symlink_install': True, 'test_result_base': None}
[0.261s] INFO:colcon.colcon_core.executor:Executing jobs using 'parallel' executor
[0.262s] DEBUG:colcon.colcon_parallel_executor.executor.parallel:run_until_complete
[0.262s] INFO:colcon.colcon_ros.task.ament_python.build:Building ROS package in '/home/sungbhin/hpc/src/camera_perception_pkg' with build type 'ament_python'
[0.262s] Level 1:colcon.colcon_core.shell:create_environment_hook('camera_perception_pkg', 'ament_prefix_path')
[0.264s] INFO:colcon.colcon_core.plugin_system:Skipping extension 'colcon_core.shell.bat': Not used on non-Windows systems
[0.264s] INFO:colcon.colcon_core.shell:Creating environment hook '/home/sungbhin/hpc/install/camera_perception_pkg/share/camera_perception_pkg/hook/ament_prefix_path.ps1'
[0.264s] INFO:colcon.colcon_core.shell:Creating environment descriptor '/home/sungbhin/hpc/install/camera_perception_pkg/share/camera_perception_pkg/hook/ament_prefix_path.dsv'
[0.265s] INFO:colcon.colcon_core.shell:Creating environment hook '/home/sungbhin/hpc/install/camera_perception_pkg/share/camera_perception_pkg/hook/ament_prefix_path.sh'
[0.265s] INFO:colcon.colcon_core.shell:Skip shell extension 'powershell' for command environment: Not usable outside of PowerShell
[0.265s] DEBUG:colcon.colcon_core.shell:Skip shell extension 'dsv' for command environment
[0.268s] INFO:colcon.colcon_ros.task.ament_python.build:Building ROS package in '/home/sungbhin/hpc/src/debug_pkg' with build type 'ament_python'
[0.268s] Level 1:colcon.colcon_core.shell:create_environment_hook('debug_pkg', 'ament_prefix_path')
[0.268s] INFO:colcon.colcon_core.shell:Creating environment hook '/home/sungbhin/hpc/install/debug_pkg/share/debug_pkg/hook/ament_prefix_path.ps1'
[0.268s] INFO:colcon.colcon_core.shell:Creating environment descriptor '/home/sungbhin/hpc/install/debug_pkg/share/debug_pkg/hook/ament_prefix_path.dsv'
[0.269s] INFO:colcon.colcon_core.shell:Creating environment hook '/home/sungbhin/hpc/install/debug_pkg/share/debug_pkg/hook/ament_prefix_path.sh'
[0.269s] INFO:colcon.colcon_core.shell:Skip shell extension 'powershell' for command environment: Not usable outside of PowerShell
[0.269s] DEBUG:colcon.colcon_core.shell:Skip shell extension 'dsv' for command environment
[0.271s] INFO:colcon.colcon_ros.task.ament_python.build:Building ROS package in '/home/sungbhin/hpc/src/decision_making_pkg' with build type 'ament_python'
[0.271s] Level 1:colcon.colcon_core.shell:create_environment_hook('decision_making_pkg', 'ament_prefix_path')
[0.271s] INFO:colcon.colcon_core.shell:Creating environment hook '/home/sungbhin/hpc/install/decision_making_pkg/share/decision_making_pkg/hook/ament_prefix_path.ps1'
[0.271s] INFO:colcon.colcon_core.shell:Creating environment descriptor '/home/sungbhin/hpc/install/decision_making_pkg/share/decision_making_pkg/hook/ament_prefix_path.dsv'
[0.272s] INFO:colcon.colcon_core.shell:Creating environment hook '/home/sungbhin/hpc/install/decision_making_pkg/share/decision_making_pkg/hook/ament_prefix_path.sh'
[0.272s] INFO:colcon.colcon_core.shell:Skip shell extension 'powershell' for command environment: Not usable outside of PowerShell
[0.272s] DEBUG:colcon.colcon_core.shell:Skip shell extension 'dsv' for command environment
[0.274s] INFO:colcon.colcon_ros.task.ament_cmake.build:Building ROS package in '/home/sungbhin/hpc/src/interfaces_pkg' with build type 'ament_cmake'
[0.274s] INFO:colcon.colcon_cmake.task.cmake.build:Building CMake package in '/home/sungbhin/hpc/src/interfaces_pkg'
[0.274s] INFO:colcon.colcon_core.shell:Skip shell extension 'powershell' for command environment: Not usable outside of PowerShell
[0.274s] DEBUG:colcon.colcon_core.shell:Skip shell extension 'dsv' for command environment
[0.276s] INFO:colcon.colcon_ros.task.ament_python.build:Building ROS package in '/home/sungbhin/hpc/src/lidar_perception_pkg' with build type 'ament_python'
[0.276s] Level 1:colcon.colcon_core.shell:create_environment_hook('lidar_perception_pkg', 'ament_prefix_path')
[0.277s] INFO:colcon.colcon_core.shell:Creating environment hook '/home/sungbhin/hpc/install/lidar_perception_pkg/share/lidar_perception_pkg/hook/ament_prefix_path.ps1'
[0.277s] INFO:colcon.colcon_core.shell:Creating environment descriptor '/home/sungbhin/hpc/install/lidar_perception_pkg/share/lidar_perception_pkg/hook/ament_prefix_path.dsv'
[0.277s] INFO:colcon.colcon_core.shell:Creating environment hook '/home/sungbhin/hpc/install/lidar_perception_pkg/share/lidar_perception_pkg/hook/ament_prefix_path.sh'
[0.278s] INFO:colcon.colcon_core.shell:Skip shell extension 'powershell' for command environment: Not usable outside of PowerShell
[0.278s] DEBUG:colcon.colcon_core.shell:Skip shell extension 'dsv' for command environment
[0.279s] INFO:colcon.colcon_ros.task.ament_python.build:Building ROS package in '/home/sungbhin/hpc/src/serial_communication_pkg' with build type 'ament_python'
[0.279s] Level 1:colcon.colcon_core.shell:create_environment_hook('serial_communication_pkg', 'ament_prefix_path')
[0.279s] INFO:colcon.colcon_core.shell:Creating environment hook '/home/sungbhin/hpc/install/serial_communication_pkg/share/serial_communication_pkg/hook/ament_prefix_path.ps1'
[0.280s] INFO:colcon.colcon_core.shell:Creating environment descriptor '/home/sungbhin/hpc/install/serial_communication_pkg/share/serial_communication_pkg/hook/ament_prefix_path.dsv'
[0.280s] INFO:colcon.colcon_core.shell:Creating environment hook '/home/sungbhin/hpc/install/serial_communication_pkg/share/serial_communication_pkg/hook/ament_prefix_path.sh'
[0.280s] INFO:colcon.colcon_core.shell:Skip shell extension 'powershell' for command environment: Not usable outside of PowerShell
[0.280s] DEBUG:colcon.colcon_core.shell:Skip shell extension 'dsv' for command environment
[0.470s] INFO:colcon.colcon_core.task.python.build:Building Python package in '/home/sungbhin/hpc/src/camera_perception_pkg'
[0.470s] INFO:colcon.colcon_core.shell:Skip shell extension 'powershell' for command environment: Not usable outside of PowerShell
[0.470s] DEBUG:colcon.colcon_core.shell:Skip shell extension 'dsv' for command environment
[0.654s] INFO:colcon.colcon_core.task.python.build:Building Python package in '/home/sungbhin/hpc/src/debug_pkg'
[0.655s] INFO:colcon.colcon_core.shell:Skip shell extension 'powershell' for command environment: Not usable outside of PowerShell
[0.655s] DEBUG:colcon.colcon_core.shell:Skip shell extension 'dsv' for command environment
[0.840s] INFO:colcon.colcon_core.task.python.build:Building Python package in '/home/sungbhin/hpc/src/decision_making_pkg'
[0.840s] INFO:colcon.colcon_core.shell:Skip shell extension 'powershell' for command environment: Not usable outside of PowerShell
[0.840s] DEBUG:colcon.colcon_core.shell:Skip shell extension 'dsv' for command environment
[0.845s] DEBUG:colcon.colcon_core.event_handler.log_command:Invoking command in '/home/sungbhin/hpc/build/interfaces_pkg': CMAKE_PREFIX_PATH=/opt/ros/humble /usr/local/bin/cmake /home/sungbhin/hpc/src/interfaces_pkg -DAMENT_CMAKE_SYMLINK_INSTALL=1 -DCMAKE_INSTALL_PREFIX=/home/sungbhin/hpc/install/interfaces_pkg
[1.040s] INFO:colcon.colcon_core.task.python.build:Building Python package in '/home/sungbhin/hpc/src/lidar_perception_pkg'
[1.040s] INFO:colcon.colcon_core.shell:Skip shell extension 'powershell' for command environment: Not usable outside of PowerShell
[1.040s] DEBUG:colcon.colcon_core.shell:Skip shell extension 'dsv' for command environment
[1.241s] INFO:colcon.colcon_core.task.python.build:Building Python package in '/home/sungbhin/hpc/src/serial_communication_pkg'
[1.241s] INFO:colcon.colcon_core.shell:Skip shell extension 'powershell' for command environment: Not usable outside of PowerShell
[1.241s] DEBUG:colcon.colcon_core.shell:Skip shell extension 'dsv' for command environment
[1.564s] DEBUG:colcon.colcon_core.event_handler.log_command:Invoking command in '/home/sungbhin/hpc/build/camera_perception_pkg': PYTHONPATH=/home/sungbhin/hpc/build/camera_perception_pkg/prefix_override:/usr/lib/python3/dist-packages/colcon_core/task/python/colcon_distutils_commands:/home/sungbhin/hpc/install/camera_perception_pkg/lib/python3.10/site-packages:${PYTHONPATH} /usr/bin/python3 -W ignore:setup.py install is deprecated -W ignore:easy_install command is deprecated setup.py develop --editable --build-directory /home/sungbhin/hpc/build/camera_perception_pkg/build --no-deps symlink_data
[1.566s] DEBUG:colcon.colcon_core.event_handler.log_command:Invoking command in '/home/sungbhin/hpc/build/lidar_perception_pkg': PYTHONPATH=/home/sungbhin/hpc/build/lidar_perception_pkg/prefix_override:/usr/lib/python3/dist-packages/colcon_core/task/python/colcon_distutils_commands:/home/sungbhin/hpc/install/lidar_perception_pkg/lib/python3.10/site-packages:${PYTHONPATH} /usr/bin/python3 -W ignore:setup.py install is deprecated -W ignore:easy_install command is deprecated setup.py develop --editable --build-directory /home/sungbhin/hpc/build/lidar_perception_pkg/build --no-deps symlink_data
[1.568s] DEBUG:colcon.colcon_core.event_handler.log_command:Invoking command in '/home/sungbhin/hpc/build/decision_making_pkg': PYTHONPATH=/home/sungbhin/hpc/build/decision_making_pkg/prefix_override:/usr/lib/python3/dist-packages/colcon_core/task/python/colcon_distutils_commands:/home/sungbhin/hpc/install/decision_making_pkg/lib/python3.10/site-packages:${PYTHONPATH} /usr/bin/python3 -W ignore:setup.py install is deprecated -W ignore:easy_install command is deprecated setup.py develop --editable --build-directory /home/sungbhin/hpc/build/decision_making_pkg/build --no-deps symlink_data
[1.570s] DEBUG:colcon.colcon_core.event_handler.log_command:Invoking command in '/home/sungbhin/hpc/build/debug_pkg': PYTHONPATH=/home/sungbhin/hpc/build/debug_pkg/prefix_override:/usr/lib/python3/dist-packages/colcon_core/task/python/colcon_distutils_commands:/home/sungbhin/hpc/install/debug_pkg/lib/python3.10/site-packages:${PYTHONPATH} /usr/bin/python3 -W ignore:setup.py install is deprecated -W ignore:easy_install command is deprecated setup.py develop --editable --build-directory /home/sungbhin/hpc/build/debug_pkg/build --no-deps symlink_data
[1.574s] DEBUG:colcon.colcon_core.event_handler.log_command:Invoking command in '/home/sungbhin/hpc/build/serial_communication_pkg': PYTHONPATH=/home/sungbhin/hpc/build/serial_communication_pkg/prefix_override:/usr/lib/python3/dist-packages/colcon_core/task/python/colcon_distutils_commands:/home/sungbhin/hpc/install/serial_communication_pkg/lib/python3.10/site-packages:${PYTHONPATH} /usr/bin/python3 -W ignore:setup.py install is deprecated -W ignore:easy_install command is deprecated setup.py develop --editable --build-directory /home/sungbhin/hpc/build/serial_communication_pkg/build --no-deps symlink_data
[2.002s] Level 1:colcon.colcon_core.shell:create_environment_hook('debug_pkg', 'pythonpath_develop')
[2.003s] INFO:colcon.colcon_core.shell:Creating environment hook '/home/sungbhin/hpc/build/debug_pkg/share/debug_pkg/hook/pythonpath_develop.ps1'
[2.003s] DEBUG:colcon.colcon_core.event_handler.log_command:Invoked command in '/home/sungbhin/hpc/build/debug_pkg' returned '0': PYTHONPATH=/home/sungbhin/hpc/build/debug_pkg/prefix_override:/usr/lib/python3/dist-packages/colcon_core/task/python/colcon_distutils_commands:/home/sungbhin/hpc/install/debug_pkg/lib/python3.10/site-packages:${PYTHONPATH} /usr/bin/python3 -W ignore:setup.py install is deprecated -W ignore:easy_install command is deprecated setup.py develop --editable --build-directory /home/sungbhin/hpc/build/debug_pkg/build --no-deps symlink_data
[2.004s] INFO:colcon.colcon_core.shell:Creating environment descriptor '/home/sungbhin/hpc/build/debug_pkg/share/debug_pkg/hook/pythonpath_develop.dsv'
[2.004s] INFO:colcon.colcon_core.shell:Creating environment hook '/home/sungbhin/hpc/build/debug_pkg/share/debug_pkg/hook/pythonpath_develop.sh'
[2.006s] Level 1:colcon.colcon_core.environment:checking '/home/sungbhin/hpc/install/debug_pkg' for CMake module files
[2.006s] Level 1:colcon.colcon_core.environment:checking '/home/sungbhin/hpc/install/debug_pkg' for CMake config files
[2.006s] Level 1:colcon.colcon_core.environment:checking '/home/sungbhin/hpc/install/debug_pkg/lib'
[2.006s] Level 1:colcon.colcon_core.environment:checking '/home/sungbhin/hpc/install/debug_pkg/bin'
[2.007s] Level 1:colcon.colcon_core.environment:checking '/home/sungbhin/hpc/install/debug_pkg/lib/pkgconfig/debug_pkg.pc'
[2.007s] Level 1:colcon.colcon_core.environment:checking '/home/sungbhin/hpc/install/debug_pkg/lib/python3.10/site-packages'
[2.007s] Level 1:colcon.colcon_core.shell:create_environment_hook('debug_pkg', 'pythonpath')
[2.007s] INFO:colcon.colcon_core.shell:Creating environment hook '/home/sungbhin/hpc/install/debug_pkg/share/debug_pkg/hook/pythonpath.ps1'
[2.007s] INFO:colcon.colcon_core.shell:Creating environment descriptor '/home/sungbhin/hpc/install/debug_pkg/share/debug_pkg/hook/pythonpath.dsv'
[2.007s] INFO:colcon.colcon_core.shell:Creating environment hook '/home/sungbhin/hpc/install/debug_pkg/share/debug_pkg/hook/pythonpath.sh'
[2.008s] Level 1:colcon.colcon_core.environment:checking '/home/sungbhin/hpc/install/debug_pkg/bin'
[2.008s] Level 1:colcon.colcon_core.environment:create_environment_scripts_only(debug_pkg)
[2.008s] INFO:colcon.colcon_core.shell:Creating package script '/home/sungbhin/hpc/install/debug_pkg/share/debug_pkg/package.ps1'
[2.009s] INFO:colcon.colcon_core.shell:Creating package descriptor '/home/sungbhin/hpc/install/debug_pkg/share/debug_pkg/package.dsv'
[2.009s] INFO:colcon.colcon_core.shell:Creating package script '/home/sungbhin/hpc/install/debug_pkg/share/debug_pkg/package.sh'
[2.009s] INFO:colcon.colcon_core.shell:Creating package script '/home/sungbhin/hpc/install/debug_pkg/share/debug_pkg/package.bash'
[2.010s] INFO:colcon.colcon_core.shell:Creating package script '/home/sungbhin/hpc/install/debug_pkg/share/debug_pkg/package.zsh'
[2.010s] Level 1:colcon.colcon_core.environment:create_file_with_runtime_dependencies(/home/sungbhin/hpc/install/debug_pkg/share/colcon-core/packages/debug_pkg)
[2.011s] Level 1:colcon.colcon_core.shell:create_environment_hook('decision_making_pkg', 'pythonpath_develop')
[2.011s] INFO:colcon.colcon_core.shell:Creating environment hook '/home/sungbhin/hpc/build/decision_making_pkg/share/decision_making_pkg/hook/pythonpath_develop.ps1'
[2.012s] INFO:colcon.colcon_core.shell:Creating environment descriptor '/home/sungbhin/hpc/build/decision_making_pkg/share/decision_making_pkg/hook/pythonpath_develop.dsv'
[2.012s] DEBUG:colcon.colcon_core.event_handler.log_command:Invoked command in '/home/sungbhin/hpc/build/decision_making_pkg' returned '0': PYTHONPATH=/home/sungbhin/hpc/build/decision_making_pkg/prefix_override:/usr/lib/python3/dist-packages/colcon_core/task/python/colcon_distutils_commands:/home/sungbhin/hpc/install/decision_making_pkg/lib/python3.10/site-packages:${PYTHONPATH} /usr/bin/python3 -W ignore:setup.py install is deprecated -W ignore:easy_install command is deprecated setup.py develop --editable --build-directory /home/sungbhin/hpc/build/decision_making_pkg/build --no-deps symlink_data
[2.012s] INFO:colcon.colcon_core.shell:Creating environment hook '/home/sungbhin/hpc/build/decision_making_pkg/share/decision_making_pkg/hook/pythonpath_develop.sh'
[2.012s] Level 1:colcon.colcon_core.environment:checking '/home/sungbhin/hpc/install/decision_making_pkg' for CMake module files
[2.013s] Level 1:colcon.colcon_core.environment:checking '/home/sungbhin/hpc/install/decision_making_pkg' for CMake config files
[2.013s] Level 1:colcon.colcon_core.environment:checking '/home/sungbhin/hpc/install/decision_making_pkg/lib'
[2.013s] Level 1:colcon.colcon_core.environment:checking '/home/sungbhin/hpc/install/decision_making_pkg/bin'
[2.013s] Level 1:colcon.colcon_core.environment:checking '/home/sungbhin/hpc/install/decision_making_pkg/lib/pkgconfig/decision_making_pkg.pc'
[2.013s] Level 1:colcon.colcon_core.environment:checking '/home/sungbhin/hpc/install/decision_making_pkg/lib/python3.10/site-packages'
[2.013s] Level 1:colcon.colcon_core.shell:create_environment_hook('decision_making_pkg', 'pythonpath')
[2.013s] INFO:colcon.colcon_core.shell:Creating environment hook '/home/sungbhin/hpc/install/decision_making_pkg/share/decision_making_pkg/hook/pythonpath.ps1'
[2.014s] INFO:colcon.colcon_core.shell:Creating environment descriptor '/home/sungbhin/hpc/install/decision_making_pkg/share/decision_making_pkg/hook/pythonpath.dsv'
[2.014s] INFO:colcon.colcon_core.shell:Creating environment hook '/home/sungbhin/hpc/install/decision_making_pkg/share/decision_making_pkg/hook/pythonpath.sh'
[2.014s] Level 1:colcon.colcon_core.environment:checking '/home/sungbhin/hpc/install/decision_making_pkg/bin'
[2.014s] Level 1:colcon.colcon_core.environment:create_environment_scripts_only(decision_making_pkg)
[2.014s] INFO:colcon.colcon_core.shell:Creating package script '/home/sungbhin/hpc/install/decision_making_pkg/share/decision_making_pkg/package.ps1'
[2.015s] INFO:colcon.colcon_core.shell:Creating package descriptor '/home/sungbhin/hpc/install/decision_making_pkg/share/decision_making_pkg/package.dsv'
[2.015s] INFO:colcon.colcon_core.shell:Creating package script '/home/sungbhin/hpc/install/decision_making_pkg/share/decision_making_pkg/package.sh'
[2.015s] INFO:colcon.colcon_core.shell:Creating package script '/home/sungbhin/hpc/install/decision_making_pkg/share/decision_making_pkg/package.bash'
[2.016s] INFO:colcon.colcon_core.shell:Creating package script '/home/sungbhin/hpc/install/decision_making_pkg/share/decision_making_pkg/package.zsh'
[2.016s] Level 1:colcon.colcon_core.environment:create_file_with_runtime_dependencies(/home/sungbhin/hpc/install/decision_making_pkg/share/colcon-core/packages/decision_making_pkg)
[2.016s] Level 1:colcon.colcon_core.shell:create_environment_hook('lidar_perception_pkg', 'pythonpath_develop')
[2.017s] INFO:colcon.colcon_core.shell:Creating environment hook '/home/sungbhin/hpc/build/lidar_perception_pkg/share/lidar_perception_pkg/hook/pythonpath_develop.ps1'
[2.017s] DEBUG:colcon.colcon_core.event_handler.log_command:Invoked command in '/home/sungbhin/hpc/build/lidar_perception_pkg' returned '0': PYTHONPATH=/home/sungbhin/hpc/build/lidar_perception_pkg/prefix_override:/usr/lib/python3/dist-packages/colcon_core/task/python/colcon_distutils_commands:/home/sungbhin/hpc/install/lidar_perception_pkg/lib/python3.10/site-packages:${PYTHONPATH} /usr/bin/python3 -W ignore:setup.py install is deprecated -W ignore:easy_install command is deprecated setup.py develop --editable --build-directory /home/sungbhin/hpc/build/lidar_perception_pkg/build --no-deps symlink_data
[2.018s] INFO:colcon.colcon_core.shell:Creating environment descriptor '/home/sungbhin/hpc/build/lidar_perception_pkg/share/lidar_perception_pkg/hook/pythonpath_develop.dsv'
[2.018s] INFO:colcon.colcon_core.shell:Creating environment hook '/home/sungbhin/hpc/build/lidar_perception_pkg/share/lidar_perception_pkg/hook/pythonpath_develop.sh'
[2.018s] Level 1:colcon.colcon_core.environment:checking '/home/sungbhin/hpc/install/lidar_perception_pkg' for CMake module files
[2.018s] Level 1:colcon.colcon_core.environment:checking '/home/sungbhin/hpc/install/lidar_perception_pkg' for CMake config files
[2.019s] Level 1:colcon.colcon_core.environment:checking '/home/sungbhin/hpc/install/lidar_perception_pkg/lib'
[2.019s] Level 1:colcon.colcon_core.environment:checking '/home/sungbhin/hpc/install/lidar_perception_pkg/bin'
[2.019s] Level 1:colcon.colcon_core.environment:checking '/home/sungbhin/hpc/install/lidar_perception_pkg/lib/pkgconfig/lidar_perception_pkg.pc'
[2.019s] Level 1:colcon.colcon_core.environment:checking '/home/sungbhin/hpc/install/lidar_perception_pkg/lib/python3.10/site-packages'
[2.019s] Level 1:colcon.colcon_core.shell:create_environment_hook('lidar_perception_pkg', 'pythonpath')
[2.019s] INFO:colcon.colcon_core.shell:Creating environment hook '/home/sungbhin/hpc/install/lidar_perception_pkg/share/lidar_perception_pkg/hook/pythonpath.ps1'
[2.019s] INFO:colcon.colcon_core.shell:Creating environment descriptor '/home/sungbhin/hpc/install/lidar_perception_pkg/share/lidar_perception_pkg/hook/pythonpath.dsv'
[2.019s] INFO:colcon.colcon_core.shell:Creating environment hook '/home/sungbhin/hpc/install/lidar_perception_pkg/share/lidar_perception_pkg/hook/pythonpath.sh'
[2.020s] Level 1:colcon.colcon_core.environment:checking '/home/sungbhin/hpc/install/lidar_perception_pkg/bin'
[2.020s] Level 1:colcon.colcon_core.environment:create_environment_scripts_only(lidar_perception_pkg)
[2.020s] INFO:colcon.colcon_core.shell:Creating package script '/home/sungbhin/hpc/install/lidar_perception_pkg/share/lidar_perception_pkg/package.ps1'
[2.020s] INFO:colcon.colcon_core.shell:Creating package descriptor '/home/sungbhin/hpc/install/lidar_perception_pkg/share/lidar_perception_pkg/package.dsv'
[2.021s] INFO:colcon.colcon_core.shell:Creating package script '/home/sungbhin/hpc/install/lidar_perception_pkg/share/lidar_perception_pkg/package.sh'
[2.021s] INFO:colcon.colcon_core.shell:Creating package script '/home/sungbhin/hpc/install/lidar_perception_pkg/share/lidar_perception_pkg/package.bash'
[2.021s] INFO:colcon.colcon_core.shell:Creating package script '/home/sungbhin/hpc/install/lidar_perception_pkg/share/lidar_perception_pkg/package.zsh'
[2.021s] Level 1:colcon.colcon_core.environment:create_file_with_runtime_dependencies(/home/sungbhin/hpc/install/lidar_perception_pkg/share/colcon-core/packages/lidar_perception_pkg)
[2.022s] Level 1:colcon.colcon_core.shell:create_environment_hook('camera_perception_pkg', 'pythonpath_develop')
[2.022s] INFO:colcon.colcon_core.shell:Creating environment hook '/home/sungbhin/hpc/build/camera_perception_pkg/share/camera_perception_pkg/hook/pythonpath_develop.ps1'
[2.022s] INFO:colcon.colcon_core.shell:Creating environment descriptor '/home/sungbhin/hpc/build/camera_perception_pkg/share/camera_perception_pkg/hook/pythonpath_develop.dsv'
[2.023s] INFO:colcon.colcon_core.shell:Creating environment hook '/home/sungbhin/hpc/build/camera_perception_pkg/share/camera_perception_pkg/hook/pythonpath_develop.sh'
[2.023s] DEBUG:colcon.colcon_core.event_handler.log_command:Invoked command in '/home/sungbhin/hpc/build/camera_perception_pkg' returned '0': PYTHONPATH=/home/sungbhin/hpc/build/camera_perception_pkg/prefix_override:/usr/lib/python3/dist-packages/colcon_core/task/python/colcon_distutils_commands:/home/sungbhin/hpc/install/camera_perception_pkg/lib/python3.10/site-packages:${PYTHONPATH} /usr/bin/python3 -W ignore:setup.py install is deprecated -W ignore:easy_install command is deprecated setup.py develop --editable --build-directory /home/sungbhin/hpc/build/camera_perception_pkg/build --no-deps symlink_data
[2.024s] Level 1:colcon.colcon_core.environment:checking '/home/sungbhin/hpc/install/camera_perception_pkg' for CMake module files
[2.024s] Level 1:colcon.colcon_core.environment:checking '/home/sungbhin/hpc/install/camera_perception_pkg' for CMake config files
[2.024s] Level 1:colcon.colcon_core.environment:checking '/home/sungbhin/hpc/install/camera_perception_pkg/lib'
[2.024s] Level 1:colcon.colcon_core.environment:checking '/home/sungbhin/hpc/install/camera_perception_pkg/bin'
[2.024s] Level 1:colcon.colcon_core.environment:checking '/home/sungbhin/hpc/install/camera_perception_pkg/lib/pkgconfig/camera_perception_pkg.pc'
[2.024s] Level 1:colcon.colcon_core.environment:checking '/home/sungbhin/hpc/install/camera_perception_pkg/lib/python3.10/site-packages'
[2.024s] Level 1:colcon.colcon_core.shell:create_environment_hook('camera_perception_pkg', 'pythonpath')
[2.025s] INFO:colcon.colcon_core.shell:Creating environment hook '/home/sungbhin/hpc/install/camera_perception_pkg/share/camera_perception_pkg/hook/pythonpath.ps1'
[2.025s] INFO:colcon.colcon_core.shell:Creating environment descriptor '/home/sungbhin/hpc/install/camera_perception_pkg/share/camera_perception_pkg/hook/pythonpath.dsv'
[2.025s] INFO:colcon.colcon_core.shell:Creating environment hook '/home/sungbhin/hpc/install/camera_perception_pkg/share/camera_perception_pkg/hook/pythonpath.sh'
[2.025s] Level 1:colcon.colcon_core.environment:checking '/home/sungbhin/hpc/install/camera_perception_pkg/bin'
[2.025s] Level 1:colcon.colcon_core.environment:create_environment_scripts_only(camera_perception_pkg)
[2.026s] INFO:colcon.colcon_core.shell:Creating package script '/home/sungbhin/hpc/install/camera_perception_pkg/share/camera_perception_pkg/package.ps1'
[2.026s] INFO:colcon.colcon_core.shell:Creating package descriptor '/home/sungbhin/hpc/install/camera_perception_pkg/share/camera_perception_pkg/package.dsv'
[2.026s] INFO:colcon.colcon_core.shell:Creating package script '/home/sungbhin/hpc/install/camera_perception_pkg/share/camera_perception_pkg/package.sh'
[2.027s] INFO:colcon.colcon_core.shell:Creating package script '/home/sungbhin/hpc/install/camera_perception_pkg/share/camera_perception_pkg/package.bash'
[2.027s] INFO:colcon.colcon_core.shell:Creating package script '/home/sungbhin/hpc/install/camera_perception_pkg/share/camera_perception_pkg/package.zsh'
[2.027s] Level 1:colcon.colcon_core.environment:create_file_with_runtime_dependencies(/home/sungbhin/hpc/install/camera_perception_pkg/share/colcon-core/packages/camera_perception_pkg)
[2.027s] Level 1:colcon.colcon_core.shell:create_environment_hook('serial_communication_pkg', 'pythonpath_develop')
[2.028s] INFO:colcon.colcon_core.shell:Creating environment hook '/home/sungbhin/hpc/build/serial_communication_pkg/share/serial_communication_pkg/hook/pythonpath_develop.ps1'
[2.028s] INFO:colcon.colcon_core.shell:Creating environment descriptor '/home/sungbhin/hpc/build/serial_communication_pkg/share/serial_communication_pkg/hook/pythonpath_develop.dsv'
[2.028s] DEBUG:colcon.colcon_core.event_handler.log_command:Invoked command in '/home/sungbhin/hpc/build/serial_communication_pkg' returned '0': PYTHONPATH=/home/sungbhin/hpc/build/serial_communication_pkg/prefix_override:/usr/lib/python3/dist-packages/colcon_core/task/python/colcon_distutils_commands:/home/sungbhin/hpc/install/serial_communication_pkg/lib/python3.10/site-packages:${PYTHONPATH} /usr/bin/python3 -W ignore:setup.py install is deprecated -W ignore:easy_install command is deprecated setup.py develop --editable --build-directory /home/sungbhin/hpc/build/serial_communication_pkg/build --no-deps symlink_data
[2.029s] INFO:colcon.colcon_core.shell:Creating environment hook '/home/sungbhin/hpc/build/serial_communication_pkg/share/serial_communication_pkg/hook/pythonpath_develop.sh'
[2.029s] Level 1:colcon.colcon_core.environment:checking '/home/sungbhin/hpc/install/serial_communication_pkg' for CMake module files
[2.029s] Level 1:colcon.colcon_core.environment:checking '/home/sungbhin/hpc/install/serial_communication_pkg' for CMake config files
[2.030s] Level 1:colcon.colcon_core.environment:checking '/home/sungbhin/hpc/install/serial_communication_pkg/lib'
[2.030s] Level 1:colcon.colcon_core.environment:checking '/home/sungbhin/hpc/install/serial_communication_pkg/bin'
[2.030s] Level 1:colcon.colcon_core.environment:checking '/home/sungbhin/hpc/install/serial_communication_pkg/lib/pkgconfig/serial_communication_pkg.pc'
[2.030s] Level 1:colcon.colcon_core.environment:checking '/home/sungbhin/hpc/install/serial_communication_pkg/lib/python3.10/site-packages'
[2.030s] Level 1:colcon.colcon_core.shell:create_environment_hook('serial_communication_pkg', 'pythonpath')
[2.030s] INFO:colcon.colcon_core.shell:Creating environment hook '/home/sungbhin/hpc/install/serial_communication_pkg/share/serial_communication_pkg/hook/pythonpath.ps1'
[2.030s] INFO:colcon.colcon_core.shell:Creating environment descriptor '/home/sungbhin/hpc/install/serial_communication_pkg/share/serial_communication_pkg/hook/pythonpath.dsv'
[2.030s] INFO:colcon.colcon_core.shell:Creating environment hook '/home/sungbhin/hpc/install/serial_communication_pkg/share/serial_communication_pkg/hook/pythonpath.sh'
[2.031s] Level 1:colcon.colcon_core.environment:checking '/home/sungbhin/hpc/install/serial_communication_pkg/bin'
[2.031s] Level 1:colcon.colcon_core.environment:create_environment_scripts_only(serial_communication_pkg)
[2.031s] INFO:colcon.colcon_core.shell:Creating package script '/home/sungbhin/hpc/install/serial_communication_pkg/share/serial_communication_pkg/package.ps1'
[2.031s] INFO:colcon.colcon_core.shell:Creating package descriptor '/home/sungbhin/hpc/install/serial_communication_pkg/share/serial_communication_pkg/package.dsv'
[2.031s] INFO:colcon.colcon_core.shell:Creating package script '/home/sungbhin/hpc/install/serial_communication_pkg/share/serial_communication_pkg/package.sh'
[2.032s] INFO:colcon.colcon_core.shell:Creating package script '/home/sungbhin/hpc/install/serial_communication_pkg/share/serial_communication_pkg/package.bash'
[2.032s] INFO:colcon.colcon_core.shell:Creating package script '/home/sungbhin/hpc/install/serial_communication_pkg/share/serial_communication_pkg/package.zsh'
[2.032s] Level 1:colcon.colcon_core.environment:create_file_with_runtime_dependencies(/home/sungbhin/hpc/install/serial_communication_pkg/share/colcon-core/packages/serial_communication_pkg)
[2.885s] DEBUG:colcon.colcon_core.event_handler.log_command:Invoked command in '/home/sungbhin/hpc/build/interfaces_pkg' returned '0': CMAKE_PREFIX_PATH=/opt/ros/humble /usr/local/bin/cmake /home/sungbhin/hpc/src/interfaces_pkg -DAMENT_CMAKE_SYMLINK_INSTALL=1 -DCMAKE_INSTALL_PREFIX=/home/sungbhin/hpc/install/interfaces_pkg
[2.886s] DEBUG:colcon.colcon_core.event_handler.log_command:Invoking command in '/home/sungbhin/hpc/build/interfaces_pkg': CMAKE_PREFIX_PATH=/opt/ros/humble /usr/local/bin/cmake --build /home/sungbhin/hpc/build/interfaces_pkg -- -j16 -l16
[8.505s] DEBUG:colcon.colcon_core.event_handler.log_command:Invoked command in '/home/sungbhin/hpc/build/interfaces_pkg' returned '0': CMAKE_PREFIX_PATH=/opt/ros/humble /usr/local/bin/cmake --build /home/sungbhin/hpc/build/interfaces_pkg -- -j16 -l16
[8.511s] DEBUG:colcon.colcon_core.event_handler.log_command:Invoking command in '/home/sungbhin/hpc/build/interfaces_pkg': CMAKE_PREFIX_PATH=/opt/ros/humble /usr/local/bin/cmake --install /home/sungbhin/hpc/build/interfaces_pkg
[9.683s] Level 1:colcon.colcon_core.environment:create_environment_scripts_only(interfaces_pkg)
[9.683s] Level 1:colcon.colcon_core.environment:checking '/home/sungbhin/hpc/install/interfaces_pkg' for CMake module files
[9.684s] DEBUG:colcon.colcon_core.event_handler.log_command:Invoked command in '/home/sungbhin/hpc/build/interfaces_pkg' returned '0': CMAKE_PREFIX_PATH=/opt/ros/humble /usr/local/bin/cmake --install /home/sungbhin/hpc/build/interfaces_pkg
[9.684s] Level 1:colcon.colcon_core.environment:checking '/home/sungbhin/hpc/install/interfaces_pkg' for CMake config files
[9.686s] Level 1:colcon.colcon_core.shell:create_environment_hook('interfaces_pkg', 'cmake_prefix_path')
[9.686s] INFO:colcon.colcon_core.shell:Creating environment hook '/home/sungbhin/hpc/install/interfaces_pkg/share/interfaces_pkg/hook/cmake_prefix_path.ps1'
[9.687s] INFO:colcon.colcon_core.shell:Creating environment descriptor '/home/sungbhin/hpc/install/interfaces_pkg/share/interfaces_pkg/hook/cmake_prefix_path.dsv'
[9.687s] INFO:colcon.colcon_core.shell:Creating environment hook '/home/sungbhin/hpc/install/interfaces_pkg/share/interfaces_pkg/hook/cmake_prefix_path.sh'
[9.687s] Level 1:colcon.colcon_core.environment:checking '/home/sungbhin/hpc/install/interfaces_pkg/lib'
[9.687s] Level 1:colcon.colcon_core.shell:create_environment_hook('interfaces_pkg', 'ld_library_path_lib')
[9.687s] INFO:colcon.colcon_core.shell:Creating environment hook '/home/sungbhin/hpc/install/interfaces_pkg/share/interfaces_pkg/hook/ld_library_path_lib.ps1'
[9.688s] INFO:colcon.colcon_core.shell:Creating environment descriptor '/home/sungbhin/hpc/install/interfaces_pkg/share/interfaces_pkg/hook/ld_library_path_lib.dsv'
[9.688s] INFO:colcon.colcon_core.shell:Creating environment hook '/home/sungbhin/hpc/install/interfaces_pkg/share/interfaces_pkg/hook/ld_library_path_lib.sh'
[9.688s] Level 1:colcon.colcon_core.environment:checking '/home/sungbhin/hpc/install/interfaces_pkg/bin'
[9.688s] Level 1:colcon.colcon_core.environment:checking '/home/sungbhin/hpc/install/interfaces_pkg/lib/pkgconfig/interfaces_pkg.pc'
[9.688s] Level 1:colcon.colcon_core.environment:checking '/home/sungbhin/hpc/install/interfaces_pkg/lib/python3.10/site-packages'
[9.688s] Level 1:colcon.colcon_core.environment:checking '/home/sungbhin/hpc/install/interfaces_pkg/bin'
[9.689s] INFO:colcon.colcon_core.shell:Creating package script '/home/sungbhin/hpc/install/interfaces_pkg/share/interfaces_pkg/package.ps1'
[9.689s] INFO:colcon.colcon_core.shell:Creating package descriptor '/home/sungbhin/hpc/install/interfaces_pkg/share/interfaces_pkg/package.dsv'
[9.689s] INFO:colcon.colcon_core.shell:Creating package script '/home/sungbhin/hpc/install/interfaces_pkg/share/interfaces_pkg/package.sh'
[9.689s] INFO:colcon.colcon_core.shell:Creating package script '/home/sungbhin/hpc/install/interfaces_pkg/share/interfaces_pkg/package.bash'
[9.690s] INFO:colcon.colcon_core.shell:Creating package script '/home/sungbhin/hpc/install/interfaces_pkg/share/interfaces_pkg/package.zsh'
[9.690s] Level 1:colcon.colcon_core.environment:create_file_with_runtime_dependencies(/home/sungbhin/hpc/install/interfaces_pkg/share/colcon-core/packages/interfaces_pkg)
[9.690s] Level 1:colcon.colcon_core.environment:create_environment_scripts_only(interfaces_pkg)
[9.690s] Level 1:colcon.colcon_core.environment:checking '/home/sungbhin/hpc/install/interfaces_pkg' for CMake module files
[9.691s] Level 1:colcon.colcon_core.environment:checking '/home/sungbhin/hpc/install/interfaces_pkg' for CMake config files
[9.692s] Level 1:colcon.colcon_core.shell:create_environment_hook('interfaces_pkg', 'cmake_prefix_path')
[9.692s] INFO:colcon.colcon_core.shell:Creating environment hook '/home/sungbhin/hpc/install/interfaces_pkg/share/interfaces_pkg/hook/cmake_prefix_path.ps1'
[9.692s] INFO:colcon.colcon_core.shell:Creating environment descriptor '/home/sungbhin/hpc/install/interfaces_pkg/share/interfaces_pkg/hook/cmake_prefix_path.dsv'
[9.693s] INFO:colcon.colcon_core.shell:Creating environment hook '/home/sungbhin/hpc/install/interfaces_pkg/share/interfaces_pkg/hook/cmake_prefix_path.sh'
[9.693s] Level 1:colcon.colcon_core.environment:checking '/home/sungbhin/hpc/install/interfaces_pkg/lib'
[9.693s] Level 1:colcon.colcon_core.shell:create_environment_hook('interfaces_pkg', 'ld_library_path_lib')
[9.693s] INFO:colcon.colcon_core.shell:Creating environment hook '/home/sungbhin/hpc/install/interfaces_pkg/share/interfaces_pkg/hook/ld_library_path_lib.ps1'
[9.694s] INFO:colcon.colcon_core.shell:Creating environment descriptor '/home/sungbhin/hpc/install/interfaces_pkg/share/interfaces_pkg/hook/ld_library_path_lib.dsv'
[9.694s] INFO:colcon.colcon_core.shell:Creating environment hook '/home/sungbhin/hpc/install/interfaces_pkg/share/interfaces_pkg/hook/ld_library_path_lib.sh'
[9.694s] Level 1:colcon.colcon_core.environment:checking '/home/sungbhin/hpc/install/interfaces_pkg/bin'
[9.694s] Level 1:colcon.colcon_core.environment:checking '/home/sungbhin/hpc/install/interfaces_pkg/lib/pkgconfig/interfaces_pkg.pc'
[9.694s] Level 1:colcon.colcon_core.environment:checking '/home/sungbhin/hpc/install/interfaces_pkg/lib/python3.10/site-packages'
[9.694s] Level 1:colcon.colcon_core.environment:checking '/home/sungbhin/hpc/install/interfaces_pkg/bin'
[9.694s] INFO:colcon.colcon_core.shell:Creating package script '/home/sungbhin/hpc/install/interfaces_pkg/share/interfaces_pkg/package.ps1'
[9.695s] INFO:colcon.colcon_core.shell:Creating package descriptor '/home/sungbhin/hpc/install/interfaces_pkg/share/interfaces_pkg/package.dsv'
[9.695s] INFO:colcon.colcon_core.shell:Creating package script '/home/sungbhin/hpc/install/interfaces_pkg/share/interfaces_pkg/package.sh'
[9.695s] INFO:colcon.colcon_core.shell:Creating package script '/home/sungbhin/hpc/install/interfaces_pkg/share/interfaces_pkg/package.bash'
[9.696s] INFO:colcon.colcon_core.shell:Creating package script '/home/sungbhin/hpc/install/interfaces_pkg/share/interfaces_pkg/package.zsh'
[9.696s] Level 1:colcon.colcon_core.environment:create_file_with_runtime_dependencies(/home/sungbhin/hpc/install/interfaces_pkg/share/colcon-core/packages/interfaces_pkg)
[9.696s] DEBUG:colcon.colcon_parallel_executor.executor.parallel:closing loop
[9.696s] DEBUG:colcon.colcon_parallel_executor.executor.parallel:loop closed
[9.696s] DEBUG:colcon.colcon_parallel_executor.executor.parallel:run_until_complete finished with '0'
[9.696s] DEBUG:colcon.colcon_core.event_reactor:joining thread
[9.701s] INFO:colcon.colcon_core.plugin_system:Skipping extension 'colcon_notification.desktop_notification.terminal_notifier': Not used on non-Darwin systems
[9.701s] INFO:colcon.colcon_core.plugin_system:Skipping extension 'colcon_notification.desktop_notification.win32': Not used on non-Windows systems
[9.701s] INFO:colcon.colcon_notification.desktop_notification:Sending desktop notification using 'notify2'
[9.710s] DEBUG:colcon.colcon_core.event_reactor:joined thread
[9.710s] INFO:colcon.colcon_core.shell:Creating prefix script '/home/sungbhin/hpc/install/local_setup.ps1'
[9.711s] INFO:colcon.colcon_core.shell:Creating prefix util module '/home/sungbhin/hpc/install/_local_setup_util_ps1.py'
[9.712s] INFO:colcon.colcon_core.shell:Creating prefix chain script '/home/sungbhin/hpc/install/setup.ps1'
[9.713s] INFO:colcon.colcon_core.shell:Creating prefix script '/home/sungbhin/hpc/install/local_setup.sh'
[9.713s] INFO:colcon.colcon_core.shell:Creating prefix util module '/home/sungbhin/hpc/install/_local_setup_util_sh.py'
[9.713s] INFO:colcon.colcon_core.shell:Creating prefix chain script '/home/sungbhin/hpc/install/setup.sh'
[9.714s] INFO:colcon.colcon_core.shell:Creating prefix script '/home/sungbhin/hpc/install/local_setup.bash'
[9.714s] INFO:colcon.colcon_core.shell:Creating prefix chain script '/home/sungbhin/hpc/install/setup.bash'
[9.715s] INFO:colcon.colcon_core.shell:Creating prefix script '/home/sungbhin/hpc/install/local_setup.zsh'
[9.715s] INFO:colcon.colcon_core.shell:Creating prefix chain script '/home/sungbhin/hpc/install/setup.zsh'
