[1.302s] Invoking command in '/home/sungbhin/hpc/build/debug_pkg': PYTHONPATH=/home/sungbhin/hpc/build/debug_pkg/prefix_override:/usr/lib/python3/dist-packages/colcon_core/task/python/colcon_distutils_commands:/home/sungbhin/hpc/install/debug_pkg/lib/python3.10/site-packages:${PYTHONPATH} /usr/bin/python3 -W ignore:setup.py install is deprecated -W ignore:easy_install command is deprecated setup.py develop --editable --build-directory /home/sungbhin/hpc/build/debug_pkg/build --no-deps symlink_data
[1.524s] running develop
[1.667s] running egg_info
[1.667s] creating debug_pkg.egg-info
[1.668s] writing debug_pkg.egg-info/PKG-INFO
[1.668s] writing dependency_links to debug_pkg.egg-info/dependency_links.txt
[1.668s] writing entry points to debug_pkg.egg-info/entry_points.txt
[1.668s] writing requirements to debug_pkg.egg-info/requires.txt
[1.669s] writing top-level names to debug_pkg.egg-info/top_level.txt
[1.670s] writing manifest file 'debug_pkg.egg-info/SOURCES.txt'
[1.670s] reading manifest file 'debug_pkg.egg-info/SOURCES.txt'
[1.670s] writing manifest file 'debug_pkg.egg-info/SOURCES.txt'
[1.670s] running build_ext
[1.671s] Creating /home/sungbhin/hpc/install/debug_pkg/lib/python3.10/site-packages/debug-pkg.egg-link (link to .)
[1.671s] Installing path_visualizer_node script to /home/sungbhin/hpc/install/debug_pkg/lib/debug_pkg
[1.671s] Installing yolov8_visualizer_node script to /home/sungbhin/hpc/install/debug_pkg/lib/debug_pkg
[1.672s] 
[1.672s] Installed /home/sungbhin/hpc/build/debug_pkg
[1.673s] running symlink_data
[1.673s] creating /home/sungbhin/hpc/install/debug_pkg/share/ament_index
[1.673s] creating /home/sungbhin/hpc/install/debug_pkg/share/ament_index/resource_index
[1.673s] creating /home/sungbhin/hpc/install/debug_pkg/share/ament_index/resource_index/packages
[1.673s] symbolically linking /home/sungbhin/hpc/build/debug_pkg/resource/debug_pkg -> /home/sungbhin/hpc/install/debug_pkg/share/ament_index/resource_index/packages
[1.673s] symbolically linking /home/sungbhin/hpc/build/debug_pkg/package.xml -> /home/sungbhin/hpc/install/debug_pkg/share/debug_pkg
[1.735s] Invoked command in '/home/sungbhin/hpc/build/debug_pkg' returned '0': PYTHONPATH=/home/sungbhin/hpc/build/debug_pkg/prefix_override:/usr/lib/python3/dist-packages/colcon_core/task/python/colcon_distutils_commands:/home/sungbhin/hpc/install/debug_pkg/lib/python3.10/site-packages:${PYTHONPATH} /usr/bin/python3 -W ignore:setup.py install is deprecated -W ignore:easy_install command is deprecated setup.py develop --editable --build-directory /home/sungbhin/hpc/build/debug_pkg/build --no-deps symlink_data
