[1.295s] Invoking command in '/home/sungbhin/hpc/build/serial_communication_pkg': PYTHONPATH=/home/sungbhin/hpc/build/serial_communication_pkg/prefix_override:/usr/lib/python3/dist-packages/colcon_core/task/python/colcon_distutils_commands:/home/sungbhin/hpc/install/serial_communication_pkg/lib/python3.10/site-packages:${PYTHONPATH} /usr/bin/python3 -W ignore:setup.py install is deprecated -W ignore:easy_install command is deprecated setup.py develop --editable --build-directory /home/sungbhin/hpc/build/serial_communication_pkg/build --no-deps symlink_data
[1.519s] running develop
[1.662s] running egg_info
[1.662s] creating serial_communication_pkg.egg-info
[1.662s] writing serial_communication_pkg.egg-info/PKG-INFO
[1.663s] writing dependency_links to serial_communication_pkg.egg-info/dependency_links.txt
[1.663s] writing entry points to serial_communication_pkg.egg-info/entry_points.txt
[1.663s] writing requirements to serial_communication_pkg.egg-info/requires.txt
[1.663s] writing top-level names to serial_communication_pkg.egg-info/top_level.txt
[1.663s] writing manifest file 'serial_communication_pkg.egg-info/SOURCES.txt'
[1.665s] reading manifest file 'serial_communication_pkg.egg-info/SOURCES.txt'
[1.666s] writing manifest file 'serial_communication_pkg.egg-info/SOURCES.txt'
[1.667s] running build_ext
[1.667s] Creating /home/sungbhin/hpc/install/serial_communication_pkg/lib/python3.10/site-packages/serial-communication-pkg.egg-link (link to .)
[1.668s] Installing serial_sender_node script to /home/sungbhin/hpc/install/serial_communication_pkg/lib/serial_communication_pkg
[1.668s] 
[1.668s] Installed /home/sungbhin/hpc/build/serial_communication_pkg
[1.668s] running symlink_data
[1.668s] creating /home/sungbhin/hpc/install/serial_communication_pkg/share/ament_index
[1.668s] creating /home/sungbhin/hpc/install/serial_communication_pkg/share/ament_index/resource_index
[1.669s] creating /home/sungbhin/hpc/install/serial_communication_pkg/share/ament_index/resource_index/packages
[1.669s] symbolically linking /home/sungbhin/hpc/build/serial_communication_pkg/resource/serial_communication_pkg -> /home/sungbhin/hpc/install/serial_communication_pkg/share/ament_index/resource_index/packages
[1.669s] symbolically linking /home/sungbhin/hpc/build/serial_communication_pkg/package.xml -> /home/sungbhin/hpc/install/serial_communication_pkg/share/serial_communication_pkg
[1.749s] Invoked command in '/home/sungbhin/hpc/build/serial_communication_pkg' returned '0': PYTHONPATH=/home/sungbhin/hpc/build/serial_communication_pkg/prefix_override:/usr/lib/python3/dist-packages/colcon_core/task/python/colcon_distutils_commands:/home/sungbhin/hpc/install/serial_communication_pkg/lib/python3.10/site-packages:${PYTHONPATH} /usr/bin/python3 -W ignore:setup.py install is deprecated -W ignore:easy_install command is deprecated setup.py develop --editable --build-directory /home/sungbhin/hpc/build/serial_communication_pkg/build --no-deps symlink_data
