[0.561s] Invoking command in '/home/sungbhin/hpc/src/data_collection_pkg': LD_LIBRARY_PATH=/home/sungbhin/hpc/install/interfaces_pkg/lib:/opt/ros/humble/opt/rviz_ogre_vendor/lib:/opt/ros/humble/lib/x86_64-linux-gnu:/opt/ros/humble/lib PYTHONPATH=/home/sungbhin/hpc/build/data_collection_pkg/prefix_override:/usr/lib/python3/dist-packages/colcon_core/task/python/colcon_distutils_commands:/home/sungbhin/hpc/install/data_collection_pkg/lib/python3.10/site-packages:${PYTHONPATH} /usr/bin/python3 -W ignore:setup.py install is deprecated -W ignore:easy_install command is deprecated setup.py egg_info --egg-base ../../build/data_collection_pkg build --build-base /home/sungbhin/hpc/build/data_collection_pkg/build install --record /home/sungbhin/hpc/build/data_collection_pkg/install.log --single-version-externally-managed install_data
[0.761s] running egg_info
[0.762s] writing ../../build/data_collection_pkg/data_collection_pkg.egg-info/PKG-INFO
[0.762s] writing dependency_links to ../../build/data_collection_pkg/data_collection_pkg.egg-info/dependency_links.txt
[0.762s] writing entry points to ../../build/data_collection_pkg/data_collection_pkg.egg-info/entry_points.txt
[0.762s] writing requirements to ../../build/data_collection_pkg/data_collection_pkg.egg-info/requires.txt
[0.762s] writing top-level names to ../../build/data_collection_pkg/data_collection_pkg.egg-info/top_level.txt
[0.763s] reading manifest file '../../build/data_collection_pkg/data_collection_pkg.egg-info/SOURCES.txt'
[0.764s] writing manifest file '../../build/data_collection_pkg/data_collection_pkg.egg-info/SOURCES.txt'
[0.764s] running build
[0.764s] running build_py
[0.764s] copying data_collection_pkg/data_collection_node.py -> /home/sungbhin/hpc/build/data_collection_pkg/build/lib/data_collection_pkg
[0.765s] running install
[0.765s] running install_lib
[0.765s] copying /home/sungbhin/hpc/build/data_collection_pkg/build/lib/data_collection_pkg/data_collection_node.py -> /home/sungbhin/hpc/install/data_collection_pkg/lib/python3.10/site-packages/data_collection_pkg
[0.766s] byte-compiling /home/sungbhin/hpc/install/data_collection_pkg/lib/python3.10/site-packages/data_collection_pkg/data_collection_node.py to data_collection_node.cpython-310.pyc
[0.767s] running install_data
[0.767s] running install_egg_info
[0.768s] removing '/home/sungbhin/hpc/install/data_collection_pkg/lib/python3.10/site-packages/data_collection_pkg-0.0.0-py3.10.egg-info' (and everything under it)
[0.769s] Copying ../../build/data_collection_pkg/data_collection_pkg.egg-info to /home/sungbhin/hpc/install/data_collection_pkg/lib/python3.10/site-packages/data_collection_pkg-0.0.0-py3.10.egg-info
[0.769s] running install_scripts
[0.787s] Installing data_collection_node script to /home/sungbhin/hpc/install/data_collection_pkg/lib/data_collection_pkg
[0.787s] writing list of installed files to '/home/sungbhin/hpc/build/data_collection_pkg/install.log'
[0.826s] Invoked command in '/home/sungbhin/hpc/src/data_collection_pkg' returned '0': LD_LIBRARY_PATH=/home/sungbhin/hpc/install/interfaces_pkg/lib:/opt/ros/humble/opt/rviz_ogre_vendor/lib:/opt/ros/humble/lib/x86_64-linux-gnu:/opt/ros/humble/lib PYTHONPATH=/home/sungbhin/hpc/build/data_collection_pkg/prefix_override:/usr/lib/python3/dist-packages/colcon_core/task/python/colcon_distutils_commands:/home/sungbhin/hpc/install/data_collection_pkg/lib/python3.10/site-packages:${PYTHONPATH} /usr/bin/python3 -W ignore:setup.py install is deprecated -W ignore:easy_install command is deprecated setup.py egg_info --egg-base ../../build/data_collection_pkg build --build-base /home/sungbhin/hpc/build/data_collection_pkg/build install --record /home/sungbhin/hpc/build/data_collection_pkg/install.log --single-version-externally-managed install_data
