[0.401s] Invoking command in '/home/sungbhin/hpc/src/data_collection_pkg': AMENT_PREFIX_PATH=/home/sungbhin/hpc/install/interfaces_pkg CMAKE_PREFIX_PATH=/home/sungbhin/hpc/install/interfaces_pkg LD_LIBRARY_PATH=/home/sungbhin/hpc/install/interfaces_pkg/lib PYTHONPATH=/home/sungbhin/hpc/build/data_collection_pkg/prefix_override:/usr/lib/python3/dist-packages/colcon_core/task/python/colcon_distutils_commands:/home/sungbhin/hpc/install/data_collection_pkg/lib/python3.10/site-packages:/home/sungbhin/hpc/install/interfaces_pkg/local/lib/python3.10/dist-packages /usr/bin/python3 -W ignore:setup.py install is deprecated -W ignore:easy_install command is deprecated setup.py egg_info --egg-base ../../build/data_collection_pkg build --build-base /home/sungbhin/hpc/build/data_collection_pkg/build install --record /home/sungbhin/hpc/build/data_collection_pkg/install.log --single-version-externally-managed install_data
[0.553s] running egg_info
[0.554s] writing ../../build/data_collection_pkg/data_collection_pkg.egg-info/PKG-INFO
[0.554s] writing dependency_links to ../../build/data_collection_pkg/data_collection_pkg.egg-info/dependency_links.txt
[0.554s] writing entry points to ../../build/data_collection_pkg/data_collection_pkg.egg-info/entry_points.txt
[0.554s] writing requirements to ../../build/data_collection_pkg/data_collection_pkg.egg-info/requires.txt
[0.554s] writing top-level names to ../../build/data_collection_pkg/data_collection_pkg.egg-info/top_level.txt
[0.555s] reading manifest file '../../build/data_collection_pkg/data_collection_pkg.egg-info/SOURCES.txt'
[0.561s] writing manifest file '../../build/data_collection_pkg/data_collection_pkg.egg-info/SOURCES.txt'
[0.562s] running build
[0.562s] running build_py
[0.562s] copying data_collection_pkg/data_collection_node.py -> /home/sungbhin/hpc/build/data_collection_pkg/build/lib/data_collection_pkg
[0.562s] running install
[0.562s] running install_lib
[0.562s] copying /home/sungbhin/hpc/build/data_collection_pkg/build/lib/data_collection_pkg/data_collection_node.py -> /home/sungbhin/hpc/install/data_collection_pkg/lib/python3.10/site-packages/data_collection_pkg
[0.563s] byte-compiling /home/sungbhin/hpc/install/data_collection_pkg/lib/python3.10/site-packages/data_collection_pkg/data_collection_node.py to data_collection_node.cpython-310.pyc
[0.564s] running install_data
[0.564s] running install_egg_info
[0.565s] removing '/home/sungbhin/hpc/install/data_collection_pkg/lib/python3.10/site-packages/data_collection_pkg-0.0.0-py3.10.egg-info' (and everything under it)
[0.565s] Copying ../../build/data_collection_pkg/data_collection_pkg.egg-info to /home/sungbhin/hpc/install/data_collection_pkg/lib/python3.10/site-packages/data_collection_pkg-0.0.0-py3.10.egg-info
[0.566s] running install_scripts
[0.579s] Installing data_collection_node script to /home/sungbhin/hpc/install/data_collection_pkg/lib/data_collection_pkg
[0.579s] writing list of installed files to '/home/sungbhin/hpc/build/data_collection_pkg/install.log'
[0.595s] Invoked command in '/home/sungbhin/hpc/src/data_collection_pkg' returned '0': AMENT_PREFIX_PATH=/home/sungbhin/hpc/install/interfaces_pkg CMAKE_PREFIX_PATH=/home/sungbhin/hpc/install/interfaces_pkg LD_LIBRARY_PATH=/home/sungbhin/hpc/install/interfaces_pkg/lib PYTHONPATH=/home/sungbhin/hpc/build/data_collection_pkg/prefix_override:/usr/lib/python3/dist-packages/colcon_core/task/python/colcon_distutils_commands:/home/sungbhin/hpc/install/data_collection_pkg/lib/python3.10/site-packages:/home/sungbhin/hpc/install/interfaces_pkg/local/lib/python3.10/dist-packages /usr/bin/python3 -W ignore:setup.py install is deprecated -W ignore:easy_install command is deprecated setup.py egg_info --egg-base ../../build/data_collection_pkg build --build-base /home/sungbhin/hpc/build/data_collection_pkg/build install --record /home/sungbhin/hpc/build/data_collection_pkg/install.log --single-version-externally-managed install_data
