[1.289s] Invoking command in '/home/sungbhin/hpc/build/lidar_perception_pkg': PYTHONPATH=/home/sungbhin/hpc/build/lidar_perception_pkg/prefix_override:/usr/lib/python3/dist-packages/colcon_core/task/python/colcon_distutils_commands:/home/sungbhin/hpc/install/lidar_perception_pkg/lib/python3.10/site-packages:${PYTHONPATH} /usr/bin/python3 -W ignore:setup.py install is deprecated -W ignore:easy_install command is deprecated setup.py develop --editable --build-directory /home/sungbhin/hpc/build/lidar_perception_pkg/build --no-deps symlink_data
[1.515s] running develop
[1.658s] running egg_info
[1.658s] creating lidar_perception_pkg.egg-info
[1.659s] writing lidar_perception_pkg.egg-info/PKG-INFO
[1.659s] writing dependency_links to lidar_perception_pkg.egg-info/dependency_links.txt
[1.660s] writing entry points to lidar_perception_pkg.egg-info/entry_points.txt
[1.660s] writing requirements to lidar_perception_pkg.egg-info/requires.txt
[1.660s] writing top-level names to lidar_perception_pkg.egg-info/top_level.txt
[1.661s] writing manifest file 'lidar_perception_pkg.egg-info/SOURCES.txt'
[1.661s] reading manifest file 'lidar_perception_pkg.egg-info/SOURCES.txt'
[1.662s] writing manifest file 'lidar_perception_pkg.egg-info/SOURCES.txt'
[1.663s] running build_ext
[1.663s] Creating /home/sungbhin/hpc/install/lidar_perception_pkg/lib/python3.10/site-packages/lidar-perception-pkg.egg-link (link to .)
[1.665s] Installing lidar_obstacle_detector_node script to /home/sungbhin/hpc/install/lidar_perception_pkg/lib/lidar_perception_pkg
[1.665s] Installing lidar_processor_node script to /home/sungbhin/hpc/install/lidar_perception_pkg/lib/lidar_perception_pkg
[1.665s] Installing lidar_publisher_node script to /home/sungbhin/hpc/install/lidar_perception_pkg/lib/lidar_perception_pkg
[1.665s] 
[1.665s] Installed /home/sungbhin/hpc/build/lidar_perception_pkg
[1.665s] running symlink_data
[1.665s] creating /home/sungbhin/hpc/install/lidar_perception_pkg/share/ament_index
[1.665s] creating /home/sungbhin/hpc/install/lidar_perception_pkg/share/ament_index/resource_index
[1.665s] creating /home/sungbhin/hpc/install/lidar_perception_pkg/share/ament_index/resource_index/packages
[1.665s] symbolically linking /home/sungbhin/hpc/build/lidar_perception_pkg/resource/lidar_perception_pkg -> /home/sungbhin/hpc/install/lidar_perception_pkg/share/ament_index/resource_index/packages
[1.665s] symbolically linking /home/sungbhin/hpc/build/lidar_perception_pkg/package.xml -> /home/sungbhin/hpc/install/lidar_perception_pkg/share/lidar_perception_pkg
[1.741s] Invoked command in '/home/sungbhin/hpc/build/lidar_perception_pkg' returned '0': PYTHONPATH=/home/sungbhin/hpc/build/lidar_perception_pkg/prefix_override:/usr/lib/python3/dist-packages/colcon_core/task/python/colcon_distutils_commands:/home/sungbhin/hpc/install/lidar_perception_pkg/lib/python3.10/site-packages:${PYTHONPATH} /usr/bin/python3 -W ignore:setup.py install is deprecated -W ignore:easy_install command is deprecated setup.py develop --editable --build-directory /home/sungbhin/hpc/build/lidar_perception_pkg/build --no-deps symlink_data
