[0.570s] Invoking command in '/home/sungbhin/hpc/build/interfaces_pkg': CMAKE_PREFIX_PATH=/opt/ros/humble /usr/local/bin/cmake /home/sungbhin/hpc/src/interfaces_pkg -DAMENT_CMAKE_SYMLINK_INSTALL=1 -DCMAKE_INSTALL_PREFIX=/home/sungbhin/hpc/install/interfaces_pkg
[0.769s] -- The C compiler identification is GNU 11.4.0
[0.769s] -- The CXX compiler identification is GNU 11.4.0
[0.769s] -- Detecting C compiler ABI info
[0.769s] -- Detecting C compiler ABI info - done
[0.769s] -- Check for working C compiler: /usr/bin/cc - skipped
[0.769s] -- Detecting C compile features
[0.769s] -- Detecting C compile features - done
[0.769s] -- Detecting CXX compiler ABI info
[0.769s] [0mCMake Deprecation Warning at CMakeLists.txt:1 (cmake_minimum_required):
[0.770s]   Compatibility with CMake < 3.10 will be removed from a future version of
[0.770s]   CMake.
[0.770s] 
[0.770s]   Update the VERSION argument <min> value or use a ...<max> suffix to tell
[0.770s]   CMake that the project does not need compatibility with older versions.
[0.770s] 
[0.770s] [0m
[0.816s] -- Detecting CXX compiler ABI info - done
[0.828s] -- Check for working CXX compiler: /usr/bin/c++ - skipped
[0.829s] -- Detecting CXX compile features
[0.829s] -- Detecting CXX compile features - done
[0.838s] -- Found ament_cmake: 1.3.11 (/opt/ros/humble/share/ament_cmake/cmake)
[0.940s] -- Found Python3: /usr/bin/python3 (found version "3.10.12") found components: Interpreter
[0.989s] -- Override CMake install command with custom implementation using symlinks instead of copying resources
[1.009s] -- Found rosidl_default_generators: 1.2.0 (/opt/ros/humble/share/rosidl_default_generators/cmake)
[1.011s] -- Using all available rosidl_typesupport_c: rosidl_typesupport_fastrtps_c;rosidl_typesupport_introspection_c
[1.016s] -- Found rosidl_adapter: 3.1.6 (/opt/ros/humble/share/rosidl_adapter/cmake)
[1.051s] -- Using all available rosidl_typesupport_cpp: rosidl_typesupport_fastrtps_cpp;rosidl_typesupport_introspection_cpp
[1.081s] -- Found std_msgs: 4.2.4 (/opt/ros/humble/share/std_msgs/cmake)
[1.106s] -- Found geometry_msgs: 4.2.4 (/opt/ros/humble/share/geometry_msgs/cmake)
[1.557s] -- Found ament_cmake_ros: 0.10.0 (/opt/ros/humble/share/ament_cmake_ros/cmake)
[1.951s] -- Using all available rosidl_typesupport_c: rosidl_typesupport_fastrtps_c;rosidl_typesupport_introspection_c
[2.430s] -- Using all available rosidl_typesupport_cpp: rosidl_typesupport_fastrtps_cpp;rosidl_typesupport_introspection_cpp
[2.431s] [33mCMake Warning (dev) at /opt/ros/humble/share/rosidl_generator_py/cmake/rosidl_generator_py_generate_interfaces.cmake:20 (find_package):
[2.431s]   Policy CMP0148 is not set: The FindPythonInterp and FindPythonLibs modules
[2.431s]   are removed.  Run "cmake --help-policy CMP0148" for policy details.  Use
[2.431s]   the cmake_policy command to set the policy and suppress this warning.
[2.432s] 
[2.432s] Call Stack (most recent call first):
[2.432s]   /opt/ros/humble/share/ament_cmake_core/cmake/core/ament_execute_extensions.cmake:48 (include)
[2.432s]   /opt/ros/humble/share/rosidl_cmake/cmake/rosidl_generate_interfaces.cmake:286 (ament_execute_extensions)
[2.432s]   CMakeLists.txt:10 (rosidl_generate_interfaces)
[2.432s] This warning is for project developers.  Use -Wno-dev to suppress it.
[2.432s] [0m
[2.448s] -- Found PythonInterp: /usr/bin/python3 (found suitable version "3.10.12", minimum required is "3.6")
[2.449s] -- Found python_cmake_module: 0.10.0 (/opt/ros/humble/share/python_cmake_module/cmake)
[2.449s] [33mCMake Warning (dev) at /opt/ros/humble/share/python_cmake_module/cmake/Modules/FindPythonExtra.cmake:52 (find_package):
[2.449s]   Policy CMP0148 is not set: The FindPythonInterp and FindPythonLibs modules
[2.449s]   are removed.  Run "cmake --help-policy CMP0148" for policy details.  Use
[2.449s]   the cmake_policy command to set the policy and suppress this warning.
[2.449s] 
[2.449s] Call Stack (most recent call first):
[2.449s]   /opt/ros/humble/share/rosidl_generator_py/cmake/rosidl_generator_py_generate_interfaces.cmake:23 (find_package)
[2.449s]   /opt/ros/humble/share/ament_cmake_core/cmake/core/ament_execute_extensions.cmake:48 (include)
[2.449s]   /opt/ros/humble/share/rosidl_cmake/cmake/rosidl_generate_interfaces.cmake:286 (ament_execute_extensions)
[2.449s]   CMakeLists.txt:10 (rosidl_generate_interfaces)
[2.449s] This warning is for project developers.  Use -Wno-dev to suppress it.
[2.449s] [0m
[2.465s] [33mCMake Warning (dev) at /opt/ros/humble/share/python_cmake_module/cmake/Modules/FindPythonExtra.cmake:140 (find_package):
[2.465s]   Policy CMP0148 is not set: The FindPythonInterp and FindPythonLibs modules
[2.465s]   are removed.  Run "cmake --help-policy CMP0148" for policy details.  Use
[2.465s]   the cmake_policy command to set the policy and suppress this warning.
[2.465s] 
[2.465s] Call Stack (most recent call first):
[2.465s]   /opt/ros/humble/share/rosidl_generator_py/cmake/rosidl_generator_py_generate_interfaces.cmake:23 (find_package)
[2.465s]   /opt/ros/humble/share/ament_cmake_core/cmake/core/ament_execute_extensions.cmake:48 (include)
[2.465s]   /opt/ros/humble/share/rosidl_cmake/cmake/rosidl_generate_interfaces.cmake:286 (ament_execute_extensions)
[2.465s]   CMakeLists.txt:10 (rosidl_generate_interfaces)
[2.466s] This warning is for project developers.  Use -Wno-dev to suppress it.
[2.466s] [0m
[2.470s] -- Found PythonLibs: /usr/lib/x86_64-linux-gnu/libpython3.10.so (found suitable version "3.10.12", minimum required is "3.5")
[2.470s] -- Using PYTHON_EXECUTABLE: /usr/bin/python3
[2.470s] -- Using PYTHON_INCLUDE_DIRS: /usr/include/python3.10
[2.470s] -- Using PYTHON_LIBRARIES: /usr/lib/x86_64-linux-gnu/libpython3.10.so
[2.485s] -- Found PythonExtra: .so
[2.543s] -- Configuring done (2.0s)
[2.593s] -- Generating done (0.1s)
[2.601s] -- Build files have been written to: /home/sungbhin/hpc/build/interfaces_pkg
[2.609s] Invoked command in '/home/sungbhin/hpc/build/interfaces_pkg' returned '0': CMAKE_PREFIX_PATH=/opt/ros/humble /usr/local/bin/cmake /home/sungbhin/hpc/src/interfaces_pkg -DAMENT_CMAKE_SYMLINK_INSTALL=1 -DCMAKE_INSTALL_PREFIX=/home/sungbhin/hpc/install/interfaces_pkg
[2.611s] Invoking command in '/home/sungbhin/hpc/build/interfaces_pkg': CMAKE_PREFIX_PATH=/opt/ros/humble /usr/local/bin/cmake --build /home/sungbhin/hpc/build/interfaces_pkg -- -j16 -l16
[2.636s] [  0%] [34m[1mGenerating C code for ROS interfaces[0m
[2.642s] [  0%] [34m[1mGenerating C++ code for ROS interfaces[0m
[2.643s] [  0%] Built target ament_cmake_python_symlink_interfaces_pkg
[2.832s] running egg_info
[2.832s] creating interfaces_pkg.egg-info
[2.832s] writing interfaces_pkg.egg-info/PKG-INFO
[2.832s] writing dependency_links to interfaces_pkg.egg-info/dependency_links.txt
[2.833s] writing top-level names to interfaces_pkg.egg-info/top_level.txt
[2.833s] writing manifest file 'interfaces_pkg.egg-info/SOURCES.txt'
[2.834s] reading manifest file 'interfaces_pkg.egg-info/SOURCES.txt'
[2.834s] writing manifest file 'interfaces_pkg.egg-info/SOURCES.txt'
[2.852s] [  0%] Built target ament_cmake_python_build_interfaces_pkg_egg
[3.432s] [  0%] Built target interfaces_pkg__cpp
[3.439s] [  1%] [34m[1mGenerating C++ type support dispatch for ROS interfaces[0m
[3.439s] [  1%] [34m[1mGenerating C++ introspection for ROS interfaces[0m
[3.439s] [  2%] [34m[1mGenerating C++ type support for eProsima Fast-RTPS[0m
[3.490s] [  5%] [32mBuilding C object CMakeFiles/interfaces_pkg__rosidl_generator_c.dir/rosidl_generator_c/interfaces_pkg/msg/detail/bounding_box3_d__functions.c.o[0m
[3.490s] [  6%] [32mBuilding C object CMakeFiles/interfaces_pkg__rosidl_generator_c.dir/rosidl_generator_c/interfaces_pkg/msg/detail/point2_d__functions.c.o[0m
[3.491s] [  6%] [32mBuilding C object CMakeFiles/interfaces_pkg__rosidl_generator_c.dir/rosidl_generator_c/interfaces_pkg/msg/detail/vector2__functions.c.o[0m
[3.491s] [  3%] [32mBuilding C object CMakeFiles/interfaces_pkg__rosidl_generator_c.dir/rosidl_generator_c/interfaces_pkg/msg/detail/pose2_d__functions.c.o[0m
[3.491s] [  3%] [32mBuilding C object CMakeFiles/interfaces_pkg__rosidl_generator_c.dir/rosidl_generator_c/interfaces_pkg/msg/detail/mask__functions.c.o[0m
[3.491s] [  8%] [32mBuilding C object CMakeFiles/interfaces_pkg__rosidl_generator_c.dir/rosidl_generator_c/interfaces_pkg/msg/detail/key_point2_d__functions.c.o[0m
[3.491s] [  8%] [32mBuilding C object CMakeFiles/interfaces_pkg__rosidl_generator_c.dir/rosidl_generator_c/interfaces_pkg/msg/detail/key_point2_d_array__functions.c.o[0m
[3.491s] [  6%] [32mBuilding C object CMakeFiles/interfaces_pkg__rosidl_generator_c.dir/rosidl_generator_c/interfaces_pkg/msg/detail/bounding_box2_d__functions.c.o[0m
[3.491s] [  8%] [32mBuilding C object CMakeFiles/interfaces_pkg__rosidl_generator_c.dir/rosidl_generator_c/interfaces_pkg/msg/detail/key_point3_d__functions.c.o[0m
[3.491s] [  9%] [32mBuilding C object CMakeFiles/interfaces_pkg__rosidl_generator_c.dir/rosidl_generator_c/interfaces_pkg/msg/detail/key_point3_d_array__functions.c.o[0m
[3.492s] [ 10%] [32mBuilding C object CMakeFiles/interfaces_pkg__rosidl_generator_c.dir/rosidl_generator_c/interfaces_pkg/msg/detail/detection__functions.c.o[0m
[3.492s] [ 11%] [32mBuilding C object CMakeFiles/interfaces_pkg__rosidl_generator_c.dir/rosidl_generator_c/interfaces_pkg/msg/detail/lane_info__functions.c.o[0m
[3.492s] [ 11%] [32mBuilding C object CMakeFiles/interfaces_pkg__rosidl_generator_c.dir/rosidl_generator_c/interfaces_pkg/msg/detail/detection_array__functions.c.o[0m
[3.545s] [ 13%] [32mBuilding C object CMakeFiles/interfaces_pkg__rosidl_generator_c.dir/rosidl_generator_c/interfaces_pkg/msg/detail/path_planning_result__functions.c.o[0m
[3.545s] [ 13%] [32mBuilding C object CMakeFiles/interfaces_pkg__rosidl_generator_c.dir/rosidl_generator_c/interfaces_pkg/msg/detail/target_point__functions.c.o[0m
[3.545s] [ 13%] [32mBuilding C object CMakeFiles/interfaces_pkg__rosidl_generator_c.dir/rosidl_generator_c/interfaces_pkg/msg/detail/motion_command__functions.c.o[0m
[3.582s] [ 14%] [32m[1mLinking C shared library libinterfaces_pkg__rosidl_generator_c.so[0m
[3.612s] [ 14%] Built target interfaces_pkg__rosidl_generator_c
[3.618s] [ 17%] [34m[1mGenerating C introspection for ROS interfaces[0m
[3.618s] [ 17%] [34m[1mGenerating C type support dispatch for ROS interfaces[0m
[3.618s] [ 17%] [34m[1mGenerating C type support for eProsima Fast-RTPS[0m
[4.072s] [ 20%] [32mBuilding CXX object CMakeFiles/interfaces_pkg__rosidl_typesupport_cpp.dir/rosidl_typesupport_cpp/interfaces_pkg/msg/point2_d__type_support.cpp.o[0m
[4.072s] [ 20%] [32mBuilding CXX object CMakeFiles/interfaces_pkg__rosidl_typesupport_cpp.dir/rosidl_typesupport_cpp/interfaces_pkg/msg/bounding_box2_d__type_support.cpp.o[0m
[4.072s] [ 20%] [32mBuilding CXX object CMakeFiles/interfaces_pkg__rosidl_typesupport_cpp.dir/rosidl_typesupport_cpp/interfaces_pkg/msg/bounding_box3_d__type_support.cpp.o[0m
[4.072s] [ 20%] [32mBuilding CXX object CMakeFiles/interfaces_pkg__rosidl_typesupport_cpp.dir/rosidl_typesupport_cpp/interfaces_pkg/msg/vector2__type_support.cpp.o[0m
[4.072s] [ 20%] [32mBuilding CXX object CMakeFiles/interfaces_pkg__rosidl_typesupport_cpp.dir/rosidl_typesupport_cpp/interfaces_pkg/msg/pose2_d__type_support.cpp.o[0m
[4.072s] [ 22%] [32mBuilding CXX object CMakeFiles/interfaces_pkg__rosidl_typesupport_cpp.dir/rosidl_typesupport_cpp/interfaces_pkg/msg/mask__type_support.cpp.o[0m
[4.072s] [ 22%] [32mBuilding CXX object CMakeFiles/interfaces_pkg__rosidl_typesupport_cpp.dir/rosidl_typesupport_cpp/interfaces_pkg/msg/key_point2_d__type_support.cpp.o[0m
[4.073s] [ 23%] [32mBuilding CXX object CMakeFiles/interfaces_pkg__rosidl_typesupport_cpp.dir/rosidl_typesupport_cpp/interfaces_pkg/msg/key_point3_d__type_support.cpp.o[0m
[4.073s] [ 23%] [32mBuilding CXX object CMakeFiles/interfaces_pkg__rosidl_typesupport_cpp.dir/rosidl_typesupport_cpp/interfaces_pkg/msg/key_point2_d_array__type_support.cpp.o[0m
[4.073s] [ 23%] [32mBuilding CXX object CMakeFiles/interfaces_pkg__rosidl_typesupport_cpp.dir/rosidl_typesupport_cpp/interfaces_pkg/msg/detection__type_support.cpp.o[0m
[4.074s] [ 24%] [32mBuilding CXX object CMakeFiles/interfaces_pkg__rosidl_typesupport_cpp.dir/rosidl_typesupport_cpp/interfaces_pkg/msg/key_point3_d_array__type_support.cpp.o[0m
[4.421s] [ 25%] [32mBuilding CXX object CMakeFiles/interfaces_pkg__rosidl_typesupport_cpp.dir/rosidl_typesupport_cpp/interfaces_pkg/msg/detection_array__type_support.cpp.o[0m
[4.421s] [ 26%] [32mBuilding CXX object CMakeFiles/interfaces_pkg__rosidl_typesupport_cpp.dir/rosidl_typesupport_cpp/interfaces_pkg/msg/lane_info__type_support.cpp.o[0m
[4.422s] [ 26%] [32mBuilding CXX object CMakeFiles/interfaces_pkg__rosidl_typesupport_cpp.dir/rosidl_typesupport_cpp/interfaces_pkg/msg/motion_command__type_support.cpp.o[0m
[4.422s] [ 27%] [32mBuilding CXX object CMakeFiles/interfaces_pkg__rosidl_typesupport_cpp.dir/rosidl_typesupport_cpp/interfaces_pkg/msg/target_point__type_support.cpp.o[0m
[4.430s] [ 28%] [32mBuilding CXX object CMakeFiles/interfaces_pkg__rosidl_typesupport_cpp.dir/rosidl_typesupport_cpp/interfaces_pkg/msg/path_planning_result__type_support.cpp.o[0m
[4.437s] [ 28%] [32mBuilding CXX object CMakeFiles/interfaces_pkg__rosidl_typesupport_c.dir/rosidl_typesupport_c/interfaces_pkg/msg/point2_d__type_support.cpp.o[0m
[4.438s] [ 29%] [32mBuilding CXX object CMakeFiles/interfaces_pkg__rosidl_typesupport_c.dir/rosidl_typesupport_c/interfaces_pkg/msg/vector2__type_support.cpp.o[0m
[4.438s] [ 30%] [32mBuilding CXX object CMakeFiles/interfaces_pkg__rosidl_typesupport_c.dir/rosidl_typesupport_c/interfaces_pkg/msg/pose2_d__type_support.cpp.o[0m
[4.444s] [ 31%] [32mBuilding CXX object CMakeFiles/interfaces_pkg__rosidl_typesupport_introspection_cpp.dir/rosidl_typesupport_introspection_cpp/interfaces_pkg/msg/detail/point2_d__type_support.cpp.o[0m
[4.457s] [ 32%] [32mBuilding CXX object CMakeFiles/interfaces_pkg__rosidl_typesupport_c.dir/rosidl_typesupport_c/interfaces_pkg/msg/bounding_box2_d__type_support.cpp.o[0m
[4.457s] [ 32%] [32mBuilding CXX object CMakeFiles/interfaces_pkg__rosidl_typesupport_introspection_cpp.dir/rosidl_typesupport_introspection_cpp/interfaces_pkg/msg/detail/pose2_d__type_support.cpp.o[0m
[4.457s] [ 32%] [32mBuilding CXX object CMakeFiles/interfaces_pkg__rosidl_typesupport_introspection_cpp.dir/rosidl_typesupport_introspection_cpp/interfaces_pkg/msg/detail/vector2__type_support.cpp.o[0m
[4.462s] [ 33%] [32mBuilding CXX object CMakeFiles/interfaces_pkg__rosidl_typesupport_introspection_cpp.dir/rosidl_typesupport_introspection_cpp/interfaces_pkg/msg/detail/bounding_box2_d__type_support.cpp.o[0m
[4.480s] [ 34%] [32mBuilding CXX object CMakeFiles/interfaces_pkg__rosidl_typesupport_c.dir/rosidl_typesupport_c/interfaces_pkg/msg/bounding_box3_d__type_support.cpp.o[0m
[4.481s] [ 35%] [32mBuilding CXX object CMakeFiles/interfaces_pkg__rosidl_typesupport_c.dir/rosidl_typesupport_c/interfaces_pkg/msg/mask__type_support.cpp.o[0m
[4.487s] [ 35%] [32mBuilding CXX object CMakeFiles/interfaces_pkg__rosidl_typesupport_c.dir/rosidl_typesupport_c/interfaces_pkg/msg/key_point2_d__type_support.cpp.o[0m
[4.496s] [ 36%] [32mBuilding CXX object CMakeFiles/interfaces_pkg__rosidl_typesupport_introspection_cpp.dir/rosidl_typesupport_introspection_cpp/interfaces_pkg/msg/detail/bounding_box3_d__type_support.cpp.o[0m
[4.517s] [ 37%] [32mBuilding CXX object CMakeFiles/interfaces_pkg__rosidl_typesupport_c.dir/rosidl_typesupport_c/interfaces_pkg/msg/key_point2_d_array__type_support.cpp.o[0m
[4.519s] [ 37%] [32mBuilding CXX object CMakeFiles/interfaces_pkg__rosidl_typesupport_introspection_cpp.dir/rosidl_typesupport_introspection_cpp/interfaces_pkg/msg/detail/mask__type_support.cpp.o[0m
[4.520s] [ 38%] [32mBuilding CXX object CMakeFiles/interfaces_pkg__rosidl_typesupport_introspection_cpp.dir/rosidl_typesupport_introspection_cpp/interfaces_pkg/msg/detail/key_point2_d__type_support.cpp.o[0m
[4.556s] [ 39%] [32mBuilding CXX object CMakeFiles/interfaces_pkg__rosidl_typesupport_c.dir/rosidl_typesupport_c/interfaces_pkg/msg/key_point3_d__type_support.cpp.o[0m
[4.592s] [ 39%] [32mBuilding CXX object CMakeFiles/interfaces_pkg__rosidl_typesupport_c.dir/rosidl_typesupport_c/interfaces_pkg/msg/key_point3_d_array__type_support.cpp.o[0m
[4.625s] [ 40%] [32mBuilding CXX object CMakeFiles/interfaces_pkg__rosidl_typesupport_fastrtps_cpp.dir/rosidl_typesupport_fastrtps_cpp/interfaces_pkg/msg/detail/dds_fastrtps/point2_d__type_support.cpp.o[0m
[4.627s] [ 41%] [32mBuilding CXX object CMakeFiles/interfaces_pkg__rosidl_typesupport_c.dir/rosidl_typesupport_c/interfaces_pkg/msg/detection__type_support.cpp.o[0m
[4.666s] [ 42%] [32mBuilding CXX object CMakeFiles/interfaces_pkg__rosidl_typesupport_c.dir/rosidl_typesupport_c/interfaces_pkg/msg/detection_array__type_support.cpp.o[0m
[4.706s] [ 42%] [32mBuilding CXX object CMakeFiles/interfaces_pkg__rosidl_typesupport_c.dir/rosidl_typesupport_c/interfaces_pkg/msg/lane_info__type_support.cpp.o[0m
[4.748s] [ 43%] [32mBuilding CXX object CMakeFiles/interfaces_pkg__rosidl_typesupport_c.dir/rosidl_typesupport_c/interfaces_pkg/msg/motion_command__type_support.cpp.o[0m
[4.781s] [ 44%] [32mBuilding CXX object CMakeFiles/interfaces_pkg__rosidl_typesupport_introspection_cpp.dir/rosidl_typesupport_introspection_cpp/interfaces_pkg/msg/detail/key_point2_d_array__type_support.cpp.o[0m
[4.782s] [ 45%] [32mBuilding CXX object CMakeFiles/interfaces_pkg__rosidl_typesupport_c.dir/rosidl_typesupport_c/interfaces_pkg/msg/target_point__type_support.cpp.o[0m
[4.797s] [ 45%] [32mBuilding CXX object CMakeFiles/interfaces_pkg__rosidl_typesupport_fastrtps_cpp.dir/rosidl_typesupport_fastrtps_cpp/interfaces_pkg/msg/detail/dds_fastrtps/vector2__type_support.cpp.o[0m
[4.797s] [ 45%] [32mBuilding CXX object CMakeFiles/interfaces_pkg__rosidl_typesupport_introspection_cpp.dir/rosidl_typesupport_introspection_cpp/interfaces_pkg/msg/detail/key_point3_d__type_support.cpp.o[0m
[4.802s] [ 45%] [32mBuilding CXX object CMakeFiles/interfaces_pkg__rosidl_typesupport_c.dir/rosidl_typesupport_c/interfaces_pkg/msg/path_planning_result__type_support.cpp.o[0m
[4.803s] [ 46%] [32mBuilding C object CMakeFiles/interfaces_pkg__rosidl_typesupport_introspection_c.dir/rosidl_typesupport_introspection_c/interfaces_pkg/msg/detail/point2_d__type_support.c.o[0m
[4.808s] [ 46%] [32m[1mLinking CXX shared library libinterfaces_pkg__rosidl_typesupport_cpp.so[0m
[4.823s] [ 46%] [32mBuilding C object CMakeFiles/interfaces_pkg__rosidl_typesupport_introspection_c.dir/rosidl_typesupport_introspection_c/interfaces_pkg/msg/detail/vector2__type_support.c.o[0m
[4.843s] [ 47%] [32m[1mLinking CXX shared library libinterfaces_pkg__rosidl_typesupport_c.so[0m
[4.847s] [ 48%] [32mBuilding CXX object CMakeFiles/interfaces_pkg__rosidl_typesupport_introspection_cpp.dir/rosidl_typesupport_introspection_cpp/interfaces_pkg/msg/detail/key_point3_d_array__type_support.cpp.o[0m
[4.862s] [ 48%] Built target interfaces_pkg__rosidl_typesupport_cpp
[4.870s] [ 50%] [32mBuilding C object CMakeFiles/interfaces_pkg__rosidl_typesupport_introspection_c.dir/rosidl_typesupport_introspection_c/interfaces_pkg/msg/detail/pose2_d__type_support.c.o[0m
[4.870s] [ 50%] [32mBuilding CXX object CMakeFiles/interfaces_pkg__rosidl_typesupport_introspection_cpp.dir/rosidl_typesupport_introspection_cpp/interfaces_pkg/msg/detail/detection__type_support.cpp.o[0m
[4.905s] [ 50%] Built target interfaces_pkg__rosidl_typesupport_c
[4.912s] [ 51%] [32mBuilding C object CMakeFiles/interfaces_pkg__rosidl_typesupport_introspection_c.dir/rosidl_typesupport_introspection_c/interfaces_pkg/msg/detail/bounding_box2_d__type_support.c.o[0m
[4.916s] [ 51%] [32mBuilding CXX object CMakeFiles/interfaces_pkg__rosidl_typesupport_fastrtps_c.dir/rosidl_typesupport_fastrtps_c/interfaces_pkg/msg/detail/point2_d__type_support_c.cpp.o[0m
[4.925s] [ 52%] [32mBuilding CXX object CMakeFiles/interfaces_pkg__rosidl_typesupport_fastrtps_c.dir/rosidl_typesupport_fastrtps_c/interfaces_pkg/msg/detail/vector2__type_support_c.cpp.o[0m
[4.964s] [ 52%] [32mBuilding C object CMakeFiles/interfaces_pkg__rosidl_typesupport_introspection_c.dir/rosidl_typesupport_introspection_c/interfaces_pkg/msg/detail/bounding_box3_d__type_support.c.o[0m
[4.980s] [ 53%] [32mBuilding CXX object CMakeFiles/interfaces_pkg__rosidl_typesupport_fastrtps_cpp.dir/rosidl_typesupport_fastrtps_cpp/interfaces_pkg/msg/detail/dds_fastrtps/pose2_d__type_support.cpp.o[0m
[4.988s] [ 54%] [32mBuilding CXX object CMakeFiles/interfaces_pkg__rosidl_typesupport_fastrtps_c.dir/rosidl_typesupport_fastrtps_c/interfaces_pkg/msg/detail/pose2_d__type_support_c.cpp.o[0m
[5.003s] [ 55%] [32mBuilding CXX object CMakeFiles/interfaces_pkg__rosidl_typesupport_fastrtps_cpp.dir/rosidl_typesupport_fastrtps_cpp/interfaces_pkg/msg/detail/dds_fastrtps/bounding_box2_d__type_support.cpp.o[0m
[5.014s] [ 56%] [32mBuilding C object CMakeFiles/interfaces_pkg__rosidl_typesupport_introspection_c.dir/rosidl_typesupport_introspection_c/interfaces_pkg/msg/detail/mask__type_support.c.o[0m
[5.024s] [ 57%] [32mBuilding C object CMakeFiles/interfaces_pkg__rosidl_typesupport_introspection_c.dir/rosidl_typesupport_introspection_c/interfaces_pkg/msg/detail/key_point2_d__type_support.c.o[0m
[5.055s] [ 57%] [32mBuilding CXX object CMakeFiles/interfaces_pkg__rosidl_typesupport_fastrtps_cpp.dir/rosidl_typesupport_fastrtps_cpp/interfaces_pkg/msg/detail/dds_fastrtps/bounding_box3_d__type_support.cpp.o[0m
[5.064s] [ 57%] [32mBuilding CXX object CMakeFiles/interfaces_pkg__rosidl_typesupport_introspection_cpp.dir/rosidl_typesupport_introspection_cpp/interfaces_pkg/msg/detail/detection_array__type_support.cpp.o[0m
[5.067s] [ 57%] [32mBuilding CXX object CMakeFiles/interfaces_pkg__rosidl_typesupport_fastrtps_c.dir/rosidl_typesupport_fastrtps_c/interfaces_pkg/msg/detail/bounding_box2_d__type_support_c.cpp.o[0m
[5.069s] [ 57%] [32mBuilding C object CMakeFiles/interfaces_pkg__rosidl_typesupport_introspection_c.dir/rosidl_typesupport_introspection_c/interfaces_pkg/msg/detail/key_point2_d_array__type_support.c.o[0m
[5.118s] [ 58%] [32mBuilding C object CMakeFiles/interfaces_pkg__rosidl_typesupport_introspection_c.dir/rosidl_typesupport_introspection_c/interfaces_pkg/msg/detail/key_point3_d__type_support.c.o[0m
[5.126s] [ 59%] [32mBuilding CXX object CMakeFiles/interfaces_pkg__rosidl_typesupport_fastrtps_cpp.dir/rosidl_typesupport_fastrtps_cpp/interfaces_pkg/msg/detail/dds_fastrtps/mask__type_support.cpp.o[0m
[5.162s] [ 60%] [32mBuilding C object CMakeFiles/interfaces_pkg__rosidl_typesupport_introspection_c.dir/rosidl_typesupport_introspection_c/interfaces_pkg/msg/detail/key_point3_d_array__type_support.c.o[0m
[5.186s] [ 61%] [32mBuilding CXX object CMakeFiles/interfaces_pkg__rosidl_typesupport_introspection_cpp.dir/rosidl_typesupport_introspection_cpp/interfaces_pkg/msg/detail/lane_info__type_support.cpp.o[0m
[5.208s] [ 61%] [32mBuilding C object CMakeFiles/interfaces_pkg__rosidl_typesupport_introspection_c.dir/rosidl_typesupport_introspection_c/interfaces_pkg/msg/detail/detection__type_support.c.o[0m
[5.259s] [ 62%] [32mBuilding C object CMakeFiles/interfaces_pkg__rosidl_typesupport_introspection_c.dir/rosidl_typesupport_introspection_c/interfaces_pkg/msg/detail/detection_array__type_support.c.o[0m
[5.317s] [ 63%] [32mBuilding C object CMakeFiles/interfaces_pkg__rosidl_typesupport_introspection_c.dir/rosidl_typesupport_introspection_c/interfaces_pkg/msg/detail/lane_info__type_support.c.o[0m
[5.353s] [ 63%] [32mBuilding C object CMakeFiles/interfaces_pkg__rosidl_typesupport_introspection_c.dir/rosidl_typesupport_introspection_c/interfaces_pkg/msg/detail/motion_command__type_support.c.o[0m
[5.358s] [ 64%] [32mBuilding CXX object CMakeFiles/interfaces_pkg__rosidl_typesupport_fastrtps_c.dir/rosidl_typesupport_fastrtps_c/interfaces_pkg/msg/detail/bounding_box3_d__type_support_c.cpp.o[0m
[5.359s] [ 65%] [32mBuilding CXX object CMakeFiles/interfaces_pkg__rosidl_typesupport_fastrtps_cpp.dir/rosidl_typesupport_fastrtps_cpp/interfaces_pkg/msg/detail/dds_fastrtps/key_point2_d__type_support.cpp.o[0m
[5.367s] [ 66%] [32mBuilding C object CMakeFiles/interfaces_pkg__rosidl_typesupport_introspection_c.dir/rosidl_typesupport_introspection_c/interfaces_pkg/msg/detail/target_point__type_support.c.o[0m
[5.383s] [ 66%] [32mBuilding CXX object CMakeFiles/interfaces_pkg__rosidl_typesupport_fastrtps_cpp.dir/rosidl_typesupport_fastrtps_cpp/interfaces_pkg/msg/detail/dds_fastrtps/key_point2_d_array__type_support.cpp.o[0m
[5.384s] [ 67%] [32mBuilding CXX object CMakeFiles/interfaces_pkg__rosidl_typesupport_introspection_cpp.dir/rosidl_typesupport_introspection_cpp/interfaces_pkg/msg/detail/motion_command__type_support.cpp.o[0m
[5.399s] [ 68%] [32mBuilding CXX object CMakeFiles/interfaces_pkg__rosidl_typesupport_fastrtps_c.dir/rosidl_typesupport_fastrtps_c/interfaces_pkg/msg/detail/mask__type_support_c.cpp.o[0m
[5.417s] [ 69%] [32mBuilding C object CMakeFiles/interfaces_pkg__rosidl_typesupport_introspection_c.dir/rosidl_typesupport_introspection_c/interfaces_pkg/msg/detail/path_planning_result__type_support.c.o[0m
[5.441s] [ 69%] [32mBuilding CXX object CMakeFiles/interfaces_pkg__rosidl_typesupport_fastrtps_c.dir/rosidl_typesupport_fastrtps_c/interfaces_pkg/msg/detail/key_point2_d__type_support_c.cpp.o[0m
[5.465s] [ 70%] [32mBuilding CXX object CMakeFiles/interfaces_pkg__rosidl_typesupport_fastrtps_cpp.dir/rosidl_typesupport_fastrtps_cpp/interfaces_pkg/msg/detail/dds_fastrtps/key_point3_d__type_support.cpp.o[0m
[5.472s] [ 70%] [32m[1mLinking C shared library libinterfaces_pkg__rosidl_typesupport_introspection_c.so[0m
[5.483s] [ 71%] [32mBuilding CXX object CMakeFiles/interfaces_pkg__rosidl_typesupport_fastrtps_c.dir/rosidl_typesupport_fastrtps_c/interfaces_pkg/msg/detail/key_point2_d_array__type_support_c.cpp.o[0m
[5.537s] [ 72%] [32mBuilding CXX object CMakeFiles/interfaces_pkg__rosidl_typesupport_fastrtps_c.dir/rosidl_typesupport_fastrtps_c/interfaces_pkg/msg/detail/key_point3_d__type_support_c.cpp.o[0m
[5.538s] [ 72%] [32mBuilding CXX object CMakeFiles/interfaces_pkg__rosidl_typesupport_introspection_cpp.dir/rosidl_typesupport_introspection_cpp/interfaces_pkg/msg/detail/target_point__type_support.cpp.o[0m
[5.548s] [ 72%] Built target interfaces_pkg__rosidl_typesupport_introspection_c
[5.558s] [ 73%] [32mBuilding CXX object CMakeFiles/interfaces_pkg__rosidl_typesupport_fastrtps_cpp.dir/rosidl_typesupport_fastrtps_cpp/interfaces_pkg/msg/detail/dds_fastrtps/key_point3_d_array__type_support.cpp.o[0m
[5.577s] [ 74%] [32mBuilding CXX object CMakeFiles/interfaces_pkg__rosidl_typesupport_introspection_cpp.dir/rosidl_typesupport_introspection_cpp/interfaces_pkg/msg/detail/path_planning_result__type_support.cpp.o[0m
[5.633s] [ 74%] [32mBuilding CXX object CMakeFiles/interfaces_pkg__rosidl_typesupport_fastrtps_c.dir/rosidl_typesupport_fastrtps_c/interfaces_pkg/msg/detail/key_point3_d_array__type_support_c.cpp.o[0m
[5.727s] [ 75%] [32mBuilding CXX object CMakeFiles/interfaces_pkg__rosidl_typesupport_fastrtps_c.dir/rosidl_typesupport_fastrtps_c/interfaces_pkg/msg/detail/detection__type_support_c.cpp.o[0m
[5.804s] [ 76%] [32mBuilding CXX object CMakeFiles/interfaces_pkg__rosidl_typesupport_fastrtps_c.dir/rosidl_typesupport_fastrtps_c/interfaces_pkg/msg/detail/detection_array__type_support_c.cpp.o[0m
[5.855s] [ 76%] [32mBuilding CXX object CMakeFiles/interfaces_pkg__rosidl_typesupport_fastrtps_cpp.dir/rosidl_typesupport_fastrtps_cpp/interfaces_pkg/msg/detail/dds_fastrtps/detection__type_support.cpp.o[0m
[5.890s] [ 77%] [32mBuilding CXX object CMakeFiles/interfaces_pkg__rosidl_typesupport_fastrtps_cpp.dir/rosidl_typesupport_fastrtps_cpp/interfaces_pkg/msg/detail/dds_fastrtps/detection_array__type_support.cpp.o[0m
[5.903s] [ 78%] [32mBuilding CXX object CMakeFiles/interfaces_pkg__rosidl_typesupport_fastrtps_cpp.dir/rosidl_typesupport_fastrtps_cpp/interfaces_pkg/msg/detail/dds_fastrtps/lane_info__type_support.cpp.o[0m
[5.917s] [ 78%] [32mBuilding CXX object CMakeFiles/interfaces_pkg__rosidl_typesupport_fastrtps_c.dir/rosidl_typesupport_fastrtps_c/interfaces_pkg/msg/detail/lane_info__type_support_c.cpp.o[0m
[5.924s] [ 78%] [32mBuilding CXX object CMakeFiles/interfaces_pkg__rosidl_typesupport_fastrtps_cpp.dir/rosidl_typesupport_fastrtps_cpp/interfaces_pkg/msg/detail/dds_fastrtps/motion_command__type_support.cpp.o[0m
[5.935s] [ 79%] [32mBuilding CXX object CMakeFiles/interfaces_pkg__rosidl_typesupport_fastrtps_c.dir/rosidl_typesupport_fastrtps_c/interfaces_pkg/msg/detail/motion_command__type_support_c.cpp.o[0m
[5.963s] [ 80%] [32mBuilding CXX object CMakeFiles/interfaces_pkg__rosidl_typesupport_fastrtps_cpp.dir/rosidl_typesupport_fastrtps_cpp/interfaces_pkg/msg/detail/dds_fastrtps/target_point__type_support.cpp.o[0m
[6.011s] [ 81%] [32mBuilding CXX object CMakeFiles/interfaces_pkg__rosidl_typesupport_fastrtps_c.dir/rosidl_typesupport_fastrtps_c/interfaces_pkg/msg/detail/target_point__type_support_c.cpp.o[0m
[6.017s] [ 81%] [32mBuilding CXX object CMakeFiles/interfaces_pkg__rosidl_typesupport_fastrtps_c.dir/rosidl_typesupport_fastrtps_c/interfaces_pkg/msg/detail/path_planning_result__type_support_c.cpp.o[0m
[6.043s] [ 82%] [32mBuilding CXX object CMakeFiles/interfaces_pkg__rosidl_typesupport_fastrtps_cpp.dir/rosidl_typesupport_fastrtps_cpp/interfaces_pkg/msg/detail/dds_fastrtps/path_planning_result__type_support.cpp.o[0m
[6.183s] [ 83%] [32m[1mLinking CXX shared library libinterfaces_pkg__rosidl_typesupport_introspection_cpp.so[0m
[6.311s] [ 83%] Built target interfaces_pkg__rosidl_typesupport_introspection_cpp
[6.424s] [ 84%] [32m[1mLinking CXX shared library libinterfaces_pkg__rosidl_typesupport_fastrtps_c.so[0m
[6.485s] [ 84%] Built target interfaces_pkg__rosidl_typesupport_fastrtps_c
[6.504s] [ 84%] [32m[1mLinking CXX shared library libinterfaces_pkg__rosidl_typesupport_fastrtps_cpp.so[0m
[6.565s] [ 84%] Built target interfaces_pkg__rosidl_typesupport_fastrtps_cpp
[6.576s] [ 84%] Built target interfaces_pkg
[6.588s] [ 85%] [34m[1mGenerating Python code for ROS interfaces[0m
[7.888s] [ 85%] Built target interfaces_pkg__py
[7.904s] [ 85%] [32mBuilding C object CMakeFiles/interfaces_pkg__rosidl_generator_py.dir/rosidl_generator_py/interfaces_pkg/msg/_point2_d_s.c.o[0m
[7.904s] [ 87%] [32mBuilding C object CMakeFiles/interfaces_pkg__rosidl_generator_py.dir/rosidl_generator_py/interfaces_pkg/msg/_mask_s.c.o[0m
[7.904s] [ 88%] [32mBuilding C object CMakeFiles/interfaces_pkg__rosidl_generator_py.dir/rosidl_generator_py/interfaces_pkg/msg/_pose2_d_s.c.o[0m
[7.904s] [ 88%] [32mBuilding C object CMakeFiles/interfaces_pkg__rosidl_generator_py.dir/rosidl_generator_py/interfaces_pkg/msg/_bounding_box3_d_s.c.o[0m
[7.904s] [ 87%] [32mBuilding C object CMakeFiles/interfaces_pkg__rosidl_generator_py.dir/rosidl_generator_py/interfaces_pkg/msg/_bounding_box2_d_s.c.o[0m
[7.904s] [ 89%] [32mBuilding C object CMakeFiles/interfaces_pkg__rosidl_generator_py.dir/rosidl_generator_py/interfaces_pkg/msg/_vector2_s.c.o[0m
[7.905s] [ 89%] [32mBuilding C object CMakeFiles/interfaces_pkg__rosidl_generator_py.dir/rosidl_generator_py/interfaces_pkg/msg/_key_point2_d_s.c.o[0m
[7.905s] [ 90%] [32mBuilding C object CMakeFiles/interfaces_pkg__rosidl_generator_py.dir/rosidl_generator_py/interfaces_pkg/msg/_key_point2_d_array_s.c.o[0m
[7.905s] [ 91%] [32mBuilding C object CMakeFiles/interfaces_pkg__rosidl_generator_py.dir/rosidl_generator_py/interfaces_pkg/msg/_key_point3_d_s.c.o[0m
[7.905s] [ 92%] [32mBuilding C object CMakeFiles/interfaces_pkg__rosidl_generator_py.dir/rosidl_generator_py/interfaces_pkg/msg/_key_point3_d_array_s.c.o[0m
[7.905s] [ 92%] [32mBuilding C object CMakeFiles/interfaces_pkg__rosidl_generator_py.dir/rosidl_generator_py/interfaces_pkg/msg/_detection_s.c.o[0m
[7.905s] [ 93%] [32mBuilding C object CMakeFiles/interfaces_pkg__rosidl_generator_py.dir/rosidl_generator_py/interfaces_pkg/msg/_detection_array_s.c.o[0m
[7.905s] [ 93%] [32mBuilding C object CMakeFiles/interfaces_pkg__rosidl_generator_py.dir/rosidl_generator_py/interfaces_pkg/msg/_lane_info_s.c.o[0m
[7.905s] [ 94%] [32mBuilding C object CMakeFiles/interfaces_pkg__rosidl_generator_py.dir/rosidl_generator_py/interfaces_pkg/msg/_motion_command_s.c.o[0m
[7.905s] [ 95%] [32mBuilding C object CMakeFiles/interfaces_pkg__rosidl_generator_py.dir/rosidl_generator_py/interfaces_pkg/msg/_target_point_s.c.o[0m
[7.906s] [ 95%] [32mBuilding C object CMakeFiles/interfaces_pkg__rosidl_generator_py.dir/rosidl_generator_py/interfaces_pkg/msg/_path_planning_result_s.c.o[0m
[8.049s] [ 96%] [32m[1mLinking C shared library rosidl_generator_py/interfaces_pkg/libinterfaces_pkg__rosidl_generator_py.so[0m
[8.081s] [ 96%] Built target interfaces_pkg__rosidl_generator_py
[8.092s] [ 98%] [32mBuilding C object CMakeFiles/interfaces_pkg__rosidl_typesupport_introspection_c__pyext.dir/rosidl_generator_py/interfaces_pkg/_interfaces_pkg_s.ep.rosidl_typesupport_introspection_c.c.o[0m
[8.092s] [ 98%] [32mBuilding C object CMakeFiles/interfaces_pkg__rosidl_typesupport_c__pyext.dir/rosidl_generator_py/interfaces_pkg/_interfaces_pkg_s.ep.rosidl_typesupport_c.c.o[0m
[8.093s] [ 99%] [32mBuilding C object CMakeFiles/interfaces_pkg__rosidl_typesupport_fastrtps_c__pyext.dir/rosidl_generator_py/interfaces_pkg/_interfaces_pkg_s.ep.rosidl_typesupport_fastrtps_c.c.o[0m
[8.192s] [ 99%] [32m[1mLinking C shared library rosidl_generator_py/interfaces_pkg/interfaces_pkg_s__rosidl_typesupport_c.cpython-310-x86_64-linux-gnu.so[0m
[8.193s] [ 99%] [32m[1mLinking C shared library rosidl_generator_py/interfaces_pkg/interfaces_pkg_s__rosidl_typesupport_fastrtps_c.cpython-310-x86_64-linux-gnu.so[0m
[8.195s] [100%] [32m[1mLinking C shared library rosidl_generator_py/interfaces_pkg/interfaces_pkg_s__rosidl_typesupport_introspection_c.cpython-310-x86_64-linux-gnu.so[0m
[8.221s] [100%] Built target interfaces_pkg__rosidl_typesupport_c__pyext
[8.221s] [100%] Built target interfaces_pkg__rosidl_typesupport_fastrtps_c__pyext
[8.222s] [100%] Built target interfaces_pkg__rosidl_typesupport_introspection_c__pyext
[8.230s] Invoked command in '/home/sungbhin/hpc/build/interfaces_pkg' returned '0': CMAKE_PREFIX_PATH=/opt/ros/humble /usr/local/bin/cmake --build /home/sungbhin/hpc/build/interfaces_pkg -- -j16 -l16
[8.236s] Invoking command in '/home/sungbhin/hpc/build/interfaces_pkg': CMAKE_PREFIX_PATH=/opt/ros/humble /usr/local/bin/cmake --install /home/sungbhin/hpc/build/interfaces_pkg
[8.239s] -- Install configuration: ""
[8.239s] -- Execute custom install script
[8.240s] -- Symlinking: /home/sungbhin/hpc/install/interfaces_pkg/share/ament_index/resource_index/rosidl_interfaces/interfaces_pkg
[8.244s] -- Symlinking: /home/sungbhin/hpc/install/interfaces_pkg/include/interfaces_pkg/interfaces_pkg/msg/bounding_box2_d.h
[8.249s] -- Symlinking: /home/sungbhin/hpc/install/interfaces_pkg/include/interfaces_pkg/interfaces_pkg/msg/bounding_box3_d.h
[8.251s] -- Symlinking: /home/sungbhin/hpc/install/interfaces_pkg/include/interfaces_pkg/interfaces_pkg/msg/detail/bounding_box2_d__functions.h
[8.256s] -- Symlinking: /home/sungbhin/hpc/install/interfaces_pkg/include/interfaces_pkg/interfaces_pkg/msg/detail/bounding_box2_d__struct.h
[8.260s] -- Symlinking: /home/sungbhin/hpc/install/interfaces_pkg/include/interfaces_pkg/interfaces_pkg/msg/detail/bounding_box2_d__type_support.h
[8.263s] -- Symlinking: /home/sungbhin/hpc/install/interfaces_pkg/include/interfaces_pkg/interfaces_pkg/msg/detail/bounding_box3_d__functions.h
[8.267s] -- Symlinking: /home/sungbhin/hpc/install/interfaces_pkg/include/interfaces_pkg/interfaces_pkg/msg/detail/bounding_box3_d__struct.h
[8.271s] -- Symlinking: /home/sungbhin/hpc/install/interfaces_pkg/include/interfaces_pkg/interfaces_pkg/msg/detail/bounding_box3_d__type_support.h
[8.275s] -- Symlinking: /home/sungbhin/hpc/install/interfaces_pkg/include/interfaces_pkg/interfaces_pkg/msg/detail/detection__functions.h
[8.279s] -- Symlinking: /home/sungbhin/hpc/install/interfaces_pkg/include/interfaces_pkg/interfaces_pkg/msg/detail/detection__struct.h
[8.283s] -- Symlinking: /home/sungbhin/hpc/install/interfaces_pkg/include/interfaces_pkg/interfaces_pkg/msg/detail/detection__type_support.h
[8.287s] -- Symlinking: /home/sungbhin/hpc/install/interfaces_pkg/include/interfaces_pkg/interfaces_pkg/msg/detail/detection_array__functions.h
[8.290s] -- Symlinking: /home/sungbhin/hpc/install/interfaces_pkg/include/interfaces_pkg/interfaces_pkg/msg/detail/detection_array__struct.h
[8.293s] -- Symlinking: /home/sungbhin/hpc/install/interfaces_pkg/include/interfaces_pkg/interfaces_pkg/msg/detail/detection_array__type_support.h
[8.296s] -- Symlinking: /home/sungbhin/hpc/install/interfaces_pkg/include/interfaces_pkg/interfaces_pkg/msg/detail/key_point2_d__functions.h
[8.299s] -- Symlinking: /home/sungbhin/hpc/install/interfaces_pkg/include/interfaces_pkg/interfaces_pkg/msg/detail/key_point2_d__struct.h
[8.303s] -- Symlinking: /home/sungbhin/hpc/install/interfaces_pkg/include/interfaces_pkg/interfaces_pkg/msg/detail/key_point2_d__type_support.h
[8.306s] -- Symlinking: /home/sungbhin/hpc/install/interfaces_pkg/include/interfaces_pkg/interfaces_pkg/msg/detail/key_point2_d_array__functions.h
[8.309s] -- Symlinking: /home/sungbhin/hpc/install/interfaces_pkg/include/interfaces_pkg/interfaces_pkg/msg/detail/key_point2_d_array__struct.h
[8.312s] -- Symlinking: /home/sungbhin/hpc/install/interfaces_pkg/include/interfaces_pkg/interfaces_pkg/msg/detail/key_point2_d_array__type_support.h
[8.315s] -- Symlinking: /home/sungbhin/hpc/install/interfaces_pkg/include/interfaces_pkg/interfaces_pkg/msg/detail/key_point3_d__functions.h
[8.319s] -- Symlinking: /home/sungbhin/hpc/install/interfaces_pkg/include/interfaces_pkg/interfaces_pkg/msg/detail/key_point3_d__struct.h
[8.322s] -- Symlinking: /home/sungbhin/hpc/install/interfaces_pkg/include/interfaces_pkg/interfaces_pkg/msg/detail/key_point3_d__type_support.h
[8.325s] -- Symlinking: /home/sungbhin/hpc/install/interfaces_pkg/include/interfaces_pkg/interfaces_pkg/msg/detail/key_point3_d_array__functions.h
[8.328s] -- Symlinking: /home/sungbhin/hpc/install/interfaces_pkg/include/interfaces_pkg/interfaces_pkg/msg/detail/key_point3_d_array__struct.h
[8.333s] -- Symlinking: /home/sungbhin/hpc/install/interfaces_pkg/include/interfaces_pkg/interfaces_pkg/msg/detail/key_point3_d_array__type_support.h
[8.336s] -- Symlinking: /home/sungbhin/hpc/install/interfaces_pkg/include/interfaces_pkg/interfaces_pkg/msg/detail/lane_info__functions.h
[8.340s] -- Symlinking: /home/sungbhin/hpc/install/interfaces_pkg/include/interfaces_pkg/interfaces_pkg/msg/detail/lane_info__struct.h
[8.344s] -- Symlinking: /home/sungbhin/hpc/install/interfaces_pkg/include/interfaces_pkg/interfaces_pkg/msg/detail/lane_info__type_support.h
[8.348s] -- Symlinking: /home/sungbhin/hpc/install/interfaces_pkg/include/interfaces_pkg/interfaces_pkg/msg/detail/mask__functions.h
[8.352s] -- Symlinking: /home/sungbhin/hpc/install/interfaces_pkg/include/interfaces_pkg/interfaces_pkg/msg/detail/mask__struct.h
[8.355s] -- Symlinking: /home/sungbhin/hpc/install/interfaces_pkg/include/interfaces_pkg/interfaces_pkg/msg/detail/mask__type_support.h
[8.358s] -- Symlinking: /home/sungbhin/hpc/install/interfaces_pkg/include/interfaces_pkg/interfaces_pkg/msg/detail/motion_command__functions.h
[8.361s] -- Symlinking: /home/sungbhin/hpc/install/interfaces_pkg/include/interfaces_pkg/interfaces_pkg/msg/detail/motion_command__struct.h
[8.365s] -- Symlinking: /home/sungbhin/hpc/install/interfaces_pkg/include/interfaces_pkg/interfaces_pkg/msg/detail/motion_command__type_support.h
[8.368s] -- Symlinking: /home/sungbhin/hpc/install/interfaces_pkg/include/interfaces_pkg/interfaces_pkg/msg/detail/path_planning_result__functions.h
[8.371s] -- Symlinking: /home/sungbhin/hpc/install/interfaces_pkg/include/interfaces_pkg/interfaces_pkg/msg/detail/path_planning_result__struct.h
[8.374s] -- Symlinking: /home/sungbhin/hpc/install/interfaces_pkg/include/interfaces_pkg/interfaces_pkg/msg/detail/path_planning_result__type_support.h
[8.377s] -- Symlinking: /home/sungbhin/hpc/install/interfaces_pkg/include/interfaces_pkg/interfaces_pkg/msg/detail/point2_d__functions.h
[8.380s] -- Symlinking: /home/sungbhin/hpc/install/interfaces_pkg/include/interfaces_pkg/interfaces_pkg/msg/detail/point2_d__struct.h
[8.383s] -- Symlinking: /home/sungbhin/hpc/install/interfaces_pkg/include/interfaces_pkg/interfaces_pkg/msg/detail/point2_d__type_support.h
[8.386s] -- Symlinking: /home/sungbhin/hpc/install/interfaces_pkg/include/interfaces_pkg/interfaces_pkg/msg/detail/pose2_d__functions.h
[8.390s] -- Symlinking: /home/sungbhin/hpc/install/interfaces_pkg/include/interfaces_pkg/interfaces_pkg/msg/detail/pose2_d__struct.h
[8.392s] -- Symlinking: /home/sungbhin/hpc/install/interfaces_pkg/include/interfaces_pkg/interfaces_pkg/msg/detail/pose2_d__type_support.h
[8.396s] -- Symlinking: /home/sungbhin/hpc/install/interfaces_pkg/include/interfaces_pkg/interfaces_pkg/msg/detail/target_point__functions.h
[8.400s] -- Symlinking: /home/sungbhin/hpc/install/interfaces_pkg/include/interfaces_pkg/interfaces_pkg/msg/detail/target_point__struct.h
[8.403s] -- Symlinking: /home/sungbhin/hpc/install/interfaces_pkg/include/interfaces_pkg/interfaces_pkg/msg/detail/target_point__type_support.h
[8.406s] -- Symlinking: /home/sungbhin/hpc/install/interfaces_pkg/include/interfaces_pkg/interfaces_pkg/msg/detail/vector2__functions.h
[8.409s] -- Symlinking: /home/sungbhin/hpc/install/interfaces_pkg/include/interfaces_pkg/interfaces_pkg/msg/detail/vector2__struct.h
[8.412s] -- Symlinking: /home/sungbhin/hpc/install/interfaces_pkg/include/interfaces_pkg/interfaces_pkg/msg/detail/vector2__type_support.h
[8.416s] -- Symlinking: /home/sungbhin/hpc/install/interfaces_pkg/include/interfaces_pkg/interfaces_pkg/msg/detection.h
[8.419s] -- Symlinking: /home/sungbhin/hpc/install/interfaces_pkg/include/interfaces_pkg/interfaces_pkg/msg/detection_array.h
[8.423s] -- Symlinking: /home/sungbhin/hpc/install/interfaces_pkg/include/interfaces_pkg/interfaces_pkg/msg/key_point2_d.h
[8.427s] -- Symlinking: /home/sungbhin/hpc/install/interfaces_pkg/include/interfaces_pkg/interfaces_pkg/msg/key_point2_d_array.h
[8.430s] -- Symlinking: /home/sungbhin/hpc/install/interfaces_pkg/include/interfaces_pkg/interfaces_pkg/msg/key_point3_d.h
[8.433s] -- Symlinking: /home/sungbhin/hpc/install/interfaces_pkg/include/interfaces_pkg/interfaces_pkg/msg/key_point3_d_array.h
[8.436s] -- Symlinking: /home/sungbhin/hpc/install/interfaces_pkg/include/interfaces_pkg/interfaces_pkg/msg/lane_info.h
[8.440s] -- Symlinking: /home/sungbhin/hpc/install/interfaces_pkg/include/interfaces_pkg/interfaces_pkg/msg/mask.h
[8.443s] -- Symlinking: /home/sungbhin/hpc/install/interfaces_pkg/include/interfaces_pkg/interfaces_pkg/msg/motion_command.h
[8.448s] -- Symlinking: /home/sungbhin/hpc/install/interfaces_pkg/include/interfaces_pkg/interfaces_pkg/msg/path_planning_result.h
[8.451s] -- Symlinking: /home/sungbhin/hpc/install/interfaces_pkg/include/interfaces_pkg/interfaces_pkg/msg/point2_d.h
[8.454s] -- Symlinking: /home/sungbhin/hpc/install/interfaces_pkg/include/interfaces_pkg/interfaces_pkg/msg/pose2_d.h
[8.457s] -- Symlinking: /home/sungbhin/hpc/install/interfaces_pkg/include/interfaces_pkg/interfaces_pkg/msg/rosidl_generator_c__visibility_control.h
[8.460s] -- Symlinking: /home/sungbhin/hpc/install/interfaces_pkg/include/interfaces_pkg/interfaces_pkg/msg/target_point.h
[8.463s] -- Symlinking: /home/sungbhin/hpc/install/interfaces_pkg/include/interfaces_pkg/interfaces_pkg/msg/vector2.h
[8.467s] -- Symlinking: /home/sungbhin/hpc/install/interfaces_pkg/share/interfaces_pkg/environment/library_path.sh
[8.470s] -- Symlinking: /home/sungbhin/hpc/install/interfaces_pkg/share/interfaces_pkg/environment/library_path.dsv
[8.474s] -- Symlinking: /home/sungbhin/hpc/install/interfaces_pkg/include/interfaces_pkg/interfaces_pkg/msg/detail/bounding_box2_d__rosidl_typesupport_fastrtps_c.h
[8.477s] -- Symlinking: /home/sungbhin/hpc/install/interfaces_pkg/include/interfaces_pkg/interfaces_pkg/msg/detail/bounding_box3_d__rosidl_typesupport_fastrtps_c.h
[8.480s] -- Symlinking: /home/sungbhin/hpc/install/interfaces_pkg/include/interfaces_pkg/interfaces_pkg/msg/detail/detection__rosidl_typesupport_fastrtps_c.h
[8.484s] -- Symlinking: /home/sungbhin/hpc/install/interfaces_pkg/include/interfaces_pkg/interfaces_pkg/msg/detail/detection_array__rosidl_typesupport_fastrtps_c.h
[8.486s] -- Symlinking: /home/sungbhin/hpc/install/interfaces_pkg/include/interfaces_pkg/interfaces_pkg/msg/detail/key_point2_d__rosidl_typesupport_fastrtps_c.h
[8.490s] -- Symlinking: /home/sungbhin/hpc/install/interfaces_pkg/include/interfaces_pkg/interfaces_pkg/msg/detail/key_point2_d_array__rosidl_typesupport_fastrtps_c.h
[8.493s] -- Symlinking: /home/sungbhin/hpc/install/interfaces_pkg/include/interfaces_pkg/interfaces_pkg/msg/detail/key_point3_d__rosidl_typesupport_fastrtps_c.h
[8.496s] -- Symlinking: /home/sungbhin/hpc/install/interfaces_pkg/include/interfaces_pkg/interfaces_pkg/msg/detail/key_point3_d_array__rosidl_typesupport_fastrtps_c.h
[8.500s] -- Symlinking: /home/sungbhin/hpc/install/interfaces_pkg/include/interfaces_pkg/interfaces_pkg/msg/detail/lane_info__rosidl_typesupport_fastrtps_c.h
[8.504s] -- Symlinking: /home/sungbhin/hpc/install/interfaces_pkg/include/interfaces_pkg/interfaces_pkg/msg/detail/mask__rosidl_typesupport_fastrtps_c.h
[8.508s] -- Symlinking: /home/sungbhin/hpc/install/interfaces_pkg/include/interfaces_pkg/interfaces_pkg/msg/detail/motion_command__rosidl_typesupport_fastrtps_c.h
[8.511s] -- Symlinking: /home/sungbhin/hpc/install/interfaces_pkg/include/interfaces_pkg/interfaces_pkg/msg/detail/path_planning_result__rosidl_typesupport_fastrtps_c.h
[8.515s] -- Symlinking: /home/sungbhin/hpc/install/interfaces_pkg/include/interfaces_pkg/interfaces_pkg/msg/detail/point2_d__rosidl_typesupport_fastrtps_c.h
[8.517s] -- Symlinking: /home/sungbhin/hpc/install/interfaces_pkg/include/interfaces_pkg/interfaces_pkg/msg/detail/pose2_d__rosidl_typesupport_fastrtps_c.h
[8.521s] -- Symlinking: /home/sungbhin/hpc/install/interfaces_pkg/include/interfaces_pkg/interfaces_pkg/msg/detail/target_point__rosidl_typesupport_fastrtps_c.h
[8.525s] -- Symlinking: /home/sungbhin/hpc/install/interfaces_pkg/include/interfaces_pkg/interfaces_pkg/msg/detail/vector2__rosidl_typesupport_fastrtps_c.h
[8.528s] -- Symlinking: /home/sungbhin/hpc/install/interfaces_pkg/include/interfaces_pkg/interfaces_pkg/msg/rosidl_typesupport_fastrtps_c__visibility_control.h
[8.532s] -- Symlinking: /home/sungbhin/hpc/install/interfaces_pkg/include/interfaces_pkg/interfaces_pkg/msg/detail/bounding_box2_d__rosidl_typesupport_introspection_c.h
[8.536s] -- Symlinking: /home/sungbhin/hpc/install/interfaces_pkg/include/interfaces_pkg/interfaces_pkg/msg/detail/bounding_box3_d__rosidl_typesupport_introspection_c.h
[8.539s] -- Symlinking: /home/sungbhin/hpc/install/interfaces_pkg/include/interfaces_pkg/interfaces_pkg/msg/detail/detection__rosidl_typesupport_introspection_c.h
[8.542s] -- Symlinking: /home/sungbhin/hpc/install/interfaces_pkg/include/interfaces_pkg/interfaces_pkg/msg/detail/detection_array__rosidl_typesupport_introspection_c.h
[8.545s] -- Symlinking: /home/sungbhin/hpc/install/interfaces_pkg/include/interfaces_pkg/interfaces_pkg/msg/detail/key_point2_d__rosidl_typesupport_introspection_c.h
[8.549s] -- Symlinking: /home/sungbhin/hpc/install/interfaces_pkg/include/interfaces_pkg/interfaces_pkg/msg/detail/key_point2_d_array__rosidl_typesupport_introspection_c.h
[8.552s] -- Symlinking: /home/sungbhin/hpc/install/interfaces_pkg/include/interfaces_pkg/interfaces_pkg/msg/detail/key_point3_d__rosidl_typesupport_introspection_c.h
[8.555s] -- Symlinking: /home/sungbhin/hpc/install/interfaces_pkg/include/interfaces_pkg/interfaces_pkg/msg/detail/key_point3_d_array__rosidl_typesupport_introspection_c.h
[8.558s] -- Symlinking: /home/sungbhin/hpc/install/interfaces_pkg/include/interfaces_pkg/interfaces_pkg/msg/detail/lane_info__rosidl_typesupport_introspection_c.h
[8.562s] -- Symlinking: /home/sungbhin/hpc/install/interfaces_pkg/include/interfaces_pkg/interfaces_pkg/msg/detail/mask__rosidl_typesupport_introspection_c.h
[8.565s] -- Symlinking: /home/sungbhin/hpc/install/interfaces_pkg/include/interfaces_pkg/interfaces_pkg/msg/detail/motion_command__rosidl_typesupport_introspection_c.h
[8.569s] -- Symlinking: /home/sungbhin/hpc/install/interfaces_pkg/include/interfaces_pkg/interfaces_pkg/msg/detail/path_planning_result__rosidl_typesupport_introspection_c.h
[8.573s] -- Symlinking: /home/sungbhin/hpc/install/interfaces_pkg/include/interfaces_pkg/interfaces_pkg/msg/detail/point2_d__rosidl_typesupport_introspection_c.h
[8.576s] -- Symlinking: /home/sungbhin/hpc/install/interfaces_pkg/include/interfaces_pkg/interfaces_pkg/msg/detail/pose2_d__rosidl_typesupport_introspection_c.h
[8.579s] -- Symlinking: /home/sungbhin/hpc/install/interfaces_pkg/include/interfaces_pkg/interfaces_pkg/msg/detail/target_point__rosidl_typesupport_introspection_c.h
[8.583s] -- Symlinking: /home/sungbhin/hpc/install/interfaces_pkg/include/interfaces_pkg/interfaces_pkg/msg/detail/vector2__rosidl_typesupport_introspection_c.h
[8.586s] -- Symlinking: /home/sungbhin/hpc/install/interfaces_pkg/include/interfaces_pkg/interfaces_pkg/msg/rosidl_typesupport_introspection_c__visibility_control.h
[8.590s] -- Symlinking: /home/sungbhin/hpc/install/interfaces_pkg/include/interfaces_pkg/interfaces_pkg/msg/bounding_box2_d.hpp
[8.594s] -- Symlinking: /home/sungbhin/hpc/install/interfaces_pkg/include/interfaces_pkg/interfaces_pkg/msg/bounding_box3_d.hpp
[8.597s] -- Symlinking: /home/sungbhin/hpc/install/interfaces_pkg/include/interfaces_pkg/interfaces_pkg/msg/detail/bounding_box2_d__builder.hpp
[8.601s] -- Symlinking: /home/sungbhin/hpc/install/interfaces_pkg/include/interfaces_pkg/interfaces_pkg/msg/detail/bounding_box2_d__struct.hpp
[8.604s] -- Symlinking: /home/sungbhin/hpc/install/interfaces_pkg/include/interfaces_pkg/interfaces_pkg/msg/detail/bounding_box2_d__traits.hpp
[8.607s] -- Symlinking: /home/sungbhin/hpc/install/interfaces_pkg/include/interfaces_pkg/interfaces_pkg/msg/detail/bounding_box2_d__type_support.hpp
[8.610s] -- Symlinking: /home/sungbhin/hpc/install/interfaces_pkg/include/interfaces_pkg/interfaces_pkg/msg/detail/bounding_box3_d__builder.hpp
[8.613s] -- Symlinking: /home/sungbhin/hpc/install/interfaces_pkg/include/interfaces_pkg/interfaces_pkg/msg/detail/bounding_box3_d__struct.hpp
[8.617s] -- Symlinking: /home/sungbhin/hpc/install/interfaces_pkg/include/interfaces_pkg/interfaces_pkg/msg/detail/bounding_box3_d__traits.hpp
[8.621s] -- Symlinking: /home/sungbhin/hpc/install/interfaces_pkg/include/interfaces_pkg/interfaces_pkg/msg/detail/bounding_box3_d__type_support.hpp
[8.625s] -- Symlinking: /home/sungbhin/hpc/install/interfaces_pkg/include/interfaces_pkg/interfaces_pkg/msg/detail/detection__builder.hpp
[8.628s] -- Symlinking: /home/sungbhin/hpc/install/interfaces_pkg/include/interfaces_pkg/interfaces_pkg/msg/detail/detection__struct.hpp
[8.631s] -- Symlinking: /home/sungbhin/hpc/install/interfaces_pkg/include/interfaces_pkg/interfaces_pkg/msg/detail/detection__traits.hpp
[8.634s] -- Symlinking: /home/sungbhin/hpc/install/interfaces_pkg/include/interfaces_pkg/interfaces_pkg/msg/detail/detection__type_support.hpp
[8.638s] -- Symlinking: /home/sungbhin/hpc/install/interfaces_pkg/include/interfaces_pkg/interfaces_pkg/msg/detail/detection_array__builder.hpp
[8.642s] -- Symlinking: /home/sungbhin/hpc/install/interfaces_pkg/include/interfaces_pkg/interfaces_pkg/msg/detail/detection_array__struct.hpp
[8.646s] -- Symlinking: /home/sungbhin/hpc/install/interfaces_pkg/include/interfaces_pkg/interfaces_pkg/msg/detail/detection_array__traits.hpp
[8.649s] -- Symlinking: /home/sungbhin/hpc/install/interfaces_pkg/include/interfaces_pkg/interfaces_pkg/msg/detail/detection_array__type_support.hpp
[8.653s] -- Symlinking: /home/sungbhin/hpc/install/interfaces_pkg/include/interfaces_pkg/interfaces_pkg/msg/detail/key_point2_d__builder.hpp
[8.657s] -- Symlinking: /home/sungbhin/hpc/install/interfaces_pkg/include/interfaces_pkg/interfaces_pkg/msg/detail/key_point2_d__struct.hpp
[8.662s] -- Symlinking: /home/sungbhin/hpc/install/interfaces_pkg/include/interfaces_pkg/interfaces_pkg/msg/detail/key_point2_d__traits.hpp
[8.665s] -- Symlinking: /home/sungbhin/hpc/install/interfaces_pkg/include/interfaces_pkg/interfaces_pkg/msg/detail/key_point2_d__type_support.hpp
[8.668s] -- Symlinking: /home/sungbhin/hpc/install/interfaces_pkg/include/interfaces_pkg/interfaces_pkg/msg/detail/key_point2_d_array__builder.hpp
[8.672s] -- Symlinking: /home/sungbhin/hpc/install/interfaces_pkg/include/interfaces_pkg/interfaces_pkg/msg/detail/key_point2_d_array__struct.hpp
[8.674s] -- Symlinking: /home/sungbhin/hpc/install/interfaces_pkg/include/interfaces_pkg/interfaces_pkg/msg/detail/key_point2_d_array__traits.hpp
[8.678s] -- Symlinking: /home/sungbhin/hpc/install/interfaces_pkg/include/interfaces_pkg/interfaces_pkg/msg/detail/key_point2_d_array__type_support.hpp
[8.682s] -- Symlinking: /home/sungbhin/hpc/install/interfaces_pkg/include/interfaces_pkg/interfaces_pkg/msg/detail/key_point3_d__builder.hpp
[8.686s] -- Symlinking: /home/sungbhin/hpc/install/interfaces_pkg/include/interfaces_pkg/interfaces_pkg/msg/detail/key_point3_d__struct.hpp
[8.689s] -- Symlinking: /home/sungbhin/hpc/install/interfaces_pkg/include/interfaces_pkg/interfaces_pkg/msg/detail/key_point3_d__traits.hpp
[8.693s] -- Symlinking: /home/sungbhin/hpc/install/interfaces_pkg/include/interfaces_pkg/interfaces_pkg/msg/detail/key_point3_d__type_support.hpp
[8.696s] -- Symlinking: /home/sungbhin/hpc/install/interfaces_pkg/include/interfaces_pkg/interfaces_pkg/msg/detail/key_point3_d_array__builder.hpp
[8.700s] -- Symlinking: /home/sungbhin/hpc/install/interfaces_pkg/include/interfaces_pkg/interfaces_pkg/msg/detail/key_point3_d_array__struct.hpp
[8.703s] -- Symlinking: /home/sungbhin/hpc/install/interfaces_pkg/include/interfaces_pkg/interfaces_pkg/msg/detail/key_point3_d_array__traits.hpp
[8.706s] -- Symlinking: /home/sungbhin/hpc/install/interfaces_pkg/include/interfaces_pkg/interfaces_pkg/msg/detail/key_point3_d_array__type_support.hpp
[8.710s] -- Symlinking: /home/sungbhin/hpc/install/interfaces_pkg/include/interfaces_pkg/interfaces_pkg/msg/detail/lane_info__builder.hpp
[8.713s] -- Symlinking: /home/sungbhin/hpc/install/interfaces_pkg/include/interfaces_pkg/interfaces_pkg/msg/detail/lane_info__struct.hpp
[8.716s] -- Symlinking: /home/sungbhin/hpc/install/interfaces_pkg/include/interfaces_pkg/interfaces_pkg/msg/detail/lane_info__traits.hpp
[8.719s] -- Symlinking: /home/sungbhin/hpc/install/interfaces_pkg/include/interfaces_pkg/interfaces_pkg/msg/detail/lane_info__type_support.hpp
[8.722s] -- Symlinking: /home/sungbhin/hpc/install/interfaces_pkg/include/interfaces_pkg/interfaces_pkg/msg/detail/mask__builder.hpp
[8.726s] -- Symlinking: /home/sungbhin/hpc/install/interfaces_pkg/include/interfaces_pkg/interfaces_pkg/msg/detail/mask__struct.hpp
[8.729s] -- Symlinking: /home/sungbhin/hpc/install/interfaces_pkg/include/interfaces_pkg/interfaces_pkg/msg/detail/mask__traits.hpp
[8.734s] -- Symlinking: /home/sungbhin/hpc/install/interfaces_pkg/include/interfaces_pkg/interfaces_pkg/msg/detail/mask__type_support.hpp
[8.737s] -- Symlinking: /home/sungbhin/hpc/install/interfaces_pkg/include/interfaces_pkg/interfaces_pkg/msg/detail/motion_command__builder.hpp
[8.741s] -- Symlinking: /home/sungbhin/hpc/install/interfaces_pkg/include/interfaces_pkg/interfaces_pkg/msg/detail/motion_command__struct.hpp
[8.744s] -- Symlinking: /home/sungbhin/hpc/install/interfaces_pkg/include/interfaces_pkg/interfaces_pkg/msg/detail/motion_command__traits.hpp
[8.747s] -- Symlinking: /home/sungbhin/hpc/install/interfaces_pkg/include/interfaces_pkg/interfaces_pkg/msg/detail/motion_command__type_support.hpp
[8.751s] -- Symlinking: /home/sungbhin/hpc/install/interfaces_pkg/include/interfaces_pkg/interfaces_pkg/msg/detail/path_planning_result__builder.hpp
[8.754s] -- Symlinking: /home/sungbhin/hpc/install/interfaces_pkg/include/interfaces_pkg/interfaces_pkg/msg/detail/path_planning_result__struct.hpp
[8.758s] -- Symlinking: /home/sungbhin/hpc/install/interfaces_pkg/include/interfaces_pkg/interfaces_pkg/msg/detail/path_planning_result__traits.hpp
[8.761s] -- Symlinking: /home/sungbhin/hpc/install/interfaces_pkg/include/interfaces_pkg/interfaces_pkg/msg/detail/path_planning_result__type_support.hpp
[8.764s] -- Symlinking: /home/sungbhin/hpc/install/interfaces_pkg/include/interfaces_pkg/interfaces_pkg/msg/detail/point2_d__builder.hpp
[8.768s] -- Symlinking: /home/sungbhin/hpc/install/interfaces_pkg/include/interfaces_pkg/interfaces_pkg/msg/detail/point2_d__struct.hpp
[8.771s] -- Symlinking: /home/sungbhin/hpc/install/interfaces_pkg/include/interfaces_pkg/interfaces_pkg/msg/detail/point2_d__traits.hpp
[8.774s] -- Symlinking: /home/sungbhin/hpc/install/interfaces_pkg/include/interfaces_pkg/interfaces_pkg/msg/detail/point2_d__type_support.hpp
[8.777s] -- Symlinking: /home/sungbhin/hpc/install/interfaces_pkg/include/interfaces_pkg/interfaces_pkg/msg/detail/pose2_d__builder.hpp
[8.781s] -- Symlinking: /home/sungbhin/hpc/install/interfaces_pkg/include/interfaces_pkg/interfaces_pkg/msg/detail/pose2_d__struct.hpp
[8.784s] -- Symlinking: /home/sungbhin/hpc/install/interfaces_pkg/include/interfaces_pkg/interfaces_pkg/msg/detail/pose2_d__traits.hpp
[8.787s] -- Symlinking: /home/sungbhin/hpc/install/interfaces_pkg/include/interfaces_pkg/interfaces_pkg/msg/detail/pose2_d__type_support.hpp
[8.789s] -- Symlinking: /home/sungbhin/hpc/install/interfaces_pkg/include/interfaces_pkg/interfaces_pkg/msg/detail/target_point__builder.hpp
[8.793s] -- Symlinking: /home/sungbhin/hpc/install/interfaces_pkg/include/interfaces_pkg/interfaces_pkg/msg/detail/target_point__struct.hpp
[8.796s] -- Symlinking: /home/sungbhin/hpc/install/interfaces_pkg/include/interfaces_pkg/interfaces_pkg/msg/detail/target_point__traits.hpp
[8.799s] -- Symlinking: /home/sungbhin/hpc/install/interfaces_pkg/include/interfaces_pkg/interfaces_pkg/msg/detail/target_point__type_support.hpp
[8.802s] -- Symlinking: /home/sungbhin/hpc/install/interfaces_pkg/include/interfaces_pkg/interfaces_pkg/msg/detail/vector2__builder.hpp
[8.805s] -- Symlinking: /home/sungbhin/hpc/install/interfaces_pkg/include/interfaces_pkg/interfaces_pkg/msg/detail/vector2__struct.hpp
[8.809s] -- Symlinking: /home/sungbhin/hpc/install/interfaces_pkg/include/interfaces_pkg/interfaces_pkg/msg/detail/vector2__traits.hpp
[8.812s] -- Symlinking: /home/sungbhin/hpc/install/interfaces_pkg/include/interfaces_pkg/interfaces_pkg/msg/detail/vector2__type_support.hpp
[8.816s] -- Symlinking: /home/sungbhin/hpc/install/interfaces_pkg/include/interfaces_pkg/interfaces_pkg/msg/detection.hpp
[8.819s] -- Symlinking: /home/sungbhin/hpc/install/interfaces_pkg/include/interfaces_pkg/interfaces_pkg/msg/detection_array.hpp
[8.822s] -- Symlinking: /home/sungbhin/hpc/install/interfaces_pkg/include/interfaces_pkg/interfaces_pkg/msg/key_point2_d.hpp
[8.826s] -- Symlinking: /home/sungbhin/hpc/install/interfaces_pkg/include/interfaces_pkg/interfaces_pkg/msg/key_point2_d_array.hpp
[8.829s] -- Symlinking: /home/sungbhin/hpc/install/interfaces_pkg/include/interfaces_pkg/interfaces_pkg/msg/key_point3_d.hpp
[8.833s] -- Symlinking: /home/sungbhin/hpc/install/interfaces_pkg/include/interfaces_pkg/interfaces_pkg/msg/key_point3_d_array.hpp
[8.836s] -- Symlinking: /home/sungbhin/hpc/install/interfaces_pkg/include/interfaces_pkg/interfaces_pkg/msg/lane_info.hpp
[8.840s] -- Symlinking: /home/sungbhin/hpc/install/interfaces_pkg/include/interfaces_pkg/interfaces_pkg/msg/mask.hpp
[8.845s] -- Symlinking: /home/sungbhin/hpc/install/interfaces_pkg/include/interfaces_pkg/interfaces_pkg/msg/motion_command.hpp
[8.849s] -- Symlinking: /home/sungbhin/hpc/install/interfaces_pkg/include/interfaces_pkg/interfaces_pkg/msg/path_planning_result.hpp
[8.854s] -- Symlinking: /home/sungbhin/hpc/install/interfaces_pkg/include/interfaces_pkg/interfaces_pkg/msg/point2_d.hpp
[8.857s] -- Symlinking: /home/sungbhin/hpc/install/interfaces_pkg/include/interfaces_pkg/interfaces_pkg/msg/pose2_d.hpp
[8.861s] -- Symlinking: /home/sungbhin/hpc/install/interfaces_pkg/include/interfaces_pkg/interfaces_pkg/msg/rosidl_generator_cpp__visibility_control.hpp
[8.865s] -- Symlinking: /home/sungbhin/hpc/install/interfaces_pkg/include/interfaces_pkg/interfaces_pkg/msg/target_point.hpp
[8.869s] -- Symlinking: /home/sungbhin/hpc/install/interfaces_pkg/include/interfaces_pkg/interfaces_pkg/msg/vector2.hpp
[8.874s] -- Symlinking: /home/sungbhin/hpc/install/interfaces_pkg/include/interfaces_pkg/interfaces_pkg/msg/detail/bounding_box2_d__rosidl_typesupport_fastrtps_cpp.hpp
[8.878s] -- Symlinking: /home/sungbhin/hpc/install/interfaces_pkg/include/interfaces_pkg/interfaces_pkg/msg/detail/bounding_box3_d__rosidl_typesupport_fastrtps_cpp.hpp
[8.881s] -- Symlinking: /home/sungbhin/hpc/install/interfaces_pkg/include/interfaces_pkg/interfaces_pkg/msg/detail/detection__rosidl_typesupport_fastrtps_cpp.hpp
[8.884s] -- Symlinking: /home/sungbhin/hpc/install/interfaces_pkg/include/interfaces_pkg/interfaces_pkg/msg/detail/detection_array__rosidl_typesupport_fastrtps_cpp.hpp
[8.889s] -- Symlinking: /home/sungbhin/hpc/install/interfaces_pkg/include/interfaces_pkg/interfaces_pkg/msg/detail/key_point2_d__rosidl_typesupport_fastrtps_cpp.hpp
[8.893s] -- Symlinking: /home/sungbhin/hpc/install/interfaces_pkg/include/interfaces_pkg/interfaces_pkg/msg/detail/key_point2_d_array__rosidl_typesupport_fastrtps_cpp.hpp
[8.897s] -- Symlinking: /home/sungbhin/hpc/install/interfaces_pkg/include/interfaces_pkg/interfaces_pkg/msg/detail/key_point3_d__rosidl_typesupport_fastrtps_cpp.hpp
[8.901s] -- Symlinking: /home/sungbhin/hpc/install/interfaces_pkg/include/interfaces_pkg/interfaces_pkg/msg/detail/key_point3_d_array__rosidl_typesupport_fastrtps_cpp.hpp
[8.904s] -- Symlinking: /home/sungbhin/hpc/install/interfaces_pkg/include/interfaces_pkg/interfaces_pkg/msg/detail/lane_info__rosidl_typesupport_fastrtps_cpp.hpp
[8.908s] -- Symlinking: /home/sungbhin/hpc/install/interfaces_pkg/include/interfaces_pkg/interfaces_pkg/msg/detail/mask__rosidl_typesupport_fastrtps_cpp.hpp
[8.912s] -- Symlinking: /home/sungbhin/hpc/install/interfaces_pkg/include/interfaces_pkg/interfaces_pkg/msg/detail/motion_command__rosidl_typesupport_fastrtps_cpp.hpp
[8.915s] -- Symlinking: /home/sungbhin/hpc/install/interfaces_pkg/include/interfaces_pkg/interfaces_pkg/msg/detail/path_planning_result__rosidl_typesupport_fastrtps_cpp.hpp
[8.919s] -- Symlinking: /home/sungbhin/hpc/install/interfaces_pkg/include/interfaces_pkg/interfaces_pkg/msg/detail/point2_d__rosidl_typesupport_fastrtps_cpp.hpp
[8.923s] -- Symlinking: /home/sungbhin/hpc/install/interfaces_pkg/include/interfaces_pkg/interfaces_pkg/msg/detail/pose2_d__rosidl_typesupport_fastrtps_cpp.hpp
[8.926s] -- Symlinking: /home/sungbhin/hpc/install/interfaces_pkg/include/interfaces_pkg/interfaces_pkg/msg/detail/target_point__rosidl_typesupport_fastrtps_cpp.hpp
[8.929s] -- Symlinking: /home/sungbhin/hpc/install/interfaces_pkg/include/interfaces_pkg/interfaces_pkg/msg/detail/vector2__rosidl_typesupport_fastrtps_cpp.hpp
[8.932s] -- Symlinking: /home/sungbhin/hpc/install/interfaces_pkg/include/interfaces_pkg/interfaces_pkg/msg/rosidl_typesupport_fastrtps_cpp__visibility_control.h
[8.936s] -- Symlinking: /home/sungbhin/hpc/install/interfaces_pkg/include/interfaces_pkg/interfaces_pkg/msg/detail/bounding_box2_d__rosidl_typesupport_introspection_cpp.hpp
[8.940s] -- Symlinking: /home/sungbhin/hpc/install/interfaces_pkg/include/interfaces_pkg/interfaces_pkg/msg/detail/bounding_box3_d__rosidl_typesupport_introspection_cpp.hpp
[8.943s] -- Symlinking: /home/sungbhin/hpc/install/interfaces_pkg/include/interfaces_pkg/interfaces_pkg/msg/detail/detection__rosidl_typesupport_introspection_cpp.hpp
[8.947s] -- Symlinking: /home/sungbhin/hpc/install/interfaces_pkg/include/interfaces_pkg/interfaces_pkg/msg/detail/detection_array__rosidl_typesupport_introspection_cpp.hpp
[8.951s] -- Symlinking: /home/sungbhin/hpc/install/interfaces_pkg/include/interfaces_pkg/interfaces_pkg/msg/detail/key_point2_d__rosidl_typesupport_introspection_cpp.hpp
[8.954s] -- Symlinking: /home/sungbhin/hpc/install/interfaces_pkg/include/interfaces_pkg/interfaces_pkg/msg/detail/key_point2_d_array__rosidl_typesupport_introspection_cpp.hpp
[8.957s] -- Symlinking: /home/sungbhin/hpc/install/interfaces_pkg/include/interfaces_pkg/interfaces_pkg/msg/detail/key_point3_d__rosidl_typesupport_introspection_cpp.hpp
[8.962s] -- Symlinking: /home/sungbhin/hpc/install/interfaces_pkg/include/interfaces_pkg/interfaces_pkg/msg/detail/key_point3_d_array__rosidl_typesupport_introspection_cpp.hpp
[8.964s] -- Symlinking: /home/sungbhin/hpc/install/interfaces_pkg/include/interfaces_pkg/interfaces_pkg/msg/detail/lane_info__rosidl_typesupport_introspection_cpp.hpp
[8.969s] -- Symlinking: /home/sungbhin/hpc/install/interfaces_pkg/include/interfaces_pkg/interfaces_pkg/msg/detail/mask__rosidl_typesupport_introspection_cpp.hpp
[8.973s] -- Symlinking: /home/sungbhin/hpc/install/interfaces_pkg/include/interfaces_pkg/interfaces_pkg/msg/detail/motion_command__rosidl_typesupport_introspection_cpp.hpp
[8.978s] -- Symlinking: /home/sungbhin/hpc/install/interfaces_pkg/include/interfaces_pkg/interfaces_pkg/msg/detail/path_planning_result__rosidl_typesupport_introspection_cpp.hpp
[8.981s] -- Symlinking: /home/sungbhin/hpc/install/interfaces_pkg/include/interfaces_pkg/interfaces_pkg/msg/detail/point2_d__rosidl_typesupport_introspection_cpp.hpp
[8.985s] -- Symlinking: /home/sungbhin/hpc/install/interfaces_pkg/include/interfaces_pkg/interfaces_pkg/msg/detail/pose2_d__rosidl_typesupport_introspection_cpp.hpp
[8.989s] -- Symlinking: /home/sungbhin/hpc/install/interfaces_pkg/include/interfaces_pkg/interfaces_pkg/msg/detail/target_point__rosidl_typesupport_introspection_cpp.hpp
[8.992s] -- Symlinking: /home/sungbhin/hpc/install/interfaces_pkg/include/interfaces_pkg/interfaces_pkg/msg/detail/vector2__rosidl_typesupport_introspection_cpp.hpp
[8.996s] -- Symlinking: /home/sungbhin/hpc/install/interfaces_pkg/share/interfaces_pkg/environment/pythonpath.sh
[9.001s] -- Symlinking: /home/sungbhin/hpc/install/interfaces_pkg/share/interfaces_pkg/environment/pythonpath.dsv
[9.005s] -- Symlinking: /home/sungbhin/hpc/install/interfaces_pkg/local/lib/python3.10/dist-packages/interfaces_pkg-0.0.0-py3.10.egg-info/PKG-INFO
[9.009s] -- Symlinking: /home/sungbhin/hpc/install/interfaces_pkg/local/lib/python3.10/dist-packages/interfaces_pkg-0.0.0-py3.10.egg-info/SOURCES.txt
[9.013s] -- Symlinking: /home/sungbhin/hpc/install/interfaces_pkg/local/lib/python3.10/dist-packages/interfaces_pkg-0.0.0-py3.10.egg-info/dependency_links.txt
[9.017s] -- Symlinking: /home/sungbhin/hpc/install/interfaces_pkg/local/lib/python3.10/dist-packages/interfaces_pkg-0.0.0-py3.10.egg-info/top_level.txt
[9.023s] -- Symlinking: /home/sungbhin/hpc/install/interfaces_pkg/local/lib/python3.10/dist-packages/interfaces_pkg/__init__.py
[9.026s] -- Symlinking: /home/sungbhin/hpc/install/interfaces_pkg/local/lib/python3.10/dist-packages/interfaces_pkg/_interfaces_pkg_s.ep.rosidl_typesupport_c.c
[9.030s] -- Symlinking: /home/sungbhin/hpc/install/interfaces_pkg/local/lib/python3.10/dist-packages/interfaces_pkg/_interfaces_pkg_s.ep.rosidl_typesupport_fastrtps_c.c
[9.034s] -- Symlinking: /home/sungbhin/hpc/install/interfaces_pkg/local/lib/python3.10/dist-packages/interfaces_pkg/_interfaces_pkg_s.ep.rosidl_typesupport_introspection_c.c
[9.038s] -- Symlinking: /home/sungbhin/hpc/install/interfaces_pkg/local/lib/python3.10/dist-packages/interfaces_pkg/interfaces_pkg_s__rosidl_typesupport_c.cpython-310-x86_64-linux-gnu.so
[9.042s] -- Symlinking: /home/sungbhin/hpc/install/interfaces_pkg/local/lib/python3.10/dist-packages/interfaces_pkg/interfaces_pkg_s__rosidl_typesupport_fastrtps_c.cpython-310-x86_64-linux-gnu.so
[9.047s] -- Symlinking: /home/sungbhin/hpc/install/interfaces_pkg/local/lib/python3.10/dist-packages/interfaces_pkg/interfaces_pkg_s__rosidl_typesupport_introspection_c.cpython-310-x86_64-linux-gnu.so
[9.051s] -- Symlinking: /home/sungbhin/hpc/install/interfaces_pkg/local/lib/python3.10/dist-packages/interfaces_pkg/libinterfaces_pkg__rosidl_generator_py.so
[9.054s] -- Symlinking: /home/sungbhin/hpc/install/interfaces_pkg/local/lib/python3.10/dist-packages/interfaces_pkg/msg/__init__.py
[9.057s] -- Symlinking: /home/sungbhin/hpc/install/interfaces_pkg/local/lib/python3.10/dist-packages/interfaces_pkg/msg/_bounding_box2_d.py
[9.061s] -- Symlinking: /home/sungbhin/hpc/install/interfaces_pkg/local/lib/python3.10/dist-packages/interfaces_pkg/msg/_bounding_box2_d_s.c
[9.065s] -- Symlinking: /home/sungbhin/hpc/install/interfaces_pkg/local/lib/python3.10/dist-packages/interfaces_pkg/msg/_bounding_box3_d.py
[9.067s] -- Symlinking: /home/sungbhin/hpc/install/interfaces_pkg/local/lib/python3.10/dist-packages/interfaces_pkg/msg/_bounding_box3_d_s.c
[9.071s] -- Symlinking: /home/sungbhin/hpc/install/interfaces_pkg/local/lib/python3.10/dist-packages/interfaces_pkg/msg/_detection.py
[9.074s] -- Symlinking: /home/sungbhin/hpc/install/interfaces_pkg/local/lib/python3.10/dist-packages/interfaces_pkg/msg/_detection_array.py
[9.078s] -- Symlinking: /home/sungbhin/hpc/install/interfaces_pkg/local/lib/python3.10/dist-packages/interfaces_pkg/msg/_detection_array_s.c
[9.082s] -- Symlinking: /home/sungbhin/hpc/install/interfaces_pkg/local/lib/python3.10/dist-packages/interfaces_pkg/msg/_detection_s.c
[9.086s] -- Symlinking: /home/sungbhin/hpc/install/interfaces_pkg/local/lib/python3.10/dist-packages/interfaces_pkg/msg/_key_point2_d.py
[9.090s] -- Symlinking: /home/sungbhin/hpc/install/interfaces_pkg/local/lib/python3.10/dist-packages/interfaces_pkg/msg/_key_point2_d_array.py
[9.094s] -- Symlinking: /home/sungbhin/hpc/install/interfaces_pkg/local/lib/python3.10/dist-packages/interfaces_pkg/msg/_key_point2_d_array_s.c
[9.097s] -- Symlinking: /home/sungbhin/hpc/install/interfaces_pkg/local/lib/python3.10/dist-packages/interfaces_pkg/msg/_key_point2_d_s.c
[9.101s] -- Symlinking: /home/sungbhin/hpc/install/interfaces_pkg/local/lib/python3.10/dist-packages/interfaces_pkg/msg/_key_point3_d.py
[9.104s] -- Symlinking: /home/sungbhin/hpc/install/interfaces_pkg/local/lib/python3.10/dist-packages/interfaces_pkg/msg/_key_point3_d_array.py
[9.107s] -- Symlinking: /home/sungbhin/hpc/install/interfaces_pkg/local/lib/python3.10/dist-packages/interfaces_pkg/msg/_key_point3_d_array_s.c
[9.110s] -- Symlinking: /home/sungbhin/hpc/install/interfaces_pkg/local/lib/python3.10/dist-packages/interfaces_pkg/msg/_key_point3_d_s.c
[9.114s] -- Symlinking: /home/sungbhin/hpc/install/interfaces_pkg/local/lib/python3.10/dist-packages/interfaces_pkg/msg/_lane_info.py
[9.117s] -- Symlinking: /home/sungbhin/hpc/install/interfaces_pkg/local/lib/python3.10/dist-packages/interfaces_pkg/msg/_lane_info_s.c
[9.120s] -- Symlinking: /home/sungbhin/hpc/install/interfaces_pkg/local/lib/python3.10/dist-packages/interfaces_pkg/msg/_mask.py
[9.124s] -- Symlinking: /home/sungbhin/hpc/install/interfaces_pkg/local/lib/python3.10/dist-packages/interfaces_pkg/msg/_mask_s.c
[9.127s] -- Symlinking: /home/sungbhin/hpc/install/interfaces_pkg/local/lib/python3.10/dist-packages/interfaces_pkg/msg/_motion_command.py
[9.131s] -- Symlinking: /home/sungbhin/hpc/install/interfaces_pkg/local/lib/python3.10/dist-packages/interfaces_pkg/msg/_motion_command_s.c
[9.134s] -- Symlinking: /home/sungbhin/hpc/install/interfaces_pkg/local/lib/python3.10/dist-packages/interfaces_pkg/msg/_path_planning_result.py
[9.137s] -- Symlinking: /home/sungbhin/hpc/install/interfaces_pkg/local/lib/python3.10/dist-packages/interfaces_pkg/msg/_path_planning_result_s.c
[9.140s] -- Symlinking: /home/sungbhin/hpc/install/interfaces_pkg/local/lib/python3.10/dist-packages/interfaces_pkg/msg/_point2_d.py
[9.143s] -- Symlinking: /home/sungbhin/hpc/install/interfaces_pkg/local/lib/python3.10/dist-packages/interfaces_pkg/msg/_point2_d_s.c
[9.147s] -- Symlinking: /home/sungbhin/hpc/install/interfaces_pkg/local/lib/python3.10/dist-packages/interfaces_pkg/msg/_pose2_d.py
[9.151s] -- Symlinking: /home/sungbhin/hpc/install/interfaces_pkg/local/lib/python3.10/dist-packages/interfaces_pkg/msg/_pose2_d_s.c
[9.154s] -- Symlinking: /home/sungbhin/hpc/install/interfaces_pkg/local/lib/python3.10/dist-packages/interfaces_pkg/msg/_target_point.py
[9.158s] -- Symlinking: /home/sungbhin/hpc/install/interfaces_pkg/local/lib/python3.10/dist-packages/interfaces_pkg/msg/_target_point_s.c
[9.163s] -- Symlinking: /home/sungbhin/hpc/install/interfaces_pkg/local/lib/python3.10/dist-packages/interfaces_pkg/msg/_vector2.py
[9.166s] -- Symlinking: /home/sungbhin/hpc/install/interfaces_pkg/local/lib/python3.10/dist-packages/interfaces_pkg/msg/_vector2_s.c
[9.170s] -- Up-to-date symlink: /home/sungbhin/hpc/install/interfaces_pkg/local/lib/python3.10/dist-packages/interfaces_pkg/interfaces_pkg_s__rosidl_typesupport_fastrtps_c.cpython-310-x86_64-linux-gnu.so
[9.171s] -- Up-to-date symlink: /home/sungbhin/hpc/install/interfaces_pkg/local/lib/python3.10/dist-packages/interfaces_pkg/interfaces_pkg_s__rosidl_typesupport_introspection_c.cpython-310-x86_64-linux-gnu.so
[9.171s] -- Up-to-date symlink: /home/sungbhin/hpc/install/interfaces_pkg/local/lib/python3.10/dist-packages/interfaces_pkg/interfaces_pkg_s__rosidl_typesupport_c.cpython-310-x86_64-linux-gnu.so
[9.171s] -- Symlinking: /home/sungbhin/hpc/install/interfaces_pkg/share/interfaces_pkg/msg/Point2D.idl
[9.175s] -- Symlinking: /home/sungbhin/hpc/install/interfaces_pkg/share/interfaces_pkg/msg/Vector2.idl
[9.179s] -- Symlinking: /home/sungbhin/hpc/install/interfaces_pkg/share/interfaces_pkg/msg/Pose2D.idl
[9.183s] -- Symlinking: /home/sungbhin/hpc/install/interfaces_pkg/share/interfaces_pkg/msg/BoundingBox2D.idl
[9.187s] -- Symlinking: /home/sungbhin/hpc/install/interfaces_pkg/share/interfaces_pkg/msg/BoundingBox3D.idl
[9.190s] -- Symlinking: /home/sungbhin/hpc/install/interfaces_pkg/share/interfaces_pkg/msg/Mask.idl
[9.193s] -- Symlinking: /home/sungbhin/hpc/install/interfaces_pkg/share/interfaces_pkg/msg/KeyPoint2D.idl
[9.197s] -- Symlinking: /home/sungbhin/hpc/install/interfaces_pkg/share/interfaces_pkg/msg/KeyPoint2DArray.idl
[9.200s] -- Symlinking: /home/sungbhin/hpc/install/interfaces_pkg/share/interfaces_pkg/msg/KeyPoint3D.idl
[9.204s] -- Symlinking: /home/sungbhin/hpc/install/interfaces_pkg/share/interfaces_pkg/msg/KeyPoint3DArray.idl
[9.207s] -- Symlinking: /home/sungbhin/hpc/install/interfaces_pkg/share/interfaces_pkg/msg/Detection.idl
[9.211s] -- Symlinking: /home/sungbhin/hpc/install/interfaces_pkg/share/interfaces_pkg/msg/DetectionArray.idl
[9.214s] -- Symlinking: /home/sungbhin/hpc/install/interfaces_pkg/share/interfaces_pkg/msg/LaneInfo.idl
[9.218s] -- Symlinking: /home/sungbhin/hpc/install/interfaces_pkg/share/interfaces_pkg/msg/MotionCommand.idl
[9.221s] -- Symlinking: /home/sungbhin/hpc/install/interfaces_pkg/share/interfaces_pkg/msg/TargetPoint.idl
[9.224s] -- Symlinking: /home/sungbhin/hpc/install/interfaces_pkg/share/interfaces_pkg/msg/PathPlanningResult.idl
[9.229s] -- Symlinking: /home/sungbhin/hpc/install/interfaces_pkg/share/interfaces_pkg/msg/Point2D.msg
[9.233s] -- Symlinking: /home/sungbhin/hpc/install/interfaces_pkg/share/interfaces_pkg/msg/Vector2.msg
[9.235s] -- Symlinking: /home/sungbhin/hpc/install/interfaces_pkg/share/interfaces_pkg/msg/Pose2D.msg
[9.239s] -- Symlinking: /home/sungbhin/hpc/install/interfaces_pkg/share/interfaces_pkg/msg/BoundingBox2D.msg
[9.242s] -- Symlinking: /home/sungbhin/hpc/install/interfaces_pkg/share/interfaces_pkg/msg/BoundingBox3D.msg
[9.245s] -- Symlinking: /home/sungbhin/hpc/install/interfaces_pkg/share/interfaces_pkg/msg/Mask.msg
[9.249s] -- Symlinking: /home/sungbhin/hpc/install/interfaces_pkg/share/interfaces_pkg/msg/KeyPoint2D.msg
[9.252s] -- Symlinking: /home/sungbhin/hpc/install/interfaces_pkg/share/interfaces_pkg/msg/KeyPoint2DArray.msg
[9.255s] -- Symlinking: /home/sungbhin/hpc/install/interfaces_pkg/share/interfaces_pkg/msg/KeyPoint3D.msg
[9.258s] -- Symlinking: /home/sungbhin/hpc/install/interfaces_pkg/share/interfaces_pkg/msg/KeyPoint3DArray.msg
[9.262s] -- Symlinking: /home/sungbhin/hpc/install/interfaces_pkg/share/interfaces_pkg/msg/Detection.msg
[9.264s] -- Symlinking: /home/sungbhin/hpc/install/interfaces_pkg/share/interfaces_pkg/msg/DetectionArray.msg
[9.268s] -- Symlinking: /home/sungbhin/hpc/install/interfaces_pkg/share/interfaces_pkg/msg/LaneInfo.msg
[9.270s] -- Symlinking: /home/sungbhin/hpc/install/interfaces_pkg/share/interfaces_pkg/msg/MotionCommand.msg
[9.274s] -- Symlinking: /home/sungbhin/hpc/install/interfaces_pkg/share/interfaces_pkg/msg/TargetPoint.msg
[9.278s] -- Symlinking: /home/sungbhin/hpc/install/interfaces_pkg/share/interfaces_pkg/msg/PathPlanningResult.msg
[9.282s] -- Symlinking: /home/sungbhin/hpc/install/interfaces_pkg/share/ament_index/resource_index/package_run_dependencies/interfaces_pkg
[9.285s] -- Symlinking: /home/sungbhin/hpc/install/interfaces_pkg/share/ament_index/resource_index/parent_prefix_path/interfaces_pkg
[9.289s] -- Symlinking: /home/sungbhin/hpc/install/interfaces_pkg/share/interfaces_pkg/environment/ament_prefix_path.sh
[9.293s] -- Symlinking: /home/sungbhin/hpc/install/interfaces_pkg/share/interfaces_pkg/environment/ament_prefix_path.dsv
[9.296s] -- Symlinking: /home/sungbhin/hpc/install/interfaces_pkg/share/interfaces_pkg/environment/path.sh
[9.300s] -- Symlinking: /home/sungbhin/hpc/install/interfaces_pkg/share/interfaces_pkg/environment/path.dsv
[9.304s] -- Symlinking: /home/sungbhin/hpc/install/interfaces_pkg/share/interfaces_pkg/local_setup.bash
[9.307s] -- Symlinking: /home/sungbhin/hpc/install/interfaces_pkg/share/interfaces_pkg/local_setup.sh
[9.310s] -- Symlinking: /home/sungbhin/hpc/install/interfaces_pkg/share/interfaces_pkg/local_setup.zsh
[9.314s] -- Symlinking: /home/sungbhin/hpc/install/interfaces_pkg/share/interfaces_pkg/local_setup.dsv
[9.317s] -- Symlinking: /home/sungbhin/hpc/install/interfaces_pkg/share/interfaces_pkg/package.dsv
[9.320s] -- Symlinking: /home/sungbhin/hpc/install/interfaces_pkg/share/ament_index/resource_index/packages/interfaces_pkg
[9.324s] -- Symlinking: /home/sungbhin/hpc/install/interfaces_pkg/share/interfaces_pkg/cmake/rosidl_cmake-extras.cmake
[9.328s] -- Symlinking: /home/sungbhin/hpc/install/interfaces_pkg/share/interfaces_pkg/cmake/ament_cmake_export_dependencies-extras.cmake
[9.331s] -- Symlinking: /home/sungbhin/hpc/install/interfaces_pkg/share/interfaces_pkg/cmake/ament_cmake_export_include_directories-extras.cmake
[9.335s] -- Symlinking: /home/sungbhin/hpc/install/interfaces_pkg/share/interfaces_pkg/cmake/ament_cmake_export_libraries-extras.cmake
[9.339s] -- Symlinking: /home/sungbhin/hpc/install/interfaces_pkg/share/interfaces_pkg/cmake/ament_cmake_export_targets-extras.cmake
[9.344s] -- Symlinking: /home/sungbhin/hpc/install/interfaces_pkg/share/interfaces_pkg/cmake/rosidl_cmake_export_typesupport_targets-extras.cmake
[9.347s] -- Symlinking: /home/sungbhin/hpc/install/interfaces_pkg/share/interfaces_pkg/cmake/rosidl_cmake_export_typesupport_libraries-extras.cmake
[9.350s] -- Symlinking: /home/sungbhin/hpc/install/interfaces_pkg/share/interfaces_pkg/cmake/interfaces_pkgConfig.cmake
[9.355s] -- Symlinking: /home/sungbhin/hpc/install/interfaces_pkg/share/interfaces_pkg/cmake/interfaces_pkgConfig-version.cmake
[9.358s] -- Symlinking: /home/sungbhin/hpc/install/interfaces_pkg/share/interfaces_pkg/package.xml
[9.362s] -- Installing: /home/sungbhin/hpc/install/interfaces_pkg/lib/libinterfaces_pkg__rosidl_generator_c.so
[9.363s] -- Set non-toolchain portion of runtime path of "/home/sungbhin/hpc/install/interfaces_pkg/lib/libinterfaces_pkg__rosidl_generator_c.so" to ""
[9.363s] -- Installing: /home/sungbhin/hpc/install/interfaces_pkg/lib/libinterfaces_pkg__rosidl_typesupport_fastrtps_c.so
[9.363s] -- Set non-toolchain portion of runtime path of "/home/sungbhin/hpc/install/interfaces_pkg/lib/libinterfaces_pkg__rosidl_typesupport_fastrtps_c.so" to ""
[9.364s] -- Installing: /home/sungbhin/hpc/install/interfaces_pkg/lib/libinterfaces_pkg__rosidl_typesupport_introspection_c.so
[9.364s] -- Set non-toolchain portion of runtime path of "/home/sungbhin/hpc/install/interfaces_pkg/lib/libinterfaces_pkg__rosidl_typesupport_introspection_c.so" to ""
[9.364s] -- Installing: /home/sungbhin/hpc/install/interfaces_pkg/lib/libinterfaces_pkg__rosidl_typesupport_c.so
[9.364s] -- Set non-toolchain portion of runtime path of "/home/sungbhin/hpc/install/interfaces_pkg/lib/libinterfaces_pkg__rosidl_typesupport_c.so" to ""
[9.364s] -- Installing: /home/sungbhin/hpc/install/interfaces_pkg/lib/libinterfaces_pkg__rosidl_typesupport_fastrtps_cpp.so
[9.365s] -- Set non-toolchain portion of runtime path of "/home/sungbhin/hpc/install/interfaces_pkg/lib/libinterfaces_pkg__rosidl_typesupport_fastrtps_cpp.so" to ""
[9.365s] -- Installing: /home/sungbhin/hpc/install/interfaces_pkg/lib/libinterfaces_pkg__rosidl_typesupport_introspection_cpp.so
[9.366s] -- Set non-toolchain portion of runtime path of "/home/sungbhin/hpc/install/interfaces_pkg/lib/libinterfaces_pkg__rosidl_typesupport_introspection_cpp.so" to ""
[9.366s] -- Installing: /home/sungbhin/hpc/install/interfaces_pkg/lib/libinterfaces_pkg__rosidl_typesupport_cpp.so
[9.366s] -- Set non-toolchain portion of runtime path of "/home/sungbhin/hpc/install/interfaces_pkg/lib/libinterfaces_pkg__rosidl_typesupport_cpp.so" to ""
[9.400s] Listing '/home/sungbhin/hpc/install/interfaces_pkg/local/lib/python3.10/dist-packages/interfaces_pkg'...
[9.400s] Compiling '/home/sungbhin/hpc/install/interfaces_pkg/local/lib/python3.10/dist-packages/interfaces_pkg/__init__.py'...
[9.400s] Listing '/home/sungbhin/hpc/install/interfaces_pkg/local/lib/python3.10/dist-packages/interfaces_pkg/msg'...
[9.400s] Compiling '/home/sungbhin/hpc/install/interfaces_pkg/local/lib/python3.10/dist-packages/interfaces_pkg/msg/__init__.py'...
[9.400s] Compiling '/home/sungbhin/hpc/install/interfaces_pkg/local/lib/python3.10/dist-packages/interfaces_pkg/msg/_bounding_box2_d.py'...
[9.400s] Compiling '/home/sungbhin/hpc/install/interfaces_pkg/local/lib/python3.10/dist-packages/interfaces_pkg/msg/_bounding_box3_d.py'...
[9.400s] Compiling '/home/sungbhin/hpc/install/interfaces_pkg/local/lib/python3.10/dist-packages/interfaces_pkg/msg/_detection.py'...
[9.400s] Compiling '/home/sungbhin/hpc/install/interfaces_pkg/local/lib/python3.10/dist-packages/interfaces_pkg/msg/_detection_array.py'...
[9.400s] Compiling '/home/sungbhin/hpc/install/interfaces_pkg/local/lib/python3.10/dist-packages/interfaces_pkg/msg/_key_point2_d.py'...
[9.400s] Compiling '/home/sungbhin/hpc/install/interfaces_pkg/local/lib/python3.10/dist-packages/interfaces_pkg/msg/_key_point2_d_array.py'...
[9.401s] Compiling '/home/sungbhin/hpc/install/interfaces_pkg/local/lib/python3.10/dist-packages/interfaces_pkg/msg/_key_point3_d.py'...
[9.401s] Compiling '/home/sungbhin/hpc/install/interfaces_pkg/local/lib/python3.10/dist-packages/interfaces_pkg/msg/_key_point3_d_array.py'...
[9.401s] Compiling '/home/sungbhin/hpc/install/interfaces_pkg/local/lib/python3.10/dist-packages/interfaces_pkg/msg/_lane_info.py'...
[9.401s] Compiling '/home/sungbhin/hpc/install/interfaces_pkg/local/lib/python3.10/dist-packages/interfaces_pkg/msg/_mask.py'...
[9.401s] Compiling '/home/sungbhin/hpc/install/interfaces_pkg/local/lib/python3.10/dist-packages/interfaces_pkg/msg/_motion_command.py'...
[9.401s] Compiling '/home/sungbhin/hpc/install/interfaces_pkg/local/lib/python3.10/dist-packages/interfaces_pkg/msg/_path_planning_result.py'...
[9.401s] Compiling '/home/sungbhin/hpc/install/interfaces_pkg/local/lib/python3.10/dist-packages/interfaces_pkg/msg/_point2_d.py'...
[9.401s] Compiling '/home/sungbhin/hpc/install/interfaces_pkg/local/lib/python3.10/dist-packages/interfaces_pkg/msg/_pose2_d.py'...
[9.401s] Compiling '/home/sungbhin/hpc/install/interfaces_pkg/local/lib/python3.10/dist-packages/interfaces_pkg/msg/_target_point.py'...
[9.401s] Compiling '/home/sungbhin/hpc/install/interfaces_pkg/local/lib/python3.10/dist-packages/interfaces_pkg/msg/_vector2.py'...
[9.403s] -- Installing: /home/sungbhin/hpc/install/interfaces_pkg/lib/libinterfaces_pkg__rosidl_generator_py.so
[9.404s] -- Set non-toolchain portion of runtime path of "/home/sungbhin/hpc/install/interfaces_pkg/lib/libinterfaces_pkg__rosidl_generator_py.so" to ""
[9.404s] -- Installing: /home/sungbhin/hpc/install/interfaces_pkg/share/interfaces_pkg/cmake/export_interfaces_pkg__rosidl_generator_cExport.cmake
[9.404s] -- Installing: /home/sungbhin/hpc/install/interfaces_pkg/share/interfaces_pkg/cmake/export_interfaces_pkg__rosidl_generator_cExport-noconfig.cmake
[9.404s] -- Installing: /home/sungbhin/hpc/install/interfaces_pkg/share/interfaces_pkg/cmake/export_interfaces_pkg__rosidl_typesupport_fastrtps_cExport.cmake
[9.405s] -- Installing: /home/sungbhin/hpc/install/interfaces_pkg/share/interfaces_pkg/cmake/export_interfaces_pkg__rosidl_typesupport_fastrtps_cExport-noconfig.cmake
[9.405s] -- Installing: /home/sungbhin/hpc/install/interfaces_pkg/share/interfaces_pkg/cmake/interfaces_pkg__rosidl_typesupport_introspection_cExport.cmake
[9.405s] -- Installing: /home/sungbhin/hpc/install/interfaces_pkg/share/interfaces_pkg/cmake/interfaces_pkg__rosidl_typesupport_introspection_cExport-noconfig.cmake
[9.405s] -- Installing: /home/sungbhin/hpc/install/interfaces_pkg/share/interfaces_pkg/cmake/interfaces_pkg__rosidl_typesupport_cExport.cmake
[9.405s] -- Installing: /home/sungbhin/hpc/install/interfaces_pkg/share/interfaces_pkg/cmake/interfaces_pkg__rosidl_typesupport_cExport-noconfig.cmake
[9.405s] -- Installing: /home/sungbhin/hpc/install/interfaces_pkg/share/interfaces_pkg/cmake/export_interfaces_pkg__rosidl_generator_cppExport.cmake
[9.406s] -- Installing: /home/sungbhin/hpc/install/interfaces_pkg/share/interfaces_pkg/cmake/export_interfaces_pkg__rosidl_typesupport_fastrtps_cppExport.cmake
[9.406s] -- Installing: /home/sungbhin/hpc/install/interfaces_pkg/share/interfaces_pkg/cmake/export_interfaces_pkg__rosidl_typesupport_fastrtps_cppExport-noconfig.cmake
[9.406s] -- Installing: /home/sungbhin/hpc/install/interfaces_pkg/share/interfaces_pkg/cmake/interfaces_pkg__rosidl_typesupport_introspection_cppExport.cmake
[9.406s] -- Installing: /home/sungbhin/hpc/install/interfaces_pkg/share/interfaces_pkg/cmake/interfaces_pkg__rosidl_typesupport_introspection_cppExport-noconfig.cmake
[9.406s] -- Installing: /home/sungbhin/hpc/install/interfaces_pkg/share/interfaces_pkg/cmake/interfaces_pkg__rosidl_typesupport_cppExport.cmake
[9.406s] -- Installing: /home/sungbhin/hpc/install/interfaces_pkg/share/interfaces_pkg/cmake/interfaces_pkg__rosidl_typesupport_cppExport-noconfig.cmake
[9.406s] -- Installing: /home/sungbhin/hpc/install/interfaces_pkg/share/interfaces_pkg/cmake/export_interfaces_pkg__rosidl_generator_pyExport.cmake
[9.406s] -- Installing: /home/sungbhin/hpc/install/interfaces_pkg/share/interfaces_pkg/cmake/export_interfaces_pkg__rosidl_generator_pyExport-noconfig.cmake
[9.409s] Invoked command in '/home/sungbhin/hpc/build/interfaces_pkg' returned '0': CMAKE_PREFIX_PATH=/opt/ros/humble /usr/local/bin/cmake --install /home/sungbhin/hpc/build/interfaces_pkg
