[1.297s] Invoking command in '/home/sungbhin/hpc/build/decision_making_pkg': PYTHONPATH=/home/sungbhin/hpc/build/decision_making_pkg/prefix_override:/usr/lib/python3/dist-packages/colcon_core/task/python/colcon_distutils_commands:/home/sungbhin/hpc/install/decision_making_pkg/lib/python3.10/site-packages:${PYTHONPATH} /usr/bin/python3 -W ignore:setup.py install is deprecated -W ignore:easy_install command is deprecated setup.py develop --editable --build-directory /home/sungbhin/hpc/build/decision_making_pkg/build --no-deps symlink_data
[1.521s] running develop
[1.664s] running egg_info
[1.664s] creating decision_making_pkg.egg-info
[1.665s] writing decision_making_pkg.egg-info/PKG-INFO
[1.665s] writing dependency_links to decision_making_pkg.egg-info/dependency_links.txt
[1.665s] writing entry points to decision_making_pkg.egg-info/entry_points.txt
[1.666s] writing requirements to decision_making_pkg.egg-info/requires.txt
[1.666s] writing top-level names to decision_making_pkg.egg-info/top_level.txt
[1.666s] writing manifest file 'decision_making_pkg.egg-info/SOURCES.txt'
[1.667s] reading manifest file 'decision_making_pkg.egg-info/SOURCES.txt'
[1.667s] writing manifest file 'decision_making_pkg.egg-info/SOURCES.txt'
[1.667s] running build_ext
[1.668s] Creating /home/sungbhin/hpc/install/decision_making_pkg/lib/python3.10/site-packages/decision-making-pkg.egg-link (link to .)
[1.668s] Installing motion_planner_node script to /home/sungbhin/hpc/install/decision_making_pkg/lib/decision_making_pkg
[1.668s] Installing path_planner_node script to /home/sungbhin/hpc/install/decision_making_pkg/lib/decision_making_pkg
[1.669s] 
[1.669s] Installed /home/sungbhin/hpc/build/decision_making_pkg
[1.669s] running symlink_data
[1.669s] creating /home/sungbhin/hpc/install/decision_making_pkg/share/ament_index
[1.669s] creating /home/sungbhin/hpc/install/decision_making_pkg/share/ament_index/resource_index
[1.670s] creating /home/sungbhin/hpc/install/decision_making_pkg/share/ament_index/resource_index/packages
[1.670s] symbolically linking /home/sungbhin/hpc/build/decision_making_pkg/resource/decision_making_pkg -> /home/sungbhin/hpc/install/decision_making_pkg/share/ament_index/resource_index/packages
[1.670s] symbolically linking /home/sungbhin/hpc/build/decision_making_pkg/package.xml -> /home/sungbhin/hpc/install/decision_making_pkg/share/decision_making_pkg
[1.741s] Invoked command in '/home/sungbhin/hpc/build/decision_making_pkg' returned '0': PYTHONPATH=/home/sungbhin/hpc/build/decision_making_pkg/prefix_override:/usr/lib/python3/dist-packages/colcon_core/task/python/colcon_distutils_commands:/home/sungbhin/hpc/install/decision_making_pkg/lib/python3.10/site-packages:${PYTHONPATH} /usr/bin/python3 -W ignore:setup.py install is deprecated -W ignore:easy_install command is deprecated setup.py develop --editable --build-directory /home/sungbhin/hpc/build/decision_making_pkg/build --no-deps symlink_data
