[0.554s] Invoking command in '/home/sungbhin/hpc/src/data_collection_pkg': PYTHONPATH=/home/sungbhin/hpc/build/data_collection_pkg/prefix_override:/usr/lib/python3/dist-packages/colcon_core/task/python/colcon_distutils_commands:/home/sungbhin/hpc/install/data_collection_pkg/lib/python3.10/site-packages:${PYTHONPATH} /usr/bin/python3 -W ignore:setup.py install is deprecated -W ignore:easy_install command is deprecated setup.py egg_info --egg-base ../../build/data_collection_pkg build --build-base /home/sungbhin/hpc/build/data_collection_pkg/build install --record /home/sungbhin/hpc/build/data_collection_pkg/install.log --single-version-externally-managed install_data
[0.751s] running egg_info
[0.751s] creating ../../build/data_collection_pkg/data_collection_pkg.egg-info
[0.751s] writing ../../build/data_collection_pkg/data_collection_pkg.egg-info/PKG-INFO
[0.752s] writing dependency_links to ../../build/data_collection_pkg/data_collection_pkg.egg-info/dependency_links.txt
[0.752s] writing entry points to ../../build/data_collection_pkg/data_collection_pkg.egg-info/entry_points.txt
[0.752s] writing requirements to ../../build/data_collection_pkg/data_collection_pkg.egg-info/requires.txt
[0.752s] writing top-level names to ../../build/data_collection_pkg/data_collection_pkg.egg-info/top_level.txt
[0.752s] writing manifest file '../../build/data_collection_pkg/data_collection_pkg.egg-info/SOURCES.txt'
[0.753s] reading manifest file '../../build/data_collection_pkg/data_collection_pkg.egg-info/SOURCES.txt'
[0.753s] writing manifest file '../../build/data_collection_pkg/data_collection_pkg.egg-info/SOURCES.txt'
[0.754s] running build
[0.754s] running build_py
[0.754s] creating /home/sungbhin/hpc/build/data_collection_pkg/build
[0.754s] creating /home/sungbhin/hpc/build/data_collection_pkg/build/lib
[0.754s] creating /home/sungbhin/hpc/build/data_collection_pkg/build/lib/data_collection_pkg
[0.754s] copying data_collection_pkg/data_collection_node.py -> /home/sungbhin/hpc/build/data_collection_pkg/build/lib/data_collection_pkg
[0.754s] copying data_collection_pkg/__init__.py -> /home/sungbhin/hpc/build/data_collection_pkg/build/lib/data_collection_pkg
[0.754s] running install
[0.754s] running install_lib
[0.755s] creating /home/sungbhin/hpc/install/data_collection_pkg/lib/python3.10/site-packages/data_collection_pkg
[0.755s] copying /home/sungbhin/hpc/build/data_collection_pkg/build/lib/data_collection_pkg/data_collection_node.py -> /home/sungbhin/hpc/install/data_collection_pkg/lib/python3.10/site-packages/data_collection_pkg
[0.755s] copying /home/sungbhin/hpc/build/data_collection_pkg/build/lib/data_collection_pkg/__init__.py -> /home/sungbhin/hpc/install/data_collection_pkg/lib/python3.10/site-packages/data_collection_pkg
[0.755s] byte-compiling /home/sungbhin/hpc/install/data_collection_pkg/lib/python3.10/site-packages/data_collection_pkg/data_collection_node.py to data_collection_node.cpython-310.pyc
[0.756s] byte-compiling /home/sungbhin/hpc/install/data_collection_pkg/lib/python3.10/site-packages/data_collection_pkg/__init__.py to __init__.cpython-310.pyc
[0.756s] running install_data
[0.756s] creating /home/sungbhin/hpc/install/data_collection_pkg/share/ament_index
[0.756s] creating /home/sungbhin/hpc/install/data_collection_pkg/share/ament_index/resource_index
[0.756s] creating /home/sungbhin/hpc/install/data_collection_pkg/share/ament_index/resource_index/packages
[0.756s] copying resource/data_collection_pkg -> /home/sungbhin/hpc/install/data_collection_pkg/share/ament_index/resource_index/packages
[0.756s] copying package.xml -> /home/sungbhin/hpc/install/data_collection_pkg/share/data_collection_pkg
[0.757s] creating /home/sungbhin/hpc/install/data_collection_pkg/lib/data_collection_pkg
[0.757s] copying data_collection_pkg/data_collection_func_lib.cpython-310.pyc -> /home/sungbhin/hpc/install/data_collection_pkg/lib/data_collection_pkg
[0.757s] running install_egg_info
[0.758s] Copying ../../build/data_collection_pkg/data_collection_pkg.egg-info to /home/sungbhin/hpc/install/data_collection_pkg/lib/python3.10/site-packages/data_collection_pkg-0.0.0-py3.10.egg-info
[0.759s] running install_scripts
[0.775s] Installing data_collection_node script to /home/sungbhin/hpc/install/data_collection_pkg/lib/data_collection_pkg
[0.775s] writing list of installed files to '/home/sungbhin/hpc/build/data_collection_pkg/install.log'
[0.805s] Invoked command in '/home/sungbhin/hpc/src/data_collection_pkg' returned '0': PYTHONPATH=/home/sungbhin/hpc/build/data_collection_pkg/prefix_override:/usr/lib/python3/dist-packages/colcon_core/task/python/colcon_distutils_commands:/home/sungbhin/hpc/install/data_collection_pkg/lib/python3.10/site-packages:${PYTHONPATH} /usr/bin/python3 -W ignore:setup.py install is deprecated -W ignore:easy_install command is deprecated setup.py egg_info --egg-base ../../build/data_collection_pkg build --build-base /home/sungbhin/hpc/build/data_collection_pkg/build install --record /home/sungbhin/hpc/build/data_collection_pkg/install.log --single-version-externally-managed install_data
