[0.535s] Invoking command in '/home/sungbhin/hpc/src/data_collection_pkg': PYTHONPATH=/home/sungbhin/hpc/build/data_collection_pkg/prefix_override:/usr/lib/python3/dist-packages/colcon_core/task/python/colcon_distutils_commands:/home/sungbhin/hpc/install/data_collection_pkg/lib/python3.10/site-packages:${PYTHONPATH} /usr/bin/python3 -W ignore:setup.py install is deprecated -W ignore:easy_install command is deprecated setup.py egg_info --egg-base ../../build/data_collection_pkg build --build-base /home/sungbhin/hpc/build/data_collection_pkg/build install --record /home/sungbhin/hpc/build/data_collection_pkg/install.log --single-version-externally-managed install_data
[0.734s] running egg_info
[0.735s] writing ../../build/data_collection_pkg/data_collection_pkg.egg-info/PKG-INFO
[0.735s] writing dependency_links to ../../build/data_collection_pkg/data_collection_pkg.egg-info/dependency_links.txt
[0.735s] writing entry points to ../../build/data_collection_pkg/data_collection_pkg.egg-info/entry_points.txt
[0.735s] writing requirements to ../../build/data_collection_pkg/data_collection_pkg.egg-info/requires.txt
[0.735s] writing top-level names to ../../build/data_collection_pkg/data_collection_pkg.egg-info/top_level.txt
[0.736s] reading manifest file '../../build/data_collection_pkg/data_collection_pkg.egg-info/SOURCES.txt'
[0.737s] writing manifest file '../../build/data_collection_pkg/data_collection_pkg.egg-info/SOURCES.txt'
[0.737s] running build
[0.737s] running build_py
[0.737s] copying data_collection_pkg/data_collection_node.py -> /home/sungbhin/hpc/build/data_collection_pkg/build/lib/data_collection_pkg
[0.737s] running install
[0.738s] running install_lib
[0.738s] copying /home/sungbhin/hpc/build/data_collection_pkg/build/lib/data_collection_pkg/data_collection_node.py -> /home/sungbhin/hpc/install/data_collection_pkg/lib/python3.10/site-packages/data_collection_pkg
[0.739s] byte-compiling /home/sungbhin/hpc/install/data_collection_pkg/lib/python3.10/site-packages/data_collection_pkg/data_collection_node.py to data_collection_node.cpython-310.pyc
[0.740s] running install_data
[0.740s] running install_egg_info
[0.741s] removing '/home/sungbhin/hpc/install/data_collection_pkg/lib/python3.10/site-packages/data_collection_pkg-0.0.0-py3.10.egg-info' (and everything under it)
[0.741s] Copying ../../build/data_collection_pkg/data_collection_pkg.egg-info to /home/sungbhin/hpc/install/data_collection_pkg/lib/python3.10/site-packages/data_collection_pkg-0.0.0-py3.10.egg-info
[0.742s] running install_scripts
[0.759s] Installing data_collection_node script to /home/sungbhin/hpc/install/data_collection_pkg/lib/data_collection_pkg
[0.759s] writing list of installed files to '/home/sungbhin/hpc/build/data_collection_pkg/install.log'
[0.787s] Invoked command in '/home/sungbhin/hpc/src/data_collection_pkg' returned '0': PYTHONPATH=/home/sungbhin/hpc/build/data_collection_pkg/prefix_override:/usr/lib/python3/dist-packages/colcon_core/task/python/colcon_distutils_commands:/home/sungbhin/hpc/install/data_collection_pkg/lib/python3.10/site-packages:${PYTHONPATH} /usr/bin/python3 -W ignore:setup.py install is deprecated -W ignore:easy_install command is deprecated setup.py egg_info --egg-base ../../build/data_collection_pkg build --build-base /home/sungbhin/hpc/build/data_collection_pkg/build install --record /home/sungbhin/hpc/build/data_collection_pkg/install.log --single-version-externally-managed install_data
